2025-04-04 18:59:13,457 [INFO] Activator:176 - 


2025-04-04 18:59:13,460 [INFO] Activator:177 - !SESSION log4j initialized
2025-04-04 18:59:15,009 [INFO] LogOutputStream:77 - [STDOUT_REDIRECT] 
2025-04-04 18:59:15,264 [ERROR] ConfigurationRetriever:142 - IOException on connection: sw-center.st.com
2025-04-04 18:59:15,264 [ERROR] ConfigurationRetriever:142 - IOException on connection: sw-center.st.com
2025-04-04 18:59:15,265 [ERROR] ConfigurationRetriever:142 - IOException on connection: sw-center.st.com
2025-04-04 18:59:16,972 [INFO] ApplicationProperties:184 - Using Application install path: /opt/stm32cubeide/plugins/com.st.stm32cube.common.mx_6.14.0.202502271554
2025-04-04 18:59:16,995 [INFO] DbMcusXml:78 - Set database path to: /opt/stm32cubeide/plugins/com.st.stm32cube.common.mx_6.14.0.202502271554//db//mcu/
2025-04-04 18:59:16,995 [INFO] ApiDb:274 - Set plugin database path to: /opt/stm32cubeide/plugins/com.st.stm32cube.common.mx_6.14.0.202502271554//db//plugins/boardmanager/
2025-04-04 18:59:16,996 [WARN] ApiDb:259 - Overriding images path with different value:  => /opt/stm32cubeide/plugins/com.st.stm32cube.common.mx_6.14.0.202502271554//db//plugins/mcufinder/images/
2025-04-04 18:59:17,003 [INFO] ApiDb:250 - Set database path to: /home/moonflax/.stmcufinder/plugins/mcufinder//mcu/
2025-04-04 18:59:17,005 [INFO] DbMcusAds:125 - Set database path to: /home/moonflax/.stmcufinder/plugins/mcufinder//mcu/
2025-04-04 18:59:17,008 [INFO] CrossReferenceDbSqlite:203 - Set database path to: /home/moonflax/.stmcufinder/plugins/mcufinder//mcu/cs/
2025-04-04 18:59:17,119 [INFO] RulesReader:64 - Compatibility file has been processed (301 Rules)
2025-04-04 18:59:17,180 [INFO] DbMcusXml:78 - Set database path to: /opt/stm32cubeide/plugins/com.st.stm32cube.common.mx_6.14.0.202502271554//db//mcu/
2025-04-04 18:59:17,180 [INFO] ApiDb:274 - Set plugin database path to: /opt/stm32cubeide/plugins/com.st.stm32cube.common.mx_6.14.0.202502271554//db//plugins/boardmanager/
2025-04-04 18:59:17,180 [INFO] ApiDb:261 - Set plugin images path to: /opt/stm32cubeide/plugins/com.st.stm32cube.common.mx_6.14.0.202502271554//db//plugins/mcufinder/images/
2025-04-04 18:59:17,181 [WARN] DbFile:41 - Overriding database path with different value: /home/moonflax/.stmcufinder/plugins/mcufinder/ => /home/moonflax/.stmcufinder/plugins/mcufinder
2025-04-04 18:59:17,181 [INFO] ApiDb:250 - Set database path to: /home/moonflax/.stmcufinder/plugins/mcufinder//mcu/
2025-04-04 18:59:17,181 [WARN] DbFile:41 - Overriding database path with different value: /home/moonflax/.stmcufinder/plugins/mcufinder/ => /home/moonflax/.stmcufinder/plugins/mcufinder
2025-04-04 18:59:17,181 [INFO] DbMcusAds:125 - Set database path to: /home/moonflax/.stmcufinder/plugins/mcufinder//mcu/
2025-04-04 18:59:17,181 [WARN] DbFile:41 - Overriding database path with different value: /home/moonflax/.stmcufinder/plugins/mcufinder/ => /home/moonflax/.stmcufinder/plugins/mcufinder
2025-04-04 18:59:17,181 [WARN] DbFile:41 - Overriding database path with different value: /home/moonflax/.stmcufinder/plugins/mcufinder/ => /home/moonflax/.stmcufinder/plugins/mcufinder
2025-04-04 18:59:17,181 [INFO] CrossReferenceDbSqlite:203 - Set database path to: /home/moonflax/.stmcufinder/plugins/mcufinder//mcu/cs/
2025-04-04 18:59:17,259 [INFO] MainPanel:272 - HeapMemory: 268435456
2025-04-04 18:59:17,403 [INFO] DbMcusXml:78 - Set database path to: /opt/stm32cubeide/plugins/com.st.stm32cube.common.mx_6.14.0.202502271554//db//mcu/
2025-04-04 18:59:17,403 [INFO] ApiDb:274 - Set plugin database path to: /opt/stm32cubeide/plugins/com.st.stm32cube.common.mx_6.14.0.202502271554//db//plugins/boardmanager/
2025-04-04 18:59:17,403 [INFO] ApiDb:261 - Set plugin images path to: /opt/stm32cubeide/plugins/com.st.stm32cube.common.mx_6.14.0.202502271554//db//plugins/mcufinder/images/
2025-04-04 18:59:17,403 [WARN] DbFile:41 - Overriding database path with different value: /home/moonflax/.stmcufinder/plugins/mcufinder/ => /home/moonflax/.stmcufinder/plugins/mcufinder
2025-04-04 18:59:17,403 [INFO] ApiDb:250 - Set database path to: /home/moonflax/.stmcufinder/plugins/mcufinder//mcu/
2025-04-04 18:59:17,403 [WARN] DbFile:41 - Overriding database path with different value: /home/moonflax/.stmcufinder/plugins/mcufinder/ => /home/moonflax/.stmcufinder/plugins/mcufinder
2025-04-04 18:59:17,403 [INFO] DbMcusAds:125 - Set database path to: /home/moonflax/.stmcufinder/plugins/mcufinder//mcu/
2025-04-04 18:59:17,403 [WARN] DbFile:41 - Overriding database path with different value: /home/moonflax/.stmcufinder/plugins/mcufinder/ => /home/moonflax/.stmcufinder/plugins/mcufinder
2025-04-04 18:59:17,403 [WARN] DbFile:41 - Overriding database path with different value: /home/moonflax/.stmcufinder/plugins/mcufinder/ => /home/moonflax/.stmcufinder/plugins/mcufinder
2025-04-04 18:59:17,403 [INFO] CrossReferenceDbSqlite:203 - Set database path to: /home/moonflax/.stmcufinder/plugins/mcufinder//mcu/cs/
2025-04-04 18:59:17,421 [INFO] ApplicationProperties:184 - Using Application install path: /opt/stm32cubeide/plugins/com.st.stm32cube.common.mx_6.14.0.202502271554
2025-04-04 18:59:17,423 [INFO] PluginManage:196 - Search for loadable plugins [exclusion list=, ]
2025-04-04 18:59:17,424 [INFO] PluginManage:310 - Check plugin analytics
2025-04-04 18:59:17,547 [INFO] AnalyticsPlugin:253 - Accepted Software Licenses: 
2025-04-04 18:59:17,548 [INFO] AnalyticsPlugin:255 - Accepted CMSIS Pack Licenses: 
2025-04-04 18:59:17,548 [INFO] AnalyticsPlugin:257 - Accepted Firmware Licenses: FW.L4.1.18.0
2025-04-04 18:59:17,550 [INFO] PluginManage:359 - Loaded plugin analytics (category:tool,tabindex:-1)
2025-04-04 18:59:17,550 [ERROR] ConfigurationRetriever:142 - IOException on connection: sw-center.st.com
2025-04-04 18:59:17,550 [INFO] PluginManage:310 - Check plugin cadmodel
2025-04-04 18:59:17,550 [ERROR] ConfigurationRetriever:142 - IOException on connection: sw-center.st.com
2025-04-04 18:59:17,550 [ERROR] ConfigurationRetriever:142 - IOException on connection: sw-center.st.com
2025-04-04 18:59:17,554 [INFO] CADModel:105 - Init CAD model plugin
2025-04-04 18:59:17,554 [INFO] PluginManage:359 - Loaded plugin cadmodel (category:power,tabindex:5)
2025-04-04 18:59:17,554 [INFO] PluginManage:310 - Check plugin clock
2025-04-04 18:59:17,561 [INFO] PluginManage:359 - Loaded plugin clock (category:base,tabindex:2)
2025-04-04 18:59:17,561 [INFO] PluginManage:310 - Check plugin ddr
2025-04-04 18:59:17,563 [INFO] PluginManage:359 - Loaded plugin ddr (category:tool,tabindex:6)
2025-04-04 18:59:17,563 [INFO] PluginManage:310 - Check plugin filemanager
2025-04-04 18:59:17,672 [INFO] PluginManage:359 - Loaded plugin filemanager (category:base,tabindex:10)
2025-04-04 18:59:17,673 [INFO] PluginManage:310 - Check plugin ipmanager
2025-04-04 18:59:17,676 [INFO] PluginManage:359 - Loaded plugin ipmanager (category:base,tabindex:5)
2025-04-04 18:59:17,676 [INFO] PluginManage:310 - Check plugin lpbam
2025-04-04 18:59:17,683 [INFO] PluginManage:359 - Loaded plugin lpbam (category:base,tabindex:0)
2025-04-04 18:59:17,684 [INFO] PluginManage:310 - Check plugin memorymap
2025-04-04 18:59:17,691 [INFO] PluginManage:359 - Loaded plugin memorymap (category:base,tabindex:4)
2025-04-04 18:59:17,691 [INFO] PluginManage:310 - Check plugin pinoutandconfiguration
2025-04-04 18:59:17,697 [INFO] PluginManage:359 - Loaded plugin pinoutandconfiguration (category:base,tabindex:1)
2025-04-04 18:59:17,697 [INFO] PluginManage:310 - Check plugin pinoutconfig
2025-04-04 18:59:17,749 [WARN] SupportedApi:132 - Cannot load RTOS API schema: s4s-elt-must-match.1: The content of 'definitions' must match (annotation?, (simpleType | complexType)?, (unique | key | keyref)*)). A problem was found starting at: attribute.
2025-04-04 18:59:17,837 [INFO] PluginManage:359 - Loaded plugin pinoutconfig (category:base,tabindex:0)
2025-04-04 18:59:17,837 [INFO] PluginManage:310 - Check plugin power
2025-04-04 18:59:17,844 [INFO] PluginManage:359 - Loaded plugin power (category:power,tabindex:4)
2025-04-04 18:59:17,844 [INFO] PluginManage:310 - Check plugin projectmanager
2025-04-04 18:59:17,853 [INFO] PluginManage:359 - Loaded plugin projectmanager (category:projectmanager,tabindex:4)
2025-04-04 18:59:17,854 [INFO] PluginManage:310 - Check plugin rif
2025-04-04 18:59:17,859 [INFO] PluginManage:359 - Loaded plugin rif (category:base,tabindex:3)
2025-04-04 18:59:17,859 [INFO] PluginManage:310 - Check plugin thirdparty
2025-04-04 18:59:17,936 [INFO] PluginManage:359 - Loaded plugin thirdparty (category:base,tabindex:-1)
2025-04-04 18:59:17,936 [WARN] IntegrityCheckThread:84 - waiting for thirdparty lock release [integrity check]
2025-04-04 18:59:17,936 [INFO] PluginManage:310 - Check plugin tools
2025-04-04 18:59:17,936 [INFO] IntegrityCheckThread:86 - entering critical section [integrity check]
2025-04-04 18:59:17,936 [INFO] ThirdPartyUpdaterWithRetryManager:70 - Updater plugin not ready yet. [1/15]
2025-04-04 18:59:17,937 [INFO] PluginManage:359 - Loaded plugin tools (category:base,tabindex:7)
2025-04-04 18:59:17,937 [INFO] PluginManage:310 - Check plugin tutovideos
2025-04-04 18:59:18,041 [INFO] PluginManage:359 - Loaded plugin tutovideos (category:base,tabindex:-1)
2025-04-04 18:59:18,041 [INFO] PluginManage:310 - Check plugin updater
2025-04-04 18:59:18,057 [INFO] PluginManage:359 - Loaded plugin updater (category:base,tabindex:12)
2025-04-04 18:59:18,057 [INFO] PluginManage:310 - Check plugin userauth
2025-04-04 18:59:18,060 [INFO] UserAuth:118 - Init User Auth plugin
2025-04-04 18:59:18,061 [INFO] PluginManage:359 - Loaded plugin userauth (category:base,tabindex:14)
2025-04-04 18:59:18,061 [INFO] PluginManage:283 - PluginManage : Loaded plugins [18]
2025-04-04 18:59:18,181 [INFO] PinOutPanel:1589 - setPackage(No Configuration,No Configuration)
2025-04-04 18:59:18,224 [INFO] CADModel:165 - CPN selected for project level
2025-04-04 18:59:18,224 [INFO] CADModel:114 - Register for checkConnection events
2025-04-04 18:59:18,237 [INFO] IPUIPlugin:80 - create IPUIPlugin
2025-04-04 18:59:18,237 [INFO] PluginManager:220 - loadIPPluginJar : add usbx
2025-04-04 18:59:18,239 [INFO] IPUIPlugin:80 - create IPUIPlugin
2025-04-04 18:59:18,239 [INFO] PluginManager:220 - loadIPPluginJar : add spi
2025-04-04 18:59:18,241 [INFO] IPUIPlugin:80 - create IPUIPlugin
2025-04-04 18:59:18,241 [INFO] PluginManager:220 - loadIPPluginJar : add radio
2025-04-04 18:59:18,244 [INFO] IPUIPlugin:80 - create IPUIPlugin
2025-04-04 18:59:18,244 [INFO] PluginManager:220 - loadIPPluginJar : add pdm2pcm
2025-04-04 18:59:18,246 [INFO] IPUIPlugin:80 - create IPUIPlugin
2025-04-04 18:59:18,247 [INFO] PluginManager:220 - loadIPPluginJar : add ipddr
2025-04-04 18:59:18,249 [INFO] IPUIPlugin:80 - create IPUIPlugin
2025-04-04 18:59:18,249 [INFO] PluginManager:220 - loadIPPluginJar : add i3c
2025-04-04 18:59:18,256 [INFO] IPUIPlugin:80 - create IPUIPlugin
2025-04-04 18:59:18,258 [INFO] PluginManager:220 - loadIPPluginJar : add plateformsettings
2025-04-04 18:59:18,262 [INFO] IPUIPlugin:80 - create IPUIPlugin
2025-04-04 18:59:18,262 [INFO] PluginManager:220 - loadIPPluginJar : add sai
2025-04-04 18:59:18,271 [INFO] IPUIPlugin:80 - create IPUIPlugin
2025-04-04 18:59:18,271 [INFO] PluginManager:220 - loadIPPluginJar : add adc
2025-04-04 18:59:18,276 [INFO] IPUIPlugin:80 - create IPUIPlugin
2025-04-04 18:59:18,277 [INFO] PluginManager:220 - loadIPPluginJar : add fmc
2025-04-04 18:59:18,278 [INFO] IPUIPlugin:80 - create IPUIPlugin
2025-04-04 18:59:18,279 [INFO] PluginManager:220 - loadIPPluginJar : add tsc
2025-04-04 18:59:18,283 [INFO] IPUIPlugin:80 - create IPUIPlugin
2025-04-04 18:59:18,283 [INFO] PluginManager:220 - loadIPPluginJar : add touchsensing
2025-04-04 18:59:18,291 [INFO] IPUIPlugin:80 - create IPUIPlugin
2025-04-04 18:59:18,291 [INFO] PluginManager:220 - loadIPPluginJar : add linkedlist
2025-04-04 18:59:18,294 [INFO] IPUIPlugin:80 - create IPUIPlugin
2025-04-04 18:59:18,294 [INFO] PluginManager:220 - loadIPPluginJar : add lorawan
2025-04-04 18:59:18,296 [INFO] IPUIPlugin:80 - create IPUIPlugin
2025-04-04 18:59:18,296 [INFO] PluginManager:220 - loadIPPluginJar : add tim
2025-04-04 18:59:18,298 [INFO] IPUIPlugin:80 - create IPUIPlugin
2025-04-04 18:59:18,298 [INFO] PluginManager:220 - loadIPPluginJar : add cryp
2025-04-04 18:59:18,301 [INFO] IPUIPlugin:80 - create IPUIPlugin
2025-04-04 18:59:18,301 [INFO] PluginManager:220 - loadIPPluginJar : add ddr_ctrl_phy
2025-04-04 18:59:18,305 [INFO] IPUIPlugin:80 - create IPUIPlugin
2025-04-04 18:59:18,305 [INFO] PluginManager:220 - loadIPPluginJar : add gpio
2025-04-04 18:59:18,308 [INFO] IPUIPlugin:80 - create IPUIPlugin
2025-04-04 18:59:18,308 [INFO] PluginManager:220 - loadIPPluginJar : add extmemmanager
2025-04-04 18:59:18,309 [INFO] IPUIPlugin:80 - create IPUIPlugin
2025-04-04 18:59:18,310 [INFO] PluginManager:220 - loadIPPluginJar : add aes
2025-04-04 18:59:18,312 [INFO] IPUIPlugin:80 - create IPUIPlugin
2025-04-04 18:59:18,312 [INFO] PluginManager:220 - loadIPPluginJar : add ucpd
2025-04-04 18:59:18,316 [INFO] IPUIPlugin:80 - create IPUIPlugin
2025-04-04 18:59:18,317 [INFO] PluginManager:220 - loadIPPluginJar : add resmgrutility
2025-04-04 18:59:18,319 [INFO] IPUIPlugin:80 - create IPUIPlugin
2025-04-04 18:59:18,319 [INFO] PluginManager:220 - loadIPPluginJar : add usart
2025-04-04 18:59:18,323 [INFO] IPUIPlugin:80 - create IPUIPlugin
2025-04-04 18:59:18,323 [INFO] PluginManager:220 - loadIPPluginJar : add dfsdm
2025-04-04 18:59:18,325 [INFO] IPUIPlugin:80 - create IPUIPlugin
2025-04-04 18:59:18,325 [INFO] PluginManager:220 - loadIPPluginJar : add tracer_emb
2025-04-04 18:59:18,329 [INFO] IPUIPlugin:80 - create IPUIPlugin
2025-04-04 18:59:18,329 [INFO] PluginManager:220 - loadIPPluginJar : add nvic
2025-04-04 18:59:18,331 [INFO] IPUIPlugin:80 - create IPUIPlugin
2025-04-04 18:59:18,331 [INFO] PluginManager:220 - loadIPPluginJar : add quadspi
2025-04-04 18:59:18,340 [INFO] IPUIPlugin:80 - create IPUIPlugin
2025-04-04 18:59:18,341 [INFO] PluginManager:220 - loadIPPluginJar : add dma
2025-04-04 18:59:18,344 [INFO] IPUIPlugin:80 - create IPUIPlugin
2025-04-04 18:59:18,344 [INFO] PluginManager:220 - loadIPPluginJar : add opamp
2025-04-04 18:59:18,346 [INFO] IPUIPlugin:80 - create IPUIPlugin
2025-04-04 18:59:18,346 [INFO] PluginManager:220 - loadIPPluginJar : add hash
2025-04-04 18:59:18,356 [INFO] IPUIPlugin:80 - create IPUIPlugin
2025-04-04 18:59:18,356 [INFO] PluginManager:220 - loadIPPluginJar : add mdma
2025-04-04 18:59:18,364 [INFO] IPUIPlugin:80 - create IPUIPlugin
2025-04-04 18:59:18,364 [INFO] PluginManager:220 - loadIPPluginJar : add stm32_wpan
2025-04-04 18:59:18,367 [INFO] IPUIPlugin:80 - create IPUIPlugin
2025-04-04 18:59:18,367 [INFO] PluginManager:220 - loadIPPluginJar : add can
2025-04-04 18:59:18,370 [INFO] IPUIPlugin:80 - create IPUIPlugin
2025-04-04 18:59:18,371 [INFO] PluginManager:220 - loadIPPluginJar : add i2s
2025-04-04 18:59:18,379 [INFO] IPUIPlugin:80 - create IPUIPlugin
2025-04-04 18:59:18,380 [INFO] PluginManager:220 - loadIPPluginJar : add gic
2025-04-04 18:59:18,384 [INFO] IPUIPlugin:80 - create IPUIPlugin
2025-04-04 18:59:18,384 [INFO] PluginManager:220 - loadIPPluginJar : add openamp
2025-04-04 18:59:18,388 [INFO] IPUIPlugin:80 - create IPUIPlugin
2025-04-04 18:59:18,388 [INFO] PluginManager:220 - loadIPPluginJar : add dma3
2025-04-04 18:59:18,389 [INFO] IPUIPlugin:80 - create IPUIPlugin
2025-04-04 18:59:18,389 [INFO] PluginManager:220 - loadIPPluginJar : add genericplugin
2025-04-04 18:59:18,391 [INFO] IPUIPlugin:80 - create IPUIPlugin
2025-04-04 18:59:18,391 [INFO] PluginManager:220 - loadIPPluginJar : add comp
2025-04-04 18:59:18,394 [INFO] IPUIPlugin:80 - create IPUIPlugin
2025-04-04 18:59:18,395 [INFO] PluginManager:220 - loadIPPluginJar : add ltdc
2025-04-04 18:59:18,402 [INFO] IPUIPlugin:80 - create IPUIPlugin
2025-04-04 18:59:18,403 [INFO] PluginManager:220 - loadIPPluginJar : add freertos
2025-04-04 18:59:18,406 [INFO] IPUIPlugin:80 - create IPUIPlugin
2025-04-04 18:59:18,406 [INFO] PluginManager:220 - loadIPPluginJar : add ts
2025-04-04 18:59:18,409 [INFO] IPUIPlugin:80 - create IPUIPlugin
2025-04-04 18:59:18,410 [INFO] PluginManager:220 - loadIPPluginJar : add i2c
2025-04-04 18:59:18,412 [INFO] IPUIPlugin:80 - create IPUIPlugin
2025-04-04 18:59:18,412 [INFO] PluginManager:220 - loadIPPluginJar : add gfxmmu
2025-04-04 18:59:18,416 [INFO] IPUIPlugin:80 - create IPUIPlugin
2025-04-04 18:59:18,417 [INFO] PluginManager:220 - loadIPPluginJar : add gtzc
2025-04-04 18:59:18,419 [INFO] IPUIPlugin:80 - create IPUIPlugin
2025-04-04 18:59:18,419 [INFO] PluginManager:220 - loadIPPluginJar : add fatfs
2025-04-04 18:59:18,522 [FATAL] Updater:351 - Updater called before beeing initialized
2025-04-04 18:59:18,546 [INFO] RulesReader:64 - Compatibility file has been processed (301 Rules)
2025-04-04 18:59:18,553 [INFO] RulesReader:64 - Compatibility file has been processed (301 Rules)
2025-04-04 18:59:18,559 [INFO] CADModel:165 - CPN selected for project level
2025-04-04 18:59:18,560 [INFO] CADModel:114 - Register for checkConnection events
2025-04-04 18:59:18,560 [FATAL] Updater:351 - Updater called before beeing initialized
2025-04-04 18:59:18,560 [ERROR] CADModel:125 - Updater not yet initialized, retry later 
2025-04-04 18:59:18,650 [FATAL] Updater:351 - Updater called before beeing initialized
2025-04-04 18:59:18,651 [INFO] CADModel:165 - CPN selected for project level
2025-04-04 18:59:18,651 [INFO] CADModel:114 - Register for checkConnection events
2025-04-04 18:59:18,651 [FATAL] Updater:351 - Updater called before beeing initialized
2025-04-04 18:59:18,651 [ERROR] CADModel:125 - Updater not yet initialized, retry later 
2025-04-04 18:59:18,653 [FATAL] Updater:351 - Updater called before beeing initialized
2025-04-04 18:59:18,711 [FATAL] Updater:351 - Updater called before beeing initialized
2025-04-04 18:59:18,714 [INFO] DbMcusAds:53 - JSON generation date=Thu Mar 06 11:54:22 CLST 2025 (1741272862204)
2025-04-04 18:59:18,714 [FATAL] Updater:351 - Updater called before beeing initialized
2025-04-04 18:59:18,738 [WARN] DetailPanel:346 - Failed to get advertising image, set to default
2025-04-04 18:59:18,916 [FATAL] Updater:351 - Updater called before beeing initialized
2025-04-04 18:59:18,917 [FATAL] Updater:351 - Updater called before beeing initialized
2025-04-04 18:59:18,917 [FATAL] Updater:351 - Updater called before beeing initialized
2025-04-04 18:59:18,917 [WARN] DetailPanel:346 - Failed to get advertising image, set to default
2025-04-04 18:59:18,918 [FATAL] Updater:351 - Updater called before beeing initialized
2025-04-04 18:59:18,939 [ERROR] Updater:1198 - MainUpdater not yet initialized. External WinMGr cannot be set.
2025-04-04 18:59:18,941 [INFO] Updater:1134 - Updater Version found : 6.14.0
2025-04-04 18:59:18,956 [INFO] ApplicationProperties:184 - Using Application install path: /opt/stm32cubeide/plugins/com.st.stm32cube.common.mx_6.14.0.202502271554
2025-04-04 18:59:19,081 [INFO] MainUpdater:2872 - connection check result : 22
2025-04-04 18:59:19,082 [INFO] MainUpdater:289 - Updater Check For Update Now.
2025-04-04 18:59:19,082 [INFO] MicroXplorer:498 - Change Database Version : DB.6.0.140
2025-04-04 18:59:19,085 [INFO] McuFinderGlobals:63 - Set McuFinder mode to 2 (CubeIDE integrated)
2025-04-04 18:59:19,086 [INFO] UserAuth:486 - Internet connection configuration mode: 2
2025-04-04 18:59:19,090 [INFO] UserAuth:486 - Internet connection configuration mode: 2
2025-04-04 18:59:19,245 [INFO] CheckServerUpdateThread:120 - End of CheckServer Thread
2025-04-04 18:59:19,457 [ERROR] ConfigurationRetriever:142 - IOException on connection: sw-center.st.com
2025-04-04 18:59:19,458 [ERROR] ConfigurationRetriever:142 - IOException on connection: sw-center.st.com
2025-04-04 18:59:19,458 [ERROR] ConfigurationRetriever:142 - IOException on connection: sw-center.st.com
