2025-03-27 13:30:34,049 [INFO] Activator:176 - 


2025-03-27 13:30:34,053 [INFO] Activator:177 - !SESSION log4j initialized
2025-03-27 13:30:37,463 [INFO] LogOutputStream:77 - [STDOUT_REDIRECT] 
2025-03-27 13:30:38,386 [INFO] ApplicationProperties:184 - Using Application install path: /opt/stm32cubeide/plugins/com.st.stm32cube.common.mx_6.14.0.202502271554
2025-03-27 13:30:38,401 [INFO] DbMcusXml:78 - Set database path to: /opt/stm32cubeide/plugins/com.st.stm32cube.common.mx_6.14.0.202502271554//db//mcu/
2025-03-27 13:30:38,401 [INFO] ApiDb:274 - Set plugin database path to: /opt/stm32cubeide/plugins/com.st.stm32cube.common.mx_6.14.0.202502271554//db//plugins/boardmanager/
2025-03-27 13:30:38,401 [WARN] ApiDb:259 - Overriding images path with different value:  => /opt/stm32cubeide/plugins/com.st.stm32cube.common.mx_6.14.0.202502271554//db//plugins/mcufinder/images/
2025-03-27 13:30:38,407 [INFO] ApiDb:250 - Set database path to: /home/moonflax/.stmcufinder/plugins/mcufinder//mcu/
2025-03-27 13:30:38,407 [INFO] DbMcusAds:125 - Set database path to: /home/moonflax/.stmcufinder/plugins/mcufinder//mcu/
2025-03-27 13:30:38,409 [INFO] CrossReferenceDbSqlite:203 - Set database path to: /home/moonflax/.stmcufinder/plugins/mcufinder//mcu/cs/
2025-03-27 13:30:38,486 [INFO] RulesReader:64 - Compatibility file has been processed (301 Rules)
2025-03-27 13:30:38,527 [INFO] DbMcusXml:78 - Set database path to: /opt/stm32cubeide/plugins/com.st.stm32cube.common.mx_6.14.0.202502271554//db//mcu/
2025-03-27 13:30:38,527 [INFO] ApiDb:274 - Set plugin database path to: /opt/stm32cubeide/plugins/com.st.stm32cube.common.mx_6.14.0.202502271554//db//plugins/boardmanager/
2025-03-27 13:30:38,527 [INFO] ApiDb:261 - Set plugin images path to: /opt/stm32cubeide/plugins/com.st.stm32cube.common.mx_6.14.0.202502271554//db//plugins/mcufinder/images/
2025-03-27 13:30:38,527 [WARN] DbFile:41 - Overriding database path with different value: /home/moonflax/.stmcufinder/plugins/mcufinder/ => /home/moonflax/.stmcufinder/plugins/mcufinder
2025-03-27 13:30:38,527 [INFO] ApiDb:250 - Set database path to: /home/moonflax/.stmcufinder/plugins/mcufinder//mcu/
2025-03-27 13:30:38,527 [WARN] DbFile:41 - Overriding database path with different value: /home/moonflax/.stmcufinder/plugins/mcufinder/ => /home/moonflax/.stmcufinder/plugins/mcufinder
2025-03-27 13:30:38,527 [INFO] DbMcusAds:125 - Set database path to: /home/moonflax/.stmcufinder/plugins/mcufinder//mcu/
2025-03-27 13:30:38,527 [WARN] DbFile:41 - Overriding database path with different value: /home/moonflax/.stmcufinder/plugins/mcufinder/ => /home/moonflax/.stmcufinder/plugins/mcufinder
2025-03-27 13:30:38,528 [WARN] DbFile:41 - Overriding database path with different value: /home/moonflax/.stmcufinder/plugins/mcufinder/ => /home/moonflax/.stmcufinder/plugins/mcufinder
2025-03-27 13:30:38,528 [INFO] CrossReferenceDbSqlite:203 - Set database path to: /home/moonflax/.stmcufinder/plugins/mcufinder//mcu/cs/
2025-03-27 13:30:38,573 [INFO] MainPanel:272 - HeapMemory: 268435456
2025-03-27 13:30:38,668 [INFO] DbMcusXml:78 - Set database path to: /opt/stm32cubeide/plugins/com.st.stm32cube.common.mx_6.14.0.202502271554//db//mcu/
2025-03-27 13:30:38,669 [INFO] ApiDb:274 - Set plugin database path to: /opt/stm32cubeide/plugins/com.st.stm32cube.common.mx_6.14.0.202502271554//db//plugins/boardmanager/
2025-03-27 13:30:38,669 [INFO] ApiDb:261 - Set plugin images path to: /opt/stm32cubeide/plugins/com.st.stm32cube.common.mx_6.14.0.202502271554//db//plugins/mcufinder/images/
2025-03-27 13:30:38,669 [WARN] DbFile:41 - Overriding database path with different value: /home/moonflax/.stmcufinder/plugins/mcufinder/ => /home/moonflax/.stmcufinder/plugins/mcufinder
2025-03-27 13:30:38,669 [INFO] ApiDb:250 - Set database path to: /home/moonflax/.stmcufinder/plugins/mcufinder//mcu/
2025-03-27 13:30:38,669 [WARN] DbFile:41 - Overriding database path with different value: /home/moonflax/.stmcufinder/plugins/mcufinder/ => /home/moonflax/.stmcufinder/plugins/mcufinder
2025-03-27 13:30:38,669 [INFO] DbMcusAds:125 - Set database path to: /home/moonflax/.stmcufinder/plugins/mcufinder//mcu/
2025-03-27 13:30:38,669 [WARN] DbFile:41 - Overriding database path with different value: /home/moonflax/.stmcufinder/plugins/mcufinder/ => /home/moonflax/.stmcufinder/plugins/mcufinder
2025-03-27 13:30:38,669 [WARN] DbFile:41 - Overriding database path with different value: /home/moonflax/.stmcufinder/plugins/mcufinder/ => /home/moonflax/.stmcufinder/plugins/mcufinder
2025-03-27 13:30:38,669 [INFO] CrossReferenceDbSqlite:203 - Set database path to: /home/moonflax/.stmcufinder/plugins/mcufinder//mcu/cs/
2025-03-27 13:30:38,680 [INFO] ApplicationProperties:184 - Using Application install path: /opt/stm32cubeide/plugins/com.st.stm32cube.common.mx_6.14.0.202502271554
2025-03-27 13:30:38,681 [INFO] PluginManage:196 - Search for loadable plugins [exclusion list=, ]
2025-03-27 13:30:38,682 [INFO] PluginManage:310 - Check plugin analytics
2025-03-27 13:30:38,782 [INFO] AnalyticsPlugin:253 - Accepted Software Licenses: 
2025-03-27 13:30:38,782 [INFO] AnalyticsPlugin:255 - Accepted CMSIS Pack Licenses: 
2025-03-27 13:30:38,782 [INFO] AnalyticsPlugin:257 - Accepted Firmware Licenses: FW.L4.1.18.0
2025-03-27 13:30:38,784 [INFO] PluginManage:359 - Loaded plugin analytics (category:tool,tabindex:-1)
2025-03-27 13:30:38,784 [INFO] PluginManage:310 - Check plugin cadmodel
2025-03-27 13:30:38,789 [INFO] CADModel:105 - Init CAD model plugin
2025-03-27 13:30:38,789 [INFO] PluginManage:359 - Loaded plugin cadmodel (category:power,tabindex:5)
2025-03-27 13:30:38,789 [INFO] PluginManage:310 - Check plugin clock
2025-03-27 13:30:38,799 [INFO] PluginManage:359 - Loaded plugin clock (category:base,tabindex:2)
2025-03-27 13:30:38,799 [INFO] PluginManage:310 - Check plugin ddr
2025-03-27 13:30:38,802 [INFO] PluginManage:359 - Loaded plugin ddr (category:tool,tabindex:6)
2025-03-27 13:30:38,803 [INFO] PluginManage:310 - Check plugin filemanager
2025-03-27 13:30:38,908 [INFO] PluginManage:359 - Loaded plugin filemanager (category:base,tabindex:10)
2025-03-27 13:30:38,908 [INFO] PluginManage:310 - Check plugin ipmanager
2025-03-27 13:30:38,912 [INFO] PluginManage:359 - Loaded plugin ipmanager (category:base,tabindex:5)
2025-03-27 13:30:38,912 [INFO] PluginManage:310 - Check plugin lpbam
2025-03-27 13:30:38,920 [INFO] PluginManage:359 - Loaded plugin lpbam (category:base,tabindex:0)
2025-03-27 13:30:38,920 [INFO] PluginManage:310 - Check plugin memorymap
2025-03-27 13:30:38,943 [INFO] PluginManage:359 - Loaded plugin memorymap (category:base,tabindex:4)
2025-03-27 13:30:38,944 [INFO] PluginManage:310 - Check plugin pinoutandconfiguration
2025-03-27 13:30:38,951 [INFO] PluginManage:359 - Loaded plugin pinoutandconfiguration (category:base,tabindex:1)
2025-03-27 13:30:38,952 [INFO] PluginManage:310 - Check plugin pinoutconfig
2025-03-27 13:30:39,006 [WARN] SupportedApi:132 - Cannot load RTOS API schema: s4s-elt-must-match.1: The content of 'definitions' must match (annotation?, (simpleType | complexType)?, (unique | key | keyref)*)). A problem was found starting at: attribute.
2025-03-27 13:30:39,087 [INFO] PluginManage:359 - Loaded plugin pinoutconfig (category:base,tabindex:0)
2025-03-27 13:30:39,087 [INFO] PluginManage:310 - Check plugin power
2025-03-27 13:30:39,094 [INFO] PluginManage:359 - Loaded plugin power (category:power,tabindex:4)
2025-03-27 13:30:39,094 [INFO] PluginManage:310 - Check plugin projectmanager
2025-03-27 13:30:39,103 [INFO] PluginManage:359 - Loaded plugin projectmanager (category:projectmanager,tabindex:4)
2025-03-27 13:30:39,103 [INFO] PluginManage:310 - Check plugin rif
2025-03-27 13:30:39,109 [INFO] PluginManage:359 - Loaded plugin rif (category:base,tabindex:3)
2025-03-27 13:30:39,109 [INFO] PluginManage:310 - Check plugin thirdparty
2025-03-27 13:30:39,193 [INFO] PluginManage:359 - Loaded plugin thirdparty (category:base,tabindex:-1)
2025-03-27 13:30:39,193 [WARN] IntegrityCheckThread:84 - waiting for thirdparty lock release [integrity check]
2025-03-27 13:30:39,193 [INFO] PluginManage:310 - Check plugin tools
2025-03-27 13:30:39,193 [INFO] IntegrityCheckThread:86 - entering critical section [integrity check]
2025-03-27 13:30:39,193 [INFO] ThirdPartyUpdaterWithRetryManager:70 - Updater plugin not ready yet. [1/15]
2025-03-27 13:30:39,195 [INFO] PluginManage:359 - Loaded plugin tools (category:base,tabindex:7)
2025-03-27 13:30:39,195 [INFO] PluginManage:310 - Check plugin tutovideos
2025-03-27 13:30:39,306 [INFO] PluginManage:359 - Loaded plugin tutovideos (category:base,tabindex:-1)
2025-03-27 13:30:39,306 [INFO] PluginManage:310 - Check plugin updater
2025-03-27 13:30:39,323 [INFO] PluginManage:359 - Loaded plugin updater (category:base,tabindex:12)
2025-03-27 13:30:39,323 [INFO] PluginManage:310 - Check plugin userauth
2025-03-27 13:30:39,326 [INFO] UserAuth:118 - Init User Auth plugin
2025-03-27 13:30:39,326 [INFO] PluginManage:359 - Loaded plugin userauth (category:base,tabindex:14)
2025-03-27 13:30:39,327 [INFO] PluginManage:283 - PluginManage : Loaded plugins [18]
2025-03-27 13:30:39,440 [INFO] PinOutPanel:1589 - setPackage(No Configuration,No Configuration)
2025-03-27 13:30:39,497 [INFO] CADModel:165 - CPN selected for project level
2025-03-27 13:30:39,497 [INFO] CADModel:114 - Register for checkConnection events
2025-03-27 13:30:39,513 [INFO] IPUIPlugin:80 - create IPUIPlugin
2025-03-27 13:30:39,513 [INFO] PluginManager:220 - loadIPPluginJar : add usbx
2025-03-27 13:30:39,516 [INFO] IPUIPlugin:80 - create IPUIPlugin
2025-03-27 13:30:39,516 [INFO] PluginManager:220 - loadIPPluginJar : add spi
2025-03-27 13:30:39,518 [INFO] IPUIPlugin:80 - create IPUIPlugin
2025-03-27 13:30:39,518 [INFO] PluginManager:220 - loadIPPluginJar : add radio
2025-03-27 13:30:39,520 [INFO] IPUIPlugin:80 - create IPUIPlugin
2025-03-27 13:30:39,520 [INFO] PluginManager:220 - loadIPPluginJar : add pdm2pcm
2025-03-27 13:30:39,524 [INFO] IPUIPlugin:80 - create IPUIPlugin
2025-03-27 13:30:39,524 [INFO] PluginManager:220 - loadIPPluginJar : add ipddr
2025-03-27 13:30:39,527 [INFO] IPUIPlugin:80 - create IPUIPlugin
2025-03-27 13:30:39,527 [INFO] PluginManager:220 - loadIPPluginJar : add i3c
2025-03-27 13:30:39,533 [INFO] IPUIPlugin:80 - create IPUIPlugin
2025-03-27 13:30:39,536 [INFO] PluginManager:220 - loadIPPluginJar : add plateformsettings
2025-03-27 13:30:39,539 [INFO] IPUIPlugin:80 - create IPUIPlugin
2025-03-27 13:30:39,539 [INFO] PluginManager:220 - loadIPPluginJar : add sai
2025-03-27 13:30:39,548 [INFO] IPUIPlugin:80 - create IPUIPlugin
2025-03-27 13:30:39,548 [INFO] PluginManager:220 - loadIPPluginJar : add adc
2025-03-27 13:30:39,552 [INFO] IPUIPlugin:80 - create IPUIPlugin
2025-03-27 13:30:39,552 [INFO] PluginManager:220 - loadIPPluginJar : add fmc
2025-03-27 13:30:39,553 [INFO] IPUIPlugin:80 - create IPUIPlugin
2025-03-27 13:30:39,553 [INFO] PluginManager:220 - loadIPPluginJar : add tsc
2025-03-27 13:30:39,555 [INFO] IPUIPlugin:80 - create IPUIPlugin
2025-03-27 13:30:39,556 [INFO] PluginManager:220 - loadIPPluginJar : add touchsensing
2025-03-27 13:30:39,561 [INFO] IPUIPlugin:80 - create IPUIPlugin
2025-03-27 13:30:39,561 [INFO] PluginManager:220 - loadIPPluginJar : add linkedlist
2025-03-27 13:30:39,563 [INFO] IPUIPlugin:80 - create IPUIPlugin
2025-03-27 13:30:39,563 [INFO] PluginManager:220 - loadIPPluginJar : add lorawan
2025-03-27 13:30:39,564 [INFO] IPUIPlugin:80 - create IPUIPlugin
2025-03-27 13:30:39,564 [INFO] PluginManager:220 - loadIPPluginJar : add tim
2025-03-27 13:30:39,566 [INFO] IPUIPlugin:80 - create IPUIPlugin
2025-03-27 13:30:39,566 [INFO] PluginManager:220 - loadIPPluginJar : add cryp
2025-03-27 13:30:39,570 [INFO] IPUIPlugin:80 - create IPUIPlugin
2025-03-27 13:30:39,570 [INFO] PluginManager:220 - loadIPPluginJar : add ddr_ctrl_phy
2025-03-27 13:30:39,573 [INFO] IPUIPlugin:80 - create IPUIPlugin
2025-03-27 13:30:39,574 [INFO] PluginManager:220 - loadIPPluginJar : add gpio
2025-03-27 13:30:39,575 [INFO] IPUIPlugin:80 - create IPUIPlugin
2025-03-27 13:30:39,576 [INFO] PluginManager:220 - loadIPPluginJar : add extmemmanager
2025-03-27 13:30:39,577 [INFO] IPUIPlugin:80 - create IPUIPlugin
2025-03-27 13:30:39,577 [INFO] PluginManager:220 - loadIPPluginJar : add aes
2025-03-27 13:30:39,579 [INFO] IPUIPlugin:80 - create IPUIPlugin
2025-03-27 13:30:39,579 [INFO] PluginManager:220 - loadIPPluginJar : add ucpd
2025-03-27 13:30:39,583 [INFO] IPUIPlugin:80 - create IPUIPlugin
2025-03-27 13:30:39,583 [INFO] PluginManager:220 - loadIPPluginJar : add resmgrutility
2025-03-27 13:30:39,585 [INFO] IPUIPlugin:80 - create IPUIPlugin
2025-03-27 13:30:39,585 [INFO] PluginManager:220 - loadIPPluginJar : add usart
2025-03-27 13:30:39,586 [INFO] IPUIPlugin:80 - create IPUIPlugin
2025-03-27 13:30:39,586 [INFO] PluginManager:220 - loadIPPluginJar : add dfsdm
2025-03-27 13:30:39,588 [INFO] IPUIPlugin:80 - create IPUIPlugin
2025-03-27 13:30:39,588 [INFO] PluginManager:220 - loadIPPluginJar : add tracer_emb
2025-03-27 13:30:39,590 [INFO] IPUIPlugin:80 - create IPUIPlugin
2025-03-27 13:30:39,590 [INFO] PluginManager:220 - loadIPPluginJar : add nvic
2025-03-27 13:30:39,591 [INFO] IPUIPlugin:80 - create IPUIPlugin
2025-03-27 13:30:39,591 [INFO] PluginManager:220 - loadIPPluginJar : add quadspi
2025-03-27 13:30:39,596 [INFO] IPUIPlugin:80 - create IPUIPlugin
2025-03-27 13:30:39,596 [INFO] PluginManager:220 - loadIPPluginJar : add dma
2025-03-27 13:30:39,598 [INFO] IPUIPlugin:80 - create IPUIPlugin
2025-03-27 13:30:39,599 [INFO] PluginManager:220 - loadIPPluginJar : add opamp
2025-03-27 13:30:39,600 [INFO] IPUIPlugin:80 - create IPUIPlugin
2025-03-27 13:30:39,600 [INFO] PluginManager:220 - loadIPPluginJar : add hash
2025-03-27 13:30:39,605 [INFO] IPUIPlugin:80 - create IPUIPlugin
2025-03-27 13:30:39,605 [INFO] PluginManager:220 - loadIPPluginJar : add mdma
2025-03-27 13:30:39,610 [INFO] IPUIPlugin:80 - create IPUIPlugin
2025-03-27 13:30:39,610 [INFO] PluginManager:220 - loadIPPluginJar : add stm32_wpan
2025-03-27 13:30:39,611 [INFO] IPUIPlugin:80 - create IPUIPlugin
2025-03-27 13:30:39,612 [INFO] PluginManager:220 - loadIPPluginJar : add can
2025-03-27 13:30:39,613 [INFO] IPUIPlugin:80 - create IPUIPlugin
2025-03-27 13:30:39,614 [INFO] PluginManager:220 - loadIPPluginJar : add i2s
2025-03-27 13:30:39,618 [INFO] IPUIPlugin:80 - create IPUIPlugin
2025-03-27 13:30:39,618 [INFO] PluginManager:220 - loadIPPluginJar : add gic
2025-03-27 13:30:39,620 [INFO] IPUIPlugin:80 - create IPUIPlugin
2025-03-27 13:30:39,621 [INFO] PluginManager:220 - loadIPPluginJar : add openamp
2025-03-27 13:30:39,623 [INFO] IPUIPlugin:80 - create IPUIPlugin
2025-03-27 13:30:39,623 [INFO] PluginManager:220 - loadIPPluginJar : add dma3
2025-03-27 13:30:39,624 [INFO] IPUIPlugin:80 - create IPUIPlugin
2025-03-27 13:30:39,624 [INFO] PluginManager:220 - loadIPPluginJar : add genericplugin
2025-03-27 13:30:39,625 [INFO] IPUIPlugin:80 - create IPUIPlugin
2025-03-27 13:30:39,625 [INFO] PluginManager:220 - loadIPPluginJar : add comp
2025-03-27 13:30:39,626 [INFO] IPUIPlugin:80 - create IPUIPlugin
2025-03-27 13:30:39,626 [INFO] PluginManager:220 - loadIPPluginJar : add ltdc
2025-03-27 13:30:39,632 [INFO] IPUIPlugin:80 - create IPUIPlugin
2025-03-27 13:30:39,632 [INFO] PluginManager:220 - loadIPPluginJar : add freertos
2025-03-27 13:30:39,633 [INFO] IPUIPlugin:80 - create IPUIPlugin
2025-03-27 13:30:39,633 [INFO] PluginManager:220 - loadIPPluginJar : add ts
2025-03-27 13:30:39,635 [INFO] IPUIPlugin:80 - create IPUIPlugin
2025-03-27 13:30:39,635 [INFO] PluginManager:220 - loadIPPluginJar : add i2c
2025-03-27 13:30:39,637 [INFO] IPUIPlugin:80 - create IPUIPlugin
2025-03-27 13:30:39,637 [INFO] PluginManager:220 - loadIPPluginJar : add gfxmmu
2025-03-27 13:30:39,639 [INFO] IPUIPlugin:80 - create IPUIPlugin
2025-03-27 13:30:39,639 [INFO] PluginManager:220 - loadIPPluginJar : add gtzc
2025-03-27 13:30:39,639 [INFO] IPUIPlugin:80 - create IPUIPlugin
2025-03-27 13:30:39,640 [INFO] PluginManager:220 - loadIPPluginJar : add fatfs
2025-03-27 13:30:39,731 [FATAL] Updater:351 - Updater called before beeing initialized
2025-03-27 13:30:39,750 [INFO] RulesReader:64 - Compatibility file has been processed (301 Rules)
2025-03-27 13:30:39,757 [INFO] RulesReader:64 - Compatibility file has been processed (301 Rules)
2025-03-27 13:30:39,762 [INFO] CADModel:165 - CPN selected for project level
2025-03-27 13:30:39,762 [INFO] CADModel:114 - Register for checkConnection events
2025-03-27 13:30:39,762 [FATAL] Updater:351 - Updater called before beeing initialized
2025-03-27 13:30:39,762 [ERROR] CADModel:125 - Updater not yet initialized, retry later 
2025-03-27 13:30:39,851 [FATAL] Updater:351 - Updater called before beeing initialized
2025-03-27 13:30:39,853 [INFO] CADModel:165 - CPN selected for project level
2025-03-27 13:30:39,853 [INFO] CADModel:114 - Register for checkConnection events
2025-03-27 13:30:39,853 [FATAL] Updater:351 - Updater called before beeing initialized
2025-03-27 13:30:39,853 [ERROR] CADModel:125 - Updater not yet initialized, retry later 
2025-03-27 13:30:39,856 [FATAL] Updater:351 - Updater called before beeing initialized
2025-03-27 13:30:39,919 [FATAL] Updater:351 - Updater called before beeing initialized
2025-03-27 13:30:39,922 [INFO] DbMcusAds:53 - JSON generation date=Thu Mar 06 11:54:21 CLST 2025 (1741272861825)
2025-03-27 13:30:39,923 [FATAL] Updater:351 - Updater called before beeing initialized
2025-03-27 13:30:39,948 [WARN] DetailPanel:346 - Failed to get advertising image, set to default
2025-03-27 13:30:40,138 [FATAL] Updater:351 - Updater called before beeing initialized
2025-03-27 13:30:40,139 [FATAL] Updater:351 - Updater called before beeing initialized
2025-03-27 13:30:40,139 [FATAL] Updater:351 - Updater called before beeing initialized
2025-03-27 13:30:40,140 [WARN] DetailPanel:346 - Failed to get advertising image, set to default
2025-03-27 13:30:40,140 [FATAL] Updater:351 - Updater called before beeing initialized
2025-03-27 13:30:40,166 [ERROR] Updater:1198 - MainUpdater not yet initialized. External WinMGr cannot be set.
2025-03-27 13:30:40,167 [INFO] Updater:1134 - Updater Version found : 6.14.0
2025-03-27 13:30:40,181 [INFO] ApplicationProperties:184 - Using Application install path: /opt/stm32cubeide/plugins/com.st.stm32cube.common.mx_6.14.0.202502271554
2025-03-27 13:30:40,376 [INFO] MainUpdater:2872 - connection check result : 10
2025-03-27 13:30:40,376 [INFO] MainUpdater:289 - Updater Check For Update Now.
2025-03-27 13:30:40,376 [INFO] MicroXplorer:498 - Change Database Version : DB.6.0.140
2025-03-27 13:30:40,380 [INFO] McuFinderGlobals:63 - Set McuFinder mode to 2 (CubeIDE integrated)
2025-03-27 13:30:40,381 [INFO] UserAuth:486 - Internet connection configuration mode: 1
2025-03-27 13:30:40,399 [INFO] JxBrowserEngine:152 - Initiate JxBrowser Engine with user profile folder
2025-03-27 13:30:40,528 [INFO] CheckServerUpdateThread:120 - End of CheckServer Thread
2025-03-27 13:30:41,022 [INFO] WebApp:169 - Instantiating new browser for Auth
2025-03-27 13:30:41,466 [INFO] WebApp:463 - Apply proxy settings
2025-03-27 13:30:41,466 [INFO] WebApp:548 - Chromium requires no authentication
2025-03-27 13:30:41,471 [INFO] WebApp:491 - Direct internet connection detected
2025-03-27 13:30:41,483 [INFO] WebApp:894 - Register for checkConnection events
2025-03-27 13:30:41,483 [INFO] WebApp:463 - Apply proxy settings
2025-03-27 13:30:41,483 [INFO] WebApp:548 - Chromium requires no authentication
2025-03-27 13:30:41,483 [INFO] WebApp:491 - Direct internet connection detected
2025-03-27 13:30:41,563 [INFO] WebApp:225 - Starting web application
2025-03-27 13:30:41,564 [INFO] WebApp:593 - Web application path used /opt/stm32cubeide/plugins/com.st.stm32cube.common.mx_6.14.0.202502271554/db/plugins/mcufinder/reactClient1/index.html
2025-03-27 13:30:41,671 [INFO] WebApp:191 - Connection restablished
2025-03-27 13:30:42,283 [WARN] PackLoader:240 - Cannot read IP mode file for STMicroelectronics.FP-SNS-MOTENVWB1.1.4.0
2025-03-27 13:30:42,287 [WARN] PackLoader:240 - Cannot read IP mode file for STMicroelectronics.FP-ATR-ASTRA1.2.0.2
2025-03-27 13:30:42,291 [WARN] PackLoader:240 - Cannot read IP mode file for STMicroelectronics.X-CUBE-SMBUS.2.1.0
2025-03-27 13:30:42,309 [WARN] PackLoader:240 - Cannot read IP mode file for STMicroelectronics.X-CUBE-WB05N.1.1.0
2025-03-27 13:30:42,339 [WARN] PackLoader:240 - Cannot read IP mode file for STMicroelectronics.X-CUBE-AZRTOS-F7.1.1.0
2025-03-27 13:30:42,378 [WARN] PackLoader:240 - Cannot read IP mode file for Infineon.AIROC-Wi-Fi-Bluetooth-STM32.1.7.0
2025-03-27 13:30:42,391 [WARN] PackLoader:240 - Cannot read IP mode file for STMicroelectronics.X-CUBE-DISPLAY.3.0.0
2025-03-27 13:30:42,400 [WARN] PackLoader:240 - Cannot read IP mode file for STMicroelectronics.X-CUBE-NFC10.1.0.0
2025-03-27 13:30:42,408 [WARN] PackLoader:240 - Cannot read IP mode file for STMicroelectronics.X-CUBE-BLEMGR.4.0.0
2025-03-27 13:30:42,414 [WARN] PackLoader:240 - Cannot read IP mode file for emotas.I-CUBE-CANOPEN.1.3.0
2025-03-27 13:30:42,417 [WARN] ConditionMgr:438 - getConditionDescription Invalid condition id : Cortex-A Device cause : null
2025-03-27 13:30:42,425 [WARN] ConditionMgr:1044 - genDependencies : Invalid condition id : Cortex-A Device cause : null
2025-03-27 13:30:42,425 [WARN] ConditionMgr:1044 - genDependencies : Invalid condition id : Cortex-A Device cause : null
2025-03-27 13:30:42,425 [WARN] ConditionMgr:1044 - genDependencies : Invalid condition id : Cortex-A Device cause : null
2025-03-27 13:30:42,428 [WARN] PackLoader:240 - Cannot read IP mode file for STMicroelectronics.X-CUBE-AI.10.0.0
2025-03-27 13:30:42,430 [WARN] PackLoader:240 - Cannot read IP mode file for STMicroelectronics.FP-SNS-SMARTAG2.1.2.0
2025-03-27 13:30:42,433 [WARN] PackLoader:240 - Cannot read IP mode file for STMicroelectronics.FP-SNS-FLIGHT1.5.1.0
2025-03-27 13:30:42,467 [WARN] PackLoader:240 - Cannot read IP mode file for STMicroelectronics.X-CUBE-MEMS1.11.1.0
2025-03-27 13:30:42,571 [INFO] LogOutputStream:77 - [STDOUT_REDIRECT] 1 : Invalid condition id : UX_CORESTACK_Condition cause : null
2025-03-27 13:30:42,572 [INFO] LogOutputStream:77 - [STDOUT_REDIRECT] 1 : Invalid condition id : UX_CORESTACK_Condition cause : null
2025-03-27 13:30:42,572 [INFO] LogOutputStream:77 - [STDOUT_REDIRECT] 1 : Invalid condition id : UX_CORESTACK_Condition cause : null
2025-03-27 13:30:42,572 [INFO] LogOutputStream:77 - [STDOUT_REDIRECT] 1 : Invalid condition id : UX_CORESTACK_Condition cause : null
2025-03-27 13:30:42,572 [INFO] LogOutputStream:77 - [STDOUT_REDIRECT] 1 : Invalid condition id : UX_CORESTACK_Condition cause : null
2025-03-27 13:30:42,573 [WARN] PackLoader:240 - Cannot read IP mode file for STMicroelectronics.X-CUBE-AZRTOS-WL.2.0.0
2025-03-27 13:30:42,577 [WARN] PackLoader:240 - Cannot read IP mode file for STMicroelectronics.FP-SNS-MOTENV1.5.0.0
2025-03-27 13:30:42,582 [WARN] PackLoader:240 - Cannot read IP mode file for WES.I-CUBE-Cesium.1.3.0
2025-03-27 13:30:42,585 [WARN] PackLoader:240 - Cannot read IP mode file for STMicroelectronics.X-CUBE-BLE2.3.3.0
2025-03-27 13:30:42,589 [WARN] PackLoader:240 - Cannot read IP mode file for STMicroelectronics.X-CUBE-NFC9.1.0.0
2025-03-27 13:30:42,592 [WARN] PackLoader:240 - Cannot read IP mode file for STMicroelectronics.X-CUBE-BLE1.7.1.0
2025-03-27 13:30:42,595 [WARN] PackLoader:240 - Cannot read IP mode file for wolfSSL.I-CUBE-wolfMQTT.1.19.2
2025-03-27 13:30:42,603 [WARN] PackLoader:240 - Cannot read IP mode file for STMicroelectronics.X-CUBE-AZRTOS-G0.1.1.0
2025-03-27 13:30:42,608 [WARN] PackLoader:240 - Cannot read IP mode file for STMicroelectronics.X-CUBE-SAFEA1.1.2.2
2025-03-27 13:30:42,611 [WARN] PackLoader:240 - Cannot read IP mode file for STMicroelectronics.X-CUBE-NFC4.3.0.0
2025-03-27 13:30:42,623 [WARN] PackLoader:240 - Cannot read IP mode file for EmbeddedOffice.I-CUBE-FS-RTOS.1.0.1
2025-03-27 13:30:42,626 [WARN] PackLoader:240 - Cannot read IP mode file for wolfSSL.I-CUBE-wolfTPM.3.8.0
2025-03-27 13:30:42,629 [WARN] PackLoader:240 - Cannot read IP mode file for STMicroelectronics.X-CUBE-TCPP.4.2.0
2025-03-27 13:30:42,632 [WARN] PackLoader:240 - Cannot read IP mode file for RealThread.X-CUBE-RT-Thread_Nano.4.1.1
2025-03-27 13:30:42,634 [WARN] PackLoader:240 - Cannot read IP mode file for STMicroelectronics.FP-ATR-SIGFOX1.3.2.0
2025-03-27 13:30:42,639 [WARN] PackLoader:240 - Cannot read IP mode file for STMicroelectronics.X-CUBE-EEPRMA1.5.1.0
2025-03-27 13:30:42,642 [WARN] PackLoader:240 - Cannot read IP mode file for wolfSSL.I-CUBE-wolfSSL.5.7.6
2025-03-27 13:30:42,646 [WARN] PackLoader:240 - Cannot read IP mode file for ITTIA_DB.I-CUBE-ITTIADB.8.9.0
2025-03-27 13:30:42,662 [WARN] PackLoader:240 - Cannot read IP mode file for SEGGER.I-CUBE-embOS.1.3.1
2025-03-27 13:30:42,698 [WARN] PackLoader:240 - Cannot read IP mode file for STMicroelectronics.X-CUBE-ALGOBUILD.1.4.0
2025-03-27 13:30:42,713 [WARN] PackLoader:240 - Cannot read IP mode file for STMicroelectronics.X-CUBE-AZRTOS-F4.1.1.0
2025-03-27 13:30:42,722 [WARN] PackLoader:240 - Cannot read IP mode file for STMicroelectronics.X-CUBE-ISPU.2.1.0
2025-03-27 13:30:42,739 [WARN] PackLoader:240 - Cannot read IP mode file for STMicroelectronics.X-CUBE-AZRTOS-L5.2.0.0
2025-03-27 13:30:42,749 [WARN] PackLoader:240 - Cannot read IP mode file for STMicroelectronics.X-CUBE-NFC6.3.1.0
2025-03-27 13:30:42,754 [INFO] UserAuth:486 - Internet connection configuration mode: 1
2025-03-27 13:30:42,764 [WARN] PackLoader:240 - Cannot read IP mode file for STMicroelectronics.X-CUBE-DPower.1.2.0
2025-03-27 13:30:42,773 [WARN] PackLoader:240 - Cannot read IP mode file for STMicroelectronics.X-CUBE-FREERTOS.1.3.0
2025-03-27 13:30:42,786 [WARN] PackLoader:240 - Cannot read IP mode file for STMicroelectronics.X-CUBE-NFC7.1.0.1
2025-03-27 13:30:42,809 [WARN] ConditionMgr:438 - getConditionDescription Invalid condition id : LAN8742 Phy interface Condition cause : null
2025-03-27 13:30:42,811 [WARN] PackLoader:240 - Cannot read IP mode file for STMicroelectronics.X-CUBE-AZRTOS-L4.2.0.0
2025-03-27 13:30:42,813 [WARN] ConditionMgr:1044 - genDependencies : Invalid condition id : LAN8742 Phy interface Condition cause : null
2025-03-27 13:30:42,814 [WARN] ConditionMgr:1044 - genDependencies : Invalid condition id : LAN8742 Phy interface Condition cause : null
2025-03-27 13:30:42,815 [WARN] ConditionMgr:1044 - genDependencies : Invalid condition id : LAN8742 Phy interface Condition cause : null
2025-03-27 13:30:42,824 [WARN] PackLoader:240 - Cannot read IP mode file for STMicroelectronics.X-CUBE-SFXS2LP1.4.0.0
2025-03-27 13:30:42,855 [WARN] PackLoader:240 - Cannot read IP mode file for STMicroelectronics.X-CUBE-AZRTOS-H7.3.3.0
2025-03-27 13:30:42,902 [WARN] ConditionMgr:438 - getConditionDescription Invalid condition id : UX DEVICE CLASS RTOS Condition cause : null
2025-03-27 13:30:42,903 [WARN] ConditionMgr:438 - getConditionDescription Invalid condition id : UX DEVICE CLASS RTOS Condition cause : null
2025-03-27 13:30:42,905 [WARN] PackLoader:240 - Cannot read IP mode file for STMicroelectronics.X-CUBE-AZRTOS-WB.2.0.0
2025-03-27 13:30:42,906 [WARN] ConditionMgr:1044 - genDependencies : Invalid condition id : UX DEVICE CLASS RTOS Condition cause : null
2025-03-27 13:30:42,907 [WARN] ConditionMgr:1044 - genDependencies : Invalid condition id : UX DEVICE CLASS RTOS Condition cause : null
2025-03-27 13:30:42,907 [WARN] ConditionMgr:1044 - genDependencies : Invalid condition id : UX DEVICE CLASS RTOS Condition cause : null
2025-03-27 13:30:42,908 [WARN] ConditionMgr:1044 - genDependencies : Invalid condition id : UX DEVICE CLASS RTOS Condition cause : null
2025-03-27 13:30:42,908 [WARN] ConditionMgr:1044 - genDependencies : Invalid condition id : UX DEVICE CLASS RTOS Condition cause : null
2025-03-27 13:30:42,913 [WARN] PackLoader:240 - Cannot read IP mode file for STMicroelectronics.X-CUBE-GNSS1.7.0.1
2025-03-27 13:30:42,918 [WARN] PackLoader:240 - Cannot read IP mode file for STMicroelectronics.X-CUBE-TOUCHGFX.4.25.0
2025-03-27 13:30:42,924 [WARN] PackLoader:240 - Cannot read IP mode file for STMicroelectronics.FP-SNS-STBOX1.2.0.0
2025-03-27 13:30:42,937 [WARN] PackLoader:240 - Cannot read IP mode file for STMicroelectronics.X-CUBE-SUBG2.5.0.0
2025-03-27 13:30:42,954 [WARN] PackLoader:240 - Cannot read IP mode file for STMicroelectronics.X-CUBE-AZRTOS-H7RS.1.1.0
2025-03-27 13:30:42,959 [WARN] PackLoader:240 - Cannot read IP mode file for Cesanta.I-CUBE-Mongoose.7.13.0
2025-03-27 13:30:42,971 [WARN] PackLoader:240 - Cannot read IP mode file for STMicroelectronics.X-CUBE-AZRTOS-G4.2.0.0
2025-03-27 13:30:42,977 [WARN] PackLoader:240 - Cannot read IP mode file for wolfSSL.I-CUBE-wolfSSH.1.4.20
2025-03-27 13:30:42,986 [WARN] PackLoader:240 - Cannot read IP mode file for STMicroelectronics.X-CUBE-IPS.3.1.0
2025-03-27 13:30:42,996 [WARN] PackLoader:240 - Cannot read IP mode file for STMicroelectronics.X-CUBE-ALS.1.0.2
2025-03-27 13:30:43,001 [WARN] PackLoader:240 - Cannot read IP mode file for portGmbH.I-Cube-SoM-uGOAL.1.1.0
2025-03-27 13:30:43,010 [WARN] PackLoader:240 - Cannot read IP mode file for STMicroelectronics.X-CUBE-TOF1.3.4.2
2025-03-27 13:30:43,029 [INFO] ThirdParty:978 - Integrity check success = true
2025-03-27 13:30:43,029 [INFO] IntegrityCheckThread:100 - exiting critical section [integrity check]
2025-03-27 13:30:43,030 [INFO] IntegrityCheckThread:103 - End integrity checks thread
2025-03-27 14:26:19,969 [INFO] WebApp:194 - Connection lost
2025-03-27 14:26:33,434 [INFO] WebApp:191 - Connection restablished
2025-03-27 14:26:34,195 [INFO] WebApp:194 - Connection lost
2025-03-27 14:26:35,366 [INFO] WebApp:191 - Connection restablished
2025-03-27 14:26:36,228 [INFO] WebApp:194 - Connection lost
2025-03-27 14:26:36,317 [INFO] WebApp:191 - Connection restablished
2025-03-27 14:39:21,305 [INFO] Activator:176 - 


2025-03-27 14:39:21,307 [INFO] Activator:177 - !SESSION log4j initialized
2025-03-27 14:39:24,754 [INFO] LogOutputStream:77 - [STDOUT_REDIRECT] 
2025-03-27 14:39:25,796 [INFO] ApplicationProperties:184 - Using Application install path: /opt/stm32cubeide/plugins/com.st.stm32cube.common.mx_6.14.0.202502271554
2025-03-27 14:39:25,825 [INFO] DbMcusXml:78 - Set database path to: /opt/stm32cubeide/plugins/com.st.stm32cube.common.mx_6.14.0.202502271554//db//mcu/
2025-03-27 14:39:25,826 [INFO] ApiDb:274 - Set plugin database path to: /opt/stm32cubeide/plugins/com.st.stm32cube.common.mx_6.14.0.202502271554//db//plugins/boardmanager/
2025-03-27 14:39:25,826 [WARN] ApiDb:259 - Overriding images path with different value:  => /opt/stm32cubeide/plugins/com.st.stm32cube.common.mx_6.14.0.202502271554//db//plugins/mcufinder/images/
2025-03-27 14:39:25,836 [INFO] ApiDb:250 - Set database path to: /home/moonflax/.stmcufinder/plugins/mcufinder//mcu/
2025-03-27 14:39:25,837 [INFO] DbMcusAds:125 - Set database path to: /home/moonflax/.stmcufinder/plugins/mcufinder//mcu/
2025-03-27 14:39:25,842 [INFO] CrossReferenceDbSqlite:203 - Set database path to: /home/moonflax/.stmcufinder/plugins/mcufinder//mcu/cs/
2025-03-27 14:39:25,963 [INFO] RulesReader:64 - Compatibility file has been processed (301 Rules)
2025-03-27 14:39:26,028 [INFO] DbMcusXml:78 - Set database path to: /opt/stm32cubeide/plugins/com.st.stm32cube.common.mx_6.14.0.202502271554//db//mcu/
2025-03-27 14:39:26,028 [INFO] ApiDb:274 - Set plugin database path to: /opt/stm32cubeide/plugins/com.st.stm32cube.common.mx_6.14.0.202502271554//db//plugins/boardmanager/
2025-03-27 14:39:26,029 [INFO] ApiDb:261 - Set plugin images path to: /opt/stm32cubeide/plugins/com.st.stm32cube.common.mx_6.14.0.202502271554//db//plugins/mcufinder/images/
2025-03-27 14:39:26,029 [WARN] DbFile:41 - Overriding database path with different value: /home/moonflax/.stmcufinder/plugins/mcufinder/ => /home/moonflax/.stmcufinder/plugins/mcufinder
2025-03-27 14:39:26,029 [INFO] ApiDb:250 - Set database path to: /home/moonflax/.stmcufinder/plugins/mcufinder//mcu/
2025-03-27 14:39:26,029 [WARN] DbFile:41 - Overriding database path with different value: /home/moonflax/.stmcufinder/plugins/mcufinder/ => /home/moonflax/.stmcufinder/plugins/mcufinder
2025-03-27 14:39:26,029 [INFO] DbMcusAds:125 - Set database path to: /home/moonflax/.stmcufinder/plugins/mcufinder//mcu/
2025-03-27 14:39:26,030 [WARN] DbFile:41 - Overriding database path with different value: /home/moonflax/.stmcufinder/plugins/mcufinder/ => /home/moonflax/.stmcufinder/plugins/mcufinder
2025-03-27 14:39:26,030 [WARN] DbFile:41 - Overriding database path with different value: /home/moonflax/.stmcufinder/plugins/mcufinder/ => /home/moonflax/.stmcufinder/plugins/mcufinder
2025-03-27 14:39:26,030 [INFO] CrossReferenceDbSqlite:203 - Set database path to: /home/moonflax/.stmcufinder/plugins/mcufinder//mcu/cs/
2025-03-27 14:39:26,095 [INFO] MainPanel:272 - HeapMemory: 268435456
2025-03-27 14:39:26,285 [INFO] DbMcusXml:78 - Set database path to: /opt/stm32cubeide/plugins/com.st.stm32cube.common.mx_6.14.0.202502271554//db//mcu/
2025-03-27 14:39:26,285 [INFO] ApiDb:274 - Set plugin database path to: /opt/stm32cubeide/plugins/com.st.stm32cube.common.mx_6.14.0.202502271554//db//plugins/boardmanager/
2025-03-27 14:39:26,285 [INFO] ApiDb:261 - Set plugin images path to: /opt/stm32cubeide/plugins/com.st.stm32cube.common.mx_6.14.0.202502271554//db//plugins/mcufinder/images/
2025-03-27 14:39:26,285 [WARN] DbFile:41 - Overriding database path with different value: /home/moonflax/.stmcufinder/plugins/mcufinder/ => /home/moonflax/.stmcufinder/plugins/mcufinder
2025-03-27 14:39:26,285 [INFO] ApiDb:250 - Set database path to: /home/moonflax/.stmcufinder/plugins/mcufinder//mcu/
2025-03-27 14:39:26,286 [WARN] DbFile:41 - Overriding database path with different value: /home/moonflax/.stmcufinder/plugins/mcufinder/ => /home/moonflax/.stmcufinder/plugins/mcufinder
2025-03-27 14:39:26,286 [INFO] DbMcusAds:125 - Set database path to: /home/moonflax/.stmcufinder/plugins/mcufinder//mcu/
2025-03-27 14:39:26,286 [WARN] DbFile:41 - Overriding database path with different value: /home/moonflax/.stmcufinder/plugins/mcufinder/ => /home/moonflax/.stmcufinder/plugins/mcufinder
2025-03-27 14:39:26,286 [WARN] DbFile:41 - Overriding database path with different value: /home/moonflax/.stmcufinder/plugins/mcufinder/ => /home/moonflax/.stmcufinder/plugins/mcufinder
2025-03-27 14:39:26,286 [INFO] CrossReferenceDbSqlite:203 - Set database path to: /home/moonflax/.stmcufinder/plugins/mcufinder//mcu/cs/
2025-03-27 14:39:26,304 [INFO] ApplicationProperties:184 - Using Application install path: /opt/stm32cubeide/plugins/com.st.stm32cube.common.mx_6.14.0.202502271554
2025-03-27 14:39:26,306 [INFO] PluginManage:196 - Search for loadable plugins [exclusion list=, ]
2025-03-27 14:39:26,307 [INFO] PluginManage:310 - Check plugin analytics
2025-03-27 14:39:26,573 [INFO] AnalyticsPlugin:253 - Accepted Software Licenses: 
2025-03-27 14:39:26,573 [INFO] AnalyticsPlugin:255 - Accepted CMSIS Pack Licenses: 
2025-03-27 14:39:26,574 [INFO] AnalyticsPlugin:257 - Accepted Firmware Licenses: FW.L4.1.18.0
2025-03-27 14:39:26,577 [INFO] PluginManage:359 - Loaded plugin analytics (category:tool,tabindex:-1)
2025-03-27 14:39:26,578 [INFO] PluginManage:310 - Check plugin cadmodel
2025-03-27 14:39:26,585 [INFO] CADModel:105 - Init CAD model plugin
2025-03-27 14:39:26,586 [INFO] PluginManage:359 - Loaded plugin cadmodel (category:power,tabindex:5)
2025-03-27 14:39:26,586 [INFO] PluginManage:310 - Check plugin clock
2025-03-27 14:39:26,601 [INFO] PluginManage:359 - Loaded plugin clock (category:base,tabindex:2)
2025-03-27 14:39:26,601 [INFO] PluginManage:310 - Check plugin ddr
2025-03-27 14:39:26,606 [INFO] PluginManage:359 - Loaded plugin ddr (category:tool,tabindex:6)
2025-03-27 14:39:26,606 [INFO] PluginManage:310 - Check plugin filemanager
2025-03-27 14:39:26,787 [INFO] PluginManage:359 - Loaded plugin filemanager (category:base,tabindex:10)
2025-03-27 14:39:26,787 [INFO] PluginManage:310 - Check plugin ipmanager
2025-03-27 14:39:26,797 [INFO] PluginManage:359 - Loaded plugin ipmanager (category:base,tabindex:5)
2025-03-27 14:39:26,797 [INFO] PluginManage:310 - Check plugin lpbam
2025-03-27 14:39:26,837 [INFO] PluginManage:359 - Loaded plugin lpbam (category:base,tabindex:0)
2025-03-27 14:39:26,838 [INFO] PluginManage:310 - Check plugin memorymap
2025-03-27 14:39:26,879 [INFO] PluginManage:359 - Loaded plugin memorymap (category:base,tabindex:4)
2025-03-27 14:39:26,881 [INFO] PluginManage:310 - Check plugin pinoutandconfiguration
2025-03-27 14:39:26,906 [INFO] PluginManage:359 - Loaded plugin pinoutandconfiguration (category:base,tabindex:1)
2025-03-27 14:39:26,907 [INFO] PluginManage:310 - Check plugin pinoutconfig
2025-03-27 14:39:27,134 [WARN] SupportedApi:132 - Cannot load RTOS API schema: s4s-elt-must-match.1: The content of 'definitions' must match (annotation?, (simpleType | complexType)?, (unique | key | keyref)*)). A problem was found starting at: attribute.
2025-03-27 14:39:27,491 [INFO] PluginManage:359 - Loaded plugin pinoutconfig (category:base,tabindex:0)
2025-03-27 14:39:27,492 [INFO] PluginManage:310 - Check plugin power
2025-03-27 14:39:27,515 [INFO] PluginManage:359 - Loaded plugin power (category:power,tabindex:4)
2025-03-27 14:39:27,516 [INFO] PluginManage:310 - Check plugin projectmanager
2025-03-27 14:39:27,545 [INFO] PluginManage:359 - Loaded plugin projectmanager (category:projectmanager,tabindex:4)
2025-03-27 14:39:27,546 [INFO] PluginManage:310 - Check plugin rif
2025-03-27 14:39:27,568 [INFO] PluginManage:359 - Loaded plugin rif (category:base,tabindex:3)
2025-03-27 14:39:27,569 [INFO] PluginManage:310 - Check plugin thirdparty
2025-03-27 14:39:27,889 [WARN] IntegrityCheckThread:84 - waiting for thirdparty lock release [integrity check]
2025-03-27 14:39:27,890 [INFO] PluginManage:359 - Loaded plugin thirdparty (category:base,tabindex:-1)
2025-03-27 14:39:27,891 [INFO] PluginManage:310 - Check plugin tools
2025-03-27 14:39:27,891 [INFO] IntegrityCheckThread:86 - entering critical section [integrity check]
2025-03-27 14:39:27,893 [INFO] ThirdPartyUpdaterWithRetryManager:70 - Updater plugin not ready yet. [1/15]
2025-03-27 14:39:27,897 [INFO] PluginManage:359 - Loaded plugin tools (category:base,tabindex:7)
2025-03-27 14:39:27,898 [INFO] PluginManage:310 - Check plugin tutovideos
2025-03-27 14:39:28,182 [INFO] PluginManage:359 - Loaded plugin tutovideos (category:base,tabindex:-1)
2025-03-27 14:39:28,183 [INFO] PluginManage:310 - Check plugin updater
2025-03-27 14:39:28,205 [INFO] PluginManage:359 - Loaded plugin updater (category:base,tabindex:12)
2025-03-27 14:39:28,206 [INFO] PluginManage:310 - Check plugin userauth
2025-03-27 14:39:28,211 [INFO] UserAuth:118 - Init User Auth plugin
2025-03-27 14:39:28,212 [INFO] PluginManage:359 - Loaded plugin userauth (category:base,tabindex:14)
2025-03-27 14:39:28,212 [INFO] PluginManage:283 - PluginManage : Loaded plugins [18]
2025-03-27 14:39:28,509 [INFO] PinOutPanel:1589 - setPackage(No Configuration,No Configuration)
2025-03-27 14:39:28,584 [INFO] CADModel:165 - CPN selected for project level
2025-03-27 14:39:28,584 [INFO] CADModel:114 - Register for checkConnection events
2025-03-27 14:39:28,602 [INFO] IPUIPlugin:80 - create IPUIPlugin
2025-03-27 14:39:28,602 [INFO] PluginManager:220 - loadIPPluginJar : add usbx
2025-03-27 14:39:28,604 [INFO] IPUIPlugin:80 - create IPUIPlugin
2025-03-27 14:39:28,604 [INFO] PluginManager:220 - loadIPPluginJar : add spi
2025-03-27 14:39:28,606 [INFO] IPUIPlugin:80 - create IPUIPlugin
2025-03-27 14:39:28,606 [INFO] PluginManager:220 - loadIPPluginJar : add radio
2025-03-27 14:39:28,610 [INFO] IPUIPlugin:80 - create IPUIPlugin
2025-03-27 14:39:28,610 [INFO] PluginManager:220 - loadIPPluginJar : add pdm2pcm
2025-03-27 14:39:28,614 [INFO] IPUIPlugin:80 - create IPUIPlugin
2025-03-27 14:39:28,614 [INFO] PluginManager:220 - loadIPPluginJar : add ipddr
2025-03-27 14:39:28,617 [INFO] IPUIPlugin:80 - create IPUIPlugin
2025-03-27 14:39:28,617 [INFO] PluginManager:220 - loadIPPluginJar : add i3c
2025-03-27 14:39:28,624 [INFO] IPUIPlugin:80 - create IPUIPlugin
2025-03-27 14:39:28,627 [INFO] PluginManager:220 - loadIPPluginJar : add plateformsettings
2025-03-27 14:39:28,631 [INFO] IPUIPlugin:80 - create IPUIPlugin
2025-03-27 14:39:28,631 [INFO] PluginManager:220 - loadIPPluginJar : add sai
2025-03-27 14:39:28,640 [INFO] IPUIPlugin:80 - create IPUIPlugin
2025-03-27 14:39:28,640 [INFO] PluginManager:220 - loadIPPluginJar : add adc
2025-03-27 14:39:28,643 [INFO] IPUIPlugin:80 - create IPUIPlugin
2025-03-27 14:39:28,644 [INFO] PluginManager:220 - loadIPPluginJar : add fmc
2025-03-27 14:39:28,645 [INFO] IPUIPlugin:80 - create IPUIPlugin
2025-03-27 14:39:28,645 [INFO] PluginManager:220 - loadIPPluginJar : add tsc
2025-03-27 14:39:28,648 [INFO] IPUIPlugin:80 - create IPUIPlugin
2025-03-27 14:39:28,648 [INFO] PluginManager:220 - loadIPPluginJar : add touchsensing
2025-03-27 14:39:28,655 [INFO] IPUIPlugin:80 - create IPUIPlugin
2025-03-27 14:39:28,655 [INFO] PluginManager:220 - loadIPPluginJar : add linkedlist
2025-03-27 14:39:28,657 [INFO] IPUIPlugin:80 - create IPUIPlugin
2025-03-27 14:39:28,657 [INFO] PluginManager:220 - loadIPPluginJar : add lorawan
2025-03-27 14:39:28,658 [INFO] IPUIPlugin:80 - create IPUIPlugin
2025-03-27 14:39:28,658 [INFO] PluginManager:220 - loadIPPluginJar : add tim
2025-03-27 14:39:28,660 [INFO] IPUIPlugin:80 - create IPUIPlugin
2025-03-27 14:39:28,660 [INFO] PluginManager:220 - loadIPPluginJar : add cryp
2025-03-27 14:39:28,662 [INFO] IPUIPlugin:80 - create IPUIPlugin
2025-03-27 14:39:28,662 [INFO] PluginManager:220 - loadIPPluginJar : add ddr_ctrl_phy
2025-03-27 14:39:28,666 [INFO] IPUIPlugin:80 - create IPUIPlugin
2025-03-27 14:39:28,666 [INFO] PluginManager:220 - loadIPPluginJar : add gpio
2025-03-27 14:39:28,668 [INFO] IPUIPlugin:80 - create IPUIPlugin
2025-03-27 14:39:28,668 [INFO] PluginManager:220 - loadIPPluginJar : add extmemmanager
2025-03-27 14:39:28,670 [INFO] IPUIPlugin:80 - create IPUIPlugin
2025-03-27 14:39:28,670 [INFO] PluginManager:220 - loadIPPluginJar : add aes
2025-03-27 14:39:28,671 [INFO] IPUIPlugin:80 - create IPUIPlugin
2025-03-27 14:39:28,671 [INFO] PluginManager:220 - loadIPPluginJar : add ucpd
2025-03-27 14:39:28,674 [INFO] IPUIPlugin:80 - create IPUIPlugin
2025-03-27 14:39:28,674 [INFO] PluginManager:220 - loadIPPluginJar : add resmgrutility
2025-03-27 14:39:28,676 [INFO] IPUIPlugin:80 - create IPUIPlugin
2025-03-27 14:39:28,676 [INFO] PluginManager:220 - loadIPPluginJar : add usart
2025-03-27 14:39:28,678 [INFO] IPUIPlugin:80 - create IPUIPlugin
2025-03-27 14:39:28,678 [INFO] PluginManager:220 - loadIPPluginJar : add dfsdm
2025-03-27 14:39:28,679 [INFO] IPUIPlugin:80 - create IPUIPlugin
2025-03-27 14:39:28,679 [INFO] PluginManager:220 - loadIPPluginJar : add tracer_emb
2025-03-27 14:39:28,682 [INFO] IPUIPlugin:80 - create IPUIPlugin
2025-03-27 14:39:28,682 [INFO] PluginManager:220 - loadIPPluginJar : add nvic
2025-03-27 14:39:28,683 [INFO] IPUIPlugin:80 - create IPUIPlugin
2025-03-27 14:39:28,683 [INFO] PluginManager:220 - loadIPPluginJar : add quadspi
2025-03-27 14:39:28,687 [INFO] IPUIPlugin:80 - create IPUIPlugin
2025-03-27 14:39:28,687 [INFO] PluginManager:220 - loadIPPluginJar : add dma
2025-03-27 14:39:28,689 [INFO] IPUIPlugin:80 - create IPUIPlugin
2025-03-27 14:39:28,689 [INFO] PluginManager:220 - loadIPPluginJar : add opamp
2025-03-27 14:39:28,690 [INFO] IPUIPlugin:80 - create IPUIPlugin
2025-03-27 14:39:28,690 [INFO] PluginManager:220 - loadIPPluginJar : add hash
2025-03-27 14:39:28,695 [INFO] IPUIPlugin:80 - create IPUIPlugin
2025-03-27 14:39:28,695 [INFO] PluginManager:220 - loadIPPluginJar : add mdma
2025-03-27 14:39:28,699 [INFO] IPUIPlugin:80 - create IPUIPlugin
2025-03-27 14:39:28,699 [INFO] PluginManager:220 - loadIPPluginJar : add stm32_wpan
2025-03-27 14:39:28,700 [INFO] IPUIPlugin:80 - create IPUIPlugin
2025-03-27 14:39:28,700 [INFO] PluginManager:220 - loadIPPluginJar : add can
2025-03-27 14:39:28,702 [INFO] IPUIPlugin:80 - create IPUIPlugin
2025-03-27 14:39:28,702 [INFO] PluginManager:220 - loadIPPluginJar : add i2s
2025-03-27 14:39:28,705 [INFO] IPUIPlugin:80 - create IPUIPlugin
2025-03-27 14:39:28,705 [INFO] PluginManager:220 - loadIPPluginJar : add gic
2025-03-27 14:39:28,707 [INFO] IPUIPlugin:80 - create IPUIPlugin
2025-03-27 14:39:28,707 [INFO] PluginManager:220 - loadIPPluginJar : add openamp
2025-03-27 14:39:28,708 [INFO] IPUIPlugin:80 - create IPUIPlugin
2025-03-27 14:39:28,709 [INFO] PluginManager:220 - loadIPPluginJar : add dma3
2025-03-27 14:39:28,709 [INFO] IPUIPlugin:80 - create IPUIPlugin
2025-03-27 14:39:28,709 [INFO] PluginManager:220 - loadIPPluginJar : add genericplugin
2025-03-27 14:39:28,710 [INFO] IPUIPlugin:80 - create IPUIPlugin
2025-03-27 14:39:28,710 [INFO] PluginManager:220 - loadIPPluginJar : add comp
2025-03-27 14:39:28,711 [INFO] IPUIPlugin:80 - create IPUIPlugin
2025-03-27 14:39:28,711 [INFO] PluginManager:220 - loadIPPluginJar : add ltdc
2025-03-27 14:39:28,716 [INFO] IPUIPlugin:80 - create IPUIPlugin
2025-03-27 14:39:28,716 [INFO] PluginManager:220 - loadIPPluginJar : add freertos
2025-03-27 14:39:28,717 [INFO] IPUIPlugin:80 - create IPUIPlugin
2025-03-27 14:39:28,717 [INFO] PluginManager:220 - loadIPPluginJar : add ts
2025-03-27 14:39:28,718 [INFO] IPUIPlugin:80 - create IPUIPlugin
2025-03-27 14:39:28,719 [INFO] PluginManager:220 - loadIPPluginJar : add i2c
2025-03-27 14:39:28,720 [INFO] IPUIPlugin:80 - create IPUIPlugin
2025-03-27 14:39:28,720 [INFO] PluginManager:220 - loadIPPluginJar : add gfxmmu
2025-03-27 14:39:28,722 [INFO] IPUIPlugin:80 - create IPUIPlugin
2025-03-27 14:39:28,722 [INFO] PluginManager:220 - loadIPPluginJar : add gtzc
2025-03-27 14:39:28,723 [INFO] IPUIPlugin:80 - create IPUIPlugin
2025-03-27 14:39:28,723 [INFO] PluginManager:220 - loadIPPluginJar : add fatfs
2025-03-27 14:39:28,819 [FATAL] Updater:351 - Updater called before beeing initialized
2025-03-27 14:39:28,841 [INFO] RulesReader:64 - Compatibility file has been processed (301 Rules)
2025-03-27 14:39:28,856 [INFO] RulesReader:64 - Compatibility file has been processed (301 Rules)
2025-03-27 14:39:28,880 [INFO] CADModel:165 - CPN selected for project level
2025-03-27 14:39:28,881 [INFO] CADModel:114 - Register for checkConnection events
2025-03-27 14:39:28,881 [FATAL] Updater:351 - Updater called before beeing initialized
2025-03-27 14:39:28,882 [ERROR] CADModel:125 - Updater not yet initialized, retry later 
2025-03-27 14:39:29,138 [FATAL] Updater:351 - Updater called before beeing initialized
2025-03-27 14:39:29,145 [INFO] CADModel:165 - CPN selected for project level
2025-03-27 14:39:29,145 [INFO] CADModel:114 - Register for checkConnection events
2025-03-27 14:39:29,145 [FATAL] Updater:351 - Updater called before beeing initialized
2025-03-27 14:39:29,145 [ERROR] CADModel:125 - Updater not yet initialized, retry later 
2025-03-27 14:39:29,157 [FATAL] Updater:351 - Updater called before beeing initialized
2025-03-27 14:39:29,357 [FATAL] Updater:351 - Updater called before beeing initialized
2025-03-27 14:39:29,367 [INFO] DbMcusAds:53 - JSON generation date=Thu Mar 06 11:54:21 CLST 2025 (1741272861825)
2025-03-27 14:39:29,368 [FATAL] Updater:351 - Updater called before beeing initialized
2025-03-27 14:39:29,417 [WARN] DetailPanel:346 - Failed to get advertising image, set to default
2025-03-27 14:39:29,705 [FATAL] Updater:351 - Updater called before beeing initialized
2025-03-27 14:39:29,707 [FATAL] Updater:351 - Updater called before beeing initialized
2025-03-27 14:39:29,707 [FATAL] Updater:351 - Updater called before beeing initialized
2025-03-27 14:39:29,707 [WARN] DetailPanel:346 - Failed to get advertising image, set to default
2025-03-27 14:39:29,708 [FATAL] Updater:351 - Updater called before beeing initialized
2025-03-27 14:39:29,749 [ERROR] Updater:1198 - MainUpdater not yet initialized. External WinMGr cannot be set.
2025-03-27 14:39:29,751 [INFO] Updater:1134 - Updater Version found : 6.14.0
2025-03-27 14:39:29,781 [INFO] ApplicationProperties:184 - Using Application install path: /opt/stm32cubeide/plugins/com.st.stm32cube.common.mx_6.14.0.202502271554
2025-03-27 14:39:30,023 [INFO] MainUpdater:2872 - connection check result : 10
2025-03-27 14:39:30,024 [INFO] MainUpdater:289 - Updater Check For Update Now.
2025-03-27 14:39:30,024 [INFO] MicroXplorer:498 - Change Database Version : DB.6.0.140
2025-03-27 14:39:30,027 [INFO] McuFinderGlobals:63 - Set McuFinder mode to 2 (CubeIDE integrated)
2025-03-27 14:39:30,028 [INFO] UserAuth:486 - Internet connection configuration mode: 1
2025-03-27 14:39:30,047 [INFO] JxBrowserEngine:152 - Initiate JxBrowser Engine with user profile folder
2025-03-27 14:39:30,214 [INFO] CheckServerUpdateThread:120 - End of CheckServer Thread
2025-03-27 14:39:31,022 [WARN] PackLoader:240 - Cannot read IP mode file for STMicroelectronics.FP-SNS-MOTENVWB1.1.4.0
2025-03-27 14:39:31,030 [WARN] PackLoader:240 - Cannot read IP mode file for STMicroelectronics.FP-ATR-ASTRA1.2.0.2
2025-03-27 14:39:31,035 [WARN] PackLoader:240 - Cannot read IP mode file for STMicroelectronics.X-CUBE-SMBUS.2.1.0
2025-03-27 14:39:31,050 [WARN] PackLoader:240 - Cannot read IP mode file for STMicroelectronics.X-CUBE-WB05N.1.1.0
2025-03-27 14:39:31,073 [INFO] WebApp:169 - Instantiating new browser for Auth
2025-03-27 14:39:31,087 [WARN] PackLoader:240 - Cannot read IP mode file for STMicroelectronics.X-CUBE-AZRTOS-F7.1.1.0
2025-03-27 14:39:31,122 [WARN] PackLoader:240 - Cannot read IP mode file for Infineon.AIROC-Wi-Fi-Bluetooth-STM32.1.7.0
2025-03-27 14:39:31,136 [WARN] PackLoader:240 - Cannot read IP mode file for STMicroelectronics.X-CUBE-DISPLAY.3.0.0
2025-03-27 14:39:31,144 [WARN] PackLoader:240 - Cannot read IP mode file for STMicroelectronics.X-CUBE-NFC10.1.0.0
2025-03-27 14:39:31,153 [WARN] PackLoader:240 - Cannot read IP mode file for STMicroelectronics.X-CUBE-BLEMGR.4.0.0
2025-03-27 14:39:31,160 [WARN] PackLoader:240 - Cannot read IP mode file for emotas.I-CUBE-CANOPEN.1.3.0
2025-03-27 14:39:31,165 [WARN] ConditionMgr:438 - getConditionDescription Invalid condition id : Cortex-A Device cause : null
2025-03-27 14:39:31,181 [WARN] ConditionMgr:1044 - genDependencies : Invalid condition id : Cortex-A Device cause : null
2025-03-27 14:39:31,182 [WARN] ConditionMgr:1044 - genDependencies : Invalid condition id : Cortex-A Device cause : null
2025-03-27 14:39:31,182 [WARN] ConditionMgr:1044 - genDependencies : Invalid condition id : Cortex-A Device cause : null
2025-03-27 14:39:31,186 [WARN] PackLoader:240 - Cannot read IP mode file for STMicroelectronics.X-CUBE-AI.10.0.0
2025-03-27 14:39:31,193 [WARN] PackLoader:240 - Cannot read IP mode file for STMicroelectronics.FP-SNS-SMARTAG2.1.2.0
2025-03-27 14:39:31,198 [WARN] PackLoader:240 - Cannot read IP mode file for STMicroelectronics.FP-SNS-FLIGHT1.5.1.0
2025-03-27 14:39:31,262 [WARN] PackLoader:240 - Cannot read IP mode file for STMicroelectronics.X-CUBE-MEMS1.11.1.0
2025-03-27 14:39:31,527 [INFO] LogOutputStream:77 - [STDOUT_REDIRECT] 1 : Invalid condition id : UX_CORESTACK_Condition cause : null
2025-03-27 14:39:31,529 [INFO] LogOutputStream:77 - [STDOUT_REDIRECT] 1 : Invalid condition id : UX_CORESTACK_Condition cause : null
2025-03-27 14:39:31,529 [INFO] LogOutputStream:77 - [STDOUT_REDIRECT] 1 : Invalid condition id : UX_CORESTACK_Condition cause : null
2025-03-27 14:39:31,529 [INFO] LogOutputStream:77 - [STDOUT_REDIRECT] 1 : Invalid condition id : UX_CORESTACK_Condition cause : null
2025-03-27 14:39:31,530 [INFO] LogOutputStream:77 - [STDOUT_REDIRECT] 1 : Invalid condition id : UX_CORESTACK_Condition cause : null
2025-03-27 14:39:31,534 [WARN] PackLoader:240 - Cannot read IP mode file for STMicroelectronics.X-CUBE-AZRTOS-WL.2.0.0
2025-03-27 14:39:31,543 [WARN] PackLoader:240 - Cannot read IP mode file for STMicroelectronics.FP-SNS-MOTENV1.5.0.0
2025-03-27 14:39:31,554 [WARN] PackLoader:240 - Cannot read IP mode file for WES.I-CUBE-Cesium.1.3.0
2025-03-27 14:39:31,564 [WARN] PackLoader:240 - Cannot read IP mode file for STMicroelectronics.X-CUBE-BLE2.3.3.0
2025-03-27 14:39:31,574 [WARN] PackLoader:240 - Cannot read IP mode file for STMicroelectronics.X-CUBE-NFC9.1.0.0
2025-03-27 14:39:31,601 [WARN] PackLoader:240 - Cannot read IP mode file for STMicroelectronics.X-CUBE-BLE1.7.1.0
2025-03-27 14:39:31,612 [WARN] PackLoader:240 - Cannot read IP mode file for wolfSSL.I-CUBE-wolfMQTT.1.19.2
2025-03-27 14:39:31,649 [WARN] PackLoader:240 - Cannot read IP mode file for STMicroelectronics.X-CUBE-AZRTOS-G0.1.1.0
2025-03-27 14:39:31,666 [WARN] PackLoader:240 - Cannot read IP mode file for STMicroelectronics.X-CUBE-SAFEA1.1.2.2
2025-03-27 14:39:31,688 [WARN] PackLoader:240 - Cannot read IP mode file for STMicroelectronics.X-CUBE-NFC4.3.0.0
2025-03-27 14:39:31,704 [WARN] PackLoader:240 - Cannot read IP mode file for EmbeddedOffice.I-CUBE-FS-RTOS.1.0.1
2025-03-27 14:39:31,715 [WARN] PackLoader:240 - Cannot read IP mode file for wolfSSL.I-CUBE-wolfTPM.3.8.0
2025-03-27 14:39:31,726 [WARN] PackLoader:240 - Cannot read IP mode file for STMicroelectronics.X-CUBE-TCPP.4.2.0
2025-03-27 14:39:31,742 [WARN] PackLoader:240 - Cannot read IP mode file for RealThread.X-CUBE-RT-Thread_Nano.4.1.1
2025-03-27 14:39:31,753 [WARN] PackLoader:240 - Cannot read IP mode file for STMicroelectronics.FP-ATR-SIGFOX1.3.2.0
2025-03-27 14:39:31,765 [WARN] PackLoader:240 - Cannot read IP mode file for STMicroelectronics.X-CUBE-EEPRMA1.5.1.0
2025-03-27 14:39:31,774 [WARN] PackLoader:240 - Cannot read IP mode file for wolfSSL.I-CUBE-wolfSSL.5.7.6
2025-03-27 14:39:31,783 [WARN] PackLoader:240 - Cannot read IP mode file for ITTIA_DB.I-CUBE-ITTIADB.8.9.0
2025-03-27 14:39:31,824 [WARN] PackLoader:240 - Cannot read IP mode file for SEGGER.I-CUBE-embOS.1.3.1
2025-03-27 14:39:31,879 [WARN] PackLoader:240 - Cannot read IP mode file for STMicroelectronics.X-CUBE-ALGOBUILD.1.4.0
2025-03-27 14:39:31,897 [WARN] PackLoader:240 - Cannot read IP mode file for STMicroelectronics.X-CUBE-AZRTOS-F4.1.1.0
2025-03-27 14:39:31,905 [WARN] PackLoader:240 - Cannot read IP mode file for STMicroelectronics.X-CUBE-ISPU.2.1.0
2025-03-27 14:39:31,930 [WARN] PackLoader:240 - Cannot read IP mode file for STMicroelectronics.X-CUBE-AZRTOS-L5.2.0.0
2025-03-27 14:39:31,944 [WARN] PackLoader:240 - Cannot read IP mode file for STMicroelectronics.X-CUBE-NFC6.3.1.0
2025-03-27 14:39:31,953 [WARN] PackLoader:240 - Cannot read IP mode file for STMicroelectronics.X-CUBE-DPower.1.2.0
2025-03-27 14:39:31,959 [WARN] PackLoader:240 - Cannot read IP mode file for STMicroelectronics.X-CUBE-FREERTOS.1.3.0
2025-03-27 14:39:31,970 [WARN] PackLoader:240 - Cannot read IP mode file for STMicroelectronics.X-CUBE-NFC7.1.0.1
2025-03-27 14:39:31,999 [WARN] ConditionMgr:438 - getConditionDescription Invalid condition id : LAN8742 Phy interface Condition cause : null
2025-03-27 14:39:32,001 [WARN] PackLoader:240 - Cannot read IP mode file for STMicroelectronics.X-CUBE-AZRTOS-L4.2.0.0
2025-03-27 14:39:32,003 [WARN] ConditionMgr:1044 - genDependencies : Invalid condition id : LAN8742 Phy interface Condition cause : null
2025-03-27 14:39:32,003 [WARN] ConditionMgr:1044 - genDependencies : Invalid condition id : LAN8742 Phy interface Condition cause : null
2025-03-27 14:39:32,004 [WARN] ConditionMgr:1044 - genDependencies : Invalid condition id : LAN8742 Phy interface Condition cause : null
2025-03-27 14:39:32,016 [WARN] PackLoader:240 - Cannot read IP mode file for STMicroelectronics.X-CUBE-SFXS2LP1.4.0.0
2025-03-27 14:39:32,091 [WARN] PackLoader:240 - Cannot read IP mode file for STMicroelectronics.X-CUBE-AZRTOS-H7.3.3.0
2025-03-27 14:39:32,119 [WARN] ConditionMgr:438 - getConditionDescription Invalid condition id : UX DEVICE CLASS RTOS Condition cause : null
2025-03-27 14:39:32,121 [WARN] ConditionMgr:438 - getConditionDescription Invalid condition id : UX DEVICE CLASS RTOS Condition cause : null
2025-03-27 14:39:32,124 [WARN] PackLoader:240 - Cannot read IP mode file for STMicroelectronics.X-CUBE-AZRTOS-WB.2.0.0
2025-03-27 14:39:32,127 [WARN] ConditionMgr:1044 - genDependencies : Invalid condition id : UX DEVICE CLASS RTOS Condition cause : null
2025-03-27 14:39:32,127 [WARN] ConditionMgr:1044 - genDependencies : Invalid condition id : UX DEVICE CLASS RTOS Condition cause : null
2025-03-27 14:39:32,129 [WARN] ConditionMgr:1044 - genDependencies : Invalid condition id : UX DEVICE CLASS RTOS Condition cause : null
2025-03-27 14:39:32,130 [WARN] ConditionMgr:1044 - genDependencies : Invalid condition id : UX DEVICE CLASS RTOS Condition cause : null
2025-03-27 14:39:32,130 [WARN] ConditionMgr:1044 - genDependencies : Invalid condition id : UX DEVICE CLASS RTOS Condition cause : null
2025-03-27 14:39:32,142 [WARN] PackLoader:240 - Cannot read IP mode file for STMicroelectronics.X-CUBE-GNSS1.7.0.1
2025-03-27 14:39:32,164 [WARN] PackLoader:240 - Cannot read IP mode file for STMicroelectronics.X-CUBE-TOUCHGFX.4.25.0
2025-03-27 14:39:32,176 [WARN] PackLoader:240 - Cannot read IP mode file for STMicroelectronics.FP-SNS-STBOX1.2.0.0
2025-03-27 14:39:32,197 [WARN] PackLoader:240 - Cannot read IP mode file for STMicroelectronics.X-CUBE-SUBG2.5.0.0
2025-03-27 14:39:32,228 [WARN] PackLoader:240 - Cannot read IP mode file for STMicroelectronics.X-CUBE-AZRTOS-H7RS.1.1.0
2025-03-27 14:39:32,237 [WARN] PackLoader:240 - Cannot read IP mode file for Cesanta.I-CUBE-Mongoose.7.13.0
2025-03-27 14:39:32,257 [WARN] PackLoader:240 - Cannot read IP mode file for STMicroelectronics.X-CUBE-AZRTOS-G4.2.0.0
2025-03-27 14:39:32,264 [WARN] PackLoader:240 - Cannot read IP mode file for wolfSSL.I-CUBE-wolfSSH.1.4.20
2025-03-27 14:39:32,280 [WARN] PackLoader:240 - Cannot read IP mode file for STMicroelectronics.X-CUBE-IPS.3.1.0
2025-03-27 14:39:32,289 [WARN] PackLoader:240 - Cannot read IP mode file for STMicroelectronics.X-CUBE-ALS.1.0.2
2025-03-27 14:39:32,294 [WARN] PackLoader:240 - Cannot read IP mode file for portGmbH.I-Cube-SoM-uGOAL.1.1.0
2025-03-27 14:39:32,301 [WARN] PackLoader:240 - Cannot read IP mode file for STMicroelectronics.X-CUBE-TOF1.3.4.2
2025-03-27 14:39:32,309 [INFO] ThirdParty:978 - Integrity check success = true
2025-03-27 14:39:32,309 [INFO] IntegrityCheckThread:100 - exiting critical section [integrity check]
2025-03-27 14:39:32,309 [INFO] IntegrityCheckThread:103 - End integrity checks thread
2025-03-27 14:39:32,524 [INFO] WebApp:463 - Apply proxy settings
2025-03-27 14:39:32,526 [INFO] WebApp:548 - Chromium requires no authentication
2025-03-27 14:39:32,539 [INFO] WebApp:491 - Direct internet connection detected
2025-03-27 14:39:32,561 [INFO] WebApp:894 - Register for checkConnection events
2025-03-27 14:39:32,561 [INFO] WebApp:463 - Apply proxy settings
2025-03-27 14:39:32,561 [INFO] WebApp:548 - Chromium requires no authentication
2025-03-27 14:39:32,562 [INFO] WebApp:491 - Direct internet connection detected
2025-03-27 14:39:32,688 [INFO] WebApp:225 - Starting web application
2025-03-27 14:39:32,688 [INFO] WebApp:593 - Web application path used /opt/stm32cubeide/plugins/com.st.stm32cube.common.mx_6.14.0.202502271554/db/plugins/mcufinder/reactClient1/index.html
2025-03-27 14:39:32,807 [INFO] WebApp:191 - Connection restablished
2025-03-27 14:39:32,848 [INFO] UserAuth:486 - Internet connection configuration mode: 1
2025-03-27 14:39:45,919 [ERROR] LogOutputStream:75 - [STDERR_REDIRECT] 
2025-03-27 17:57:08,573 [INFO] Activator:176 - 


2025-03-27 17:57:08,574 [INFO] Activator:177 - !SESSION log4j initialized
2025-03-27 17:57:11,972 [INFO] LogOutputStream:77 - [STDOUT_REDIRECT] 
2025-03-27 17:57:12,865 [INFO] ApplicationProperties:184 - Using Application install path: /opt/stm32cubeide/plugins/com.st.stm32cube.common.mx_6.14.0.202502271554
2025-03-27 17:57:12,878 [INFO] DbMcusXml:78 - Set database path to: /opt/stm32cubeide/plugins/com.st.stm32cube.common.mx_6.14.0.202502271554//db//mcu/
2025-03-27 17:57:12,878 [INFO] ApiDb:274 - Set plugin database path to: /opt/stm32cubeide/plugins/com.st.stm32cube.common.mx_6.14.0.202502271554//db//plugins/boardmanager/
2025-03-27 17:57:12,878 [WARN] ApiDb:259 - Overriding images path with different value:  => /opt/stm32cubeide/plugins/com.st.stm32cube.common.mx_6.14.0.202502271554//db//plugins/mcufinder/images/
2025-03-27 17:57:12,883 [INFO] ApiDb:250 - Set database path to: /home/moonflax/.stmcufinder/plugins/mcufinder//mcu/
2025-03-27 17:57:12,884 [INFO] DbMcusAds:125 - Set database path to: /home/moonflax/.stmcufinder/plugins/mcufinder//mcu/
2025-03-27 17:57:12,886 [INFO] CrossReferenceDbSqlite:203 - Set database path to: /home/moonflax/.stmcufinder/plugins/mcufinder//mcu/cs/
2025-03-27 17:57:12,970 [INFO] RulesReader:64 - Compatibility file has been processed (301 Rules)
2025-03-27 17:57:13,012 [INFO] DbMcusXml:78 - Set database path to: /opt/stm32cubeide/plugins/com.st.stm32cube.common.mx_6.14.0.202502271554//db//mcu/
2025-03-27 17:57:13,012 [INFO] ApiDb:274 - Set plugin database path to: /opt/stm32cubeide/plugins/com.st.stm32cube.common.mx_6.14.0.202502271554//db//plugins/boardmanager/
2025-03-27 17:57:13,013 [INFO] ApiDb:261 - Set plugin images path to: /opt/stm32cubeide/plugins/com.st.stm32cube.common.mx_6.14.0.202502271554//db//plugins/mcufinder/images/
2025-03-27 17:57:13,013 [WARN] DbFile:41 - Overriding database path with different value: /home/moonflax/.stmcufinder/plugins/mcufinder/ => /home/moonflax/.stmcufinder/plugins/mcufinder
2025-03-27 17:57:13,013 [INFO] ApiDb:250 - Set database path to: /home/moonflax/.stmcufinder/plugins/mcufinder//mcu/
2025-03-27 17:57:13,013 [WARN] DbFile:41 - Overriding database path with different value: /home/moonflax/.stmcufinder/plugins/mcufinder/ => /home/moonflax/.stmcufinder/plugins/mcufinder
2025-03-27 17:57:13,013 [INFO] DbMcusAds:125 - Set database path to: /home/moonflax/.stmcufinder/plugins/mcufinder//mcu/
2025-03-27 17:57:13,013 [WARN] DbFile:41 - Overriding database path with different value: /home/moonflax/.stmcufinder/plugins/mcufinder/ => /home/moonflax/.stmcufinder/plugins/mcufinder
2025-03-27 17:57:13,013 [WARN] DbFile:41 - Overriding database path with different value: /home/moonflax/.stmcufinder/plugins/mcufinder/ => /home/moonflax/.stmcufinder/plugins/mcufinder
2025-03-27 17:57:13,013 [INFO] CrossReferenceDbSqlite:203 - Set database path to: /home/moonflax/.stmcufinder/plugins/mcufinder//mcu/cs/
2025-03-27 17:57:13,058 [INFO] MainPanel:272 - HeapMemory: 268435456
2025-03-27 17:57:13,143 [INFO] DbMcusXml:78 - Set database path to: /opt/stm32cubeide/plugins/com.st.stm32cube.common.mx_6.14.0.202502271554//db//mcu/
2025-03-27 17:57:13,144 [INFO] ApiDb:274 - Set plugin database path to: /opt/stm32cubeide/plugins/com.st.stm32cube.common.mx_6.14.0.202502271554//db//plugins/boardmanager/
2025-03-27 17:57:13,144 [INFO] ApiDb:261 - Set plugin images path to: /opt/stm32cubeide/plugins/com.st.stm32cube.common.mx_6.14.0.202502271554//db//plugins/mcufinder/images/
2025-03-27 17:57:13,144 [WARN] DbFile:41 - Overriding database path with different value: /home/moonflax/.stmcufinder/plugins/mcufinder/ => /home/moonflax/.stmcufinder/plugins/mcufinder
2025-03-27 17:57:13,144 [INFO] ApiDb:250 - Set database path to: /home/moonflax/.stmcufinder/plugins/mcufinder//mcu/
2025-03-27 17:57:13,144 [WARN] DbFile:41 - Overriding database path with different value: /home/moonflax/.stmcufinder/plugins/mcufinder/ => /home/moonflax/.stmcufinder/plugins/mcufinder
2025-03-27 17:57:13,144 [INFO] DbMcusAds:125 - Set database path to: /home/moonflax/.stmcufinder/plugins/mcufinder//mcu/
2025-03-27 17:57:13,144 [WARN] DbFile:41 - Overriding database path with different value: /home/moonflax/.stmcufinder/plugins/mcufinder/ => /home/moonflax/.stmcufinder/plugins/mcufinder
2025-03-27 17:57:13,144 [WARN] DbFile:41 - Overriding database path with different value: /home/moonflax/.stmcufinder/plugins/mcufinder/ => /home/moonflax/.stmcufinder/plugins/mcufinder
2025-03-27 17:57:13,144 [INFO] CrossReferenceDbSqlite:203 - Set database path to: /home/moonflax/.stmcufinder/plugins/mcufinder//mcu/cs/
2025-03-27 17:57:13,155 [INFO] ApplicationProperties:184 - Using Application install path: /opt/stm32cubeide/plugins/com.st.stm32cube.common.mx_6.14.0.202502271554
2025-03-27 17:57:13,156 [INFO] PluginManage:196 - Search for loadable plugins [exclusion list=, ]
2025-03-27 17:57:13,157 [INFO] PluginManage:310 - Check plugin analytics
2025-03-27 17:57:13,259 [INFO] AnalyticsPlugin:253 - Accepted Software Licenses: 
2025-03-27 17:57:13,259 [INFO] AnalyticsPlugin:255 - Accepted CMSIS Pack Licenses: 
2025-03-27 17:57:13,259 [INFO] AnalyticsPlugin:257 - Accepted Firmware Licenses: FW.L4.1.18.0
2025-03-27 17:57:13,261 [INFO] PluginManage:359 - Loaded plugin analytics (category:tool,tabindex:-1)
2025-03-27 17:57:13,261 [INFO] PluginManage:310 - Check plugin cadmodel
2025-03-27 17:57:13,265 [INFO] CADModel:105 - Init CAD model plugin
2025-03-27 17:57:13,265 [INFO] PluginManage:359 - Loaded plugin cadmodel (category:power,tabindex:5)
2025-03-27 17:57:13,265 [INFO] PluginManage:310 - Check plugin clock
2025-03-27 17:57:13,272 [INFO] PluginManage:359 - Loaded plugin clock (category:base,tabindex:2)
2025-03-27 17:57:13,272 [INFO] PluginManage:310 - Check plugin ddr
2025-03-27 17:57:13,274 [INFO] PluginManage:359 - Loaded plugin ddr (category:tool,tabindex:6)
2025-03-27 17:57:13,274 [INFO] PluginManage:310 - Check plugin filemanager
2025-03-27 17:57:13,372 [INFO] PluginManage:359 - Loaded plugin filemanager (category:base,tabindex:10)
2025-03-27 17:57:13,373 [INFO] PluginManage:310 - Check plugin ipmanager
2025-03-27 17:57:13,376 [INFO] PluginManage:359 - Loaded plugin ipmanager (category:base,tabindex:5)
2025-03-27 17:57:13,376 [INFO] PluginManage:310 - Check plugin lpbam
2025-03-27 17:57:13,384 [INFO] PluginManage:359 - Loaded plugin lpbam (category:base,tabindex:0)
2025-03-27 17:57:13,384 [INFO] PluginManage:310 - Check plugin memorymap
2025-03-27 17:57:13,391 [INFO] PluginManage:359 - Loaded plugin memorymap (category:base,tabindex:4)
2025-03-27 17:57:13,391 [INFO] PluginManage:310 - Check plugin pinoutandconfiguration
2025-03-27 17:57:13,397 [INFO] PluginManage:359 - Loaded plugin pinoutandconfiguration (category:base,tabindex:1)
2025-03-27 17:57:13,398 [INFO] PluginManage:310 - Check plugin pinoutconfig
2025-03-27 17:57:13,451 [WARN] SupportedApi:132 - Cannot load RTOS API schema: s4s-elt-must-match.1: The content of 'definitions' must match (annotation?, (simpleType | complexType)?, (unique | key | keyref)*)). A problem was found starting at: attribute.
2025-03-27 17:57:13,534 [INFO] PluginManage:359 - Loaded plugin pinoutconfig (category:base,tabindex:0)
2025-03-27 17:57:13,534 [INFO] PluginManage:310 - Check plugin power
2025-03-27 17:57:13,542 [INFO] PluginManage:359 - Loaded plugin power (category:power,tabindex:4)
2025-03-27 17:57:13,542 [INFO] PluginManage:310 - Check plugin projectmanager
2025-03-27 17:57:13,555 [INFO] PluginManage:359 - Loaded plugin projectmanager (category:projectmanager,tabindex:4)
2025-03-27 17:57:13,555 [INFO] PluginManage:310 - Check plugin rif
2025-03-27 17:57:13,563 [INFO] PluginManage:359 - Loaded plugin rif (category:base,tabindex:3)
2025-03-27 17:57:13,563 [INFO] PluginManage:310 - Check plugin thirdparty
2025-03-27 17:57:13,653 [INFO] PluginManage:359 - Loaded plugin thirdparty (category:base,tabindex:-1)
2025-03-27 17:57:13,652 [WARN] IntegrityCheckThread:84 - waiting for thirdparty lock release [integrity check]
2025-03-27 17:57:13,653 [INFO] PluginManage:310 - Check plugin tools
2025-03-27 17:57:13,653 [INFO] IntegrityCheckThread:86 - entering critical section [integrity check]
2025-03-27 17:57:13,653 [INFO] ThirdPartyUpdaterWithRetryManager:70 - Updater plugin not ready yet. [1/15]
2025-03-27 17:57:13,654 [INFO] PluginManage:359 - Loaded plugin tools (category:base,tabindex:7)
2025-03-27 17:57:13,655 [INFO] PluginManage:310 - Check plugin tutovideos
2025-03-27 17:57:13,766 [INFO] PluginManage:359 - Loaded plugin tutovideos (category:base,tabindex:-1)
2025-03-27 17:57:13,766 [INFO] PluginManage:310 - Check plugin updater
2025-03-27 17:57:13,783 [INFO] PluginManage:359 - Loaded plugin updater (category:base,tabindex:12)
2025-03-27 17:57:13,783 [INFO] PluginManage:310 - Check plugin userauth
2025-03-27 17:57:13,786 [INFO] UserAuth:118 - Init User Auth plugin
2025-03-27 17:57:13,787 [INFO] PluginManage:359 - Loaded plugin userauth (category:base,tabindex:14)
2025-03-27 17:57:13,788 [INFO] PluginManage:283 - PluginManage : Loaded plugins [18]
2025-03-27 17:57:13,903 [INFO] PinOutPanel:1589 - setPackage(No Configuration,No Configuration)
2025-03-27 17:57:13,966 [INFO] CADModel:165 - CPN selected for project level
2025-03-27 17:57:13,967 [INFO] CADModel:114 - Register for checkConnection events
2025-03-27 17:57:13,979 [INFO] IPUIPlugin:80 - create IPUIPlugin
2025-03-27 17:57:13,979 [INFO] PluginManager:220 - loadIPPluginJar : add usbx
2025-03-27 17:57:13,981 [INFO] IPUIPlugin:80 - create IPUIPlugin
2025-03-27 17:57:13,981 [INFO] PluginManager:220 - loadIPPluginJar : add spi
2025-03-27 17:57:13,982 [INFO] IPUIPlugin:80 - create IPUIPlugin
2025-03-27 17:57:13,983 [INFO] PluginManager:220 - loadIPPluginJar : add radio
2025-03-27 17:57:13,985 [INFO] IPUIPlugin:80 - create IPUIPlugin
2025-03-27 17:57:13,985 [INFO] PluginManager:220 - loadIPPluginJar : add pdm2pcm
2025-03-27 17:57:13,988 [INFO] IPUIPlugin:80 - create IPUIPlugin
2025-03-27 17:57:13,988 [INFO] PluginManager:220 - loadIPPluginJar : add ipddr
2025-03-27 17:57:13,989 [INFO] IPUIPlugin:80 - create IPUIPlugin
2025-03-27 17:57:13,989 [INFO] PluginManager:220 - loadIPPluginJar : add i3c
2025-03-27 17:57:13,994 [INFO] IPUIPlugin:80 - create IPUIPlugin
2025-03-27 17:57:13,996 [INFO] PluginManager:220 - loadIPPluginJar : add plateformsettings
2025-03-27 17:57:13,998 [INFO] IPUIPlugin:80 - create IPUIPlugin
2025-03-27 17:57:13,998 [INFO] PluginManager:220 - loadIPPluginJar : add sai
2025-03-27 17:57:14,004 [INFO] IPUIPlugin:80 - create IPUIPlugin
2025-03-27 17:57:14,004 [INFO] PluginManager:220 - loadIPPluginJar : add adc
2025-03-27 17:57:14,007 [INFO] IPUIPlugin:80 - create IPUIPlugin
2025-03-27 17:57:14,007 [INFO] PluginManager:220 - loadIPPluginJar : add fmc
2025-03-27 17:57:14,008 [INFO] IPUIPlugin:80 - create IPUIPlugin
2025-03-27 17:57:14,008 [INFO] PluginManager:220 - loadIPPluginJar : add tsc
2025-03-27 17:57:14,010 [INFO] IPUIPlugin:80 - create IPUIPlugin
2025-03-27 17:57:14,010 [INFO] PluginManager:220 - loadIPPluginJar : add touchsensing
2025-03-27 17:57:14,016 [INFO] IPUIPlugin:80 - create IPUIPlugin
2025-03-27 17:57:14,016 [INFO] PluginManager:220 - loadIPPluginJar : add linkedlist
2025-03-27 17:57:14,017 [INFO] IPUIPlugin:80 - create IPUIPlugin
2025-03-27 17:57:14,017 [INFO] PluginManager:220 - loadIPPluginJar : add lorawan
2025-03-27 17:57:14,018 [INFO] IPUIPlugin:80 - create IPUIPlugin
2025-03-27 17:57:14,019 [INFO] PluginManager:220 - loadIPPluginJar : add tim
2025-03-27 17:57:14,020 [INFO] IPUIPlugin:80 - create IPUIPlugin
2025-03-27 17:57:14,020 [INFO] PluginManager:220 - loadIPPluginJar : add cryp
2025-03-27 17:57:14,022 [INFO] IPUIPlugin:80 - create IPUIPlugin
2025-03-27 17:57:14,022 [INFO] PluginManager:220 - loadIPPluginJar : add ddr_ctrl_phy
2025-03-27 17:57:14,026 [INFO] IPUIPlugin:80 - create IPUIPlugin
2025-03-27 17:57:14,026 [INFO] PluginManager:220 - loadIPPluginJar : add gpio
2025-03-27 17:57:14,027 [INFO] IPUIPlugin:80 - create IPUIPlugin
2025-03-27 17:57:14,027 [INFO] PluginManager:220 - loadIPPluginJar : add extmemmanager
2025-03-27 17:57:14,029 [INFO] IPUIPlugin:80 - create IPUIPlugin
2025-03-27 17:57:14,029 [INFO] PluginManager:220 - loadIPPluginJar : add aes
2025-03-27 17:57:14,030 [INFO] IPUIPlugin:80 - create IPUIPlugin
2025-03-27 17:57:14,030 [INFO] PluginManager:220 - loadIPPluginJar : add ucpd
2025-03-27 17:57:14,033 [INFO] IPUIPlugin:80 - create IPUIPlugin
2025-03-27 17:57:14,034 [INFO] PluginManager:220 - loadIPPluginJar : add resmgrutility
2025-03-27 17:57:14,035 [INFO] IPUIPlugin:80 - create IPUIPlugin
2025-03-27 17:57:14,035 [INFO] PluginManager:220 - loadIPPluginJar : add usart
2025-03-27 17:57:14,037 [INFO] IPUIPlugin:80 - create IPUIPlugin
2025-03-27 17:57:14,037 [INFO] PluginManager:220 - loadIPPluginJar : add dfsdm
2025-03-27 17:57:14,038 [INFO] IPUIPlugin:80 - create IPUIPlugin
2025-03-27 17:57:14,038 [INFO] PluginManager:220 - loadIPPluginJar : add tracer_emb
2025-03-27 17:57:14,041 [INFO] IPUIPlugin:80 - create IPUIPlugin
2025-03-27 17:57:14,041 [INFO] PluginManager:220 - loadIPPluginJar : add nvic
2025-03-27 17:57:14,042 [INFO] IPUIPlugin:80 - create IPUIPlugin
2025-03-27 17:57:14,042 [INFO] PluginManager:220 - loadIPPluginJar : add quadspi
2025-03-27 17:57:14,047 [INFO] IPUIPlugin:80 - create IPUIPlugin
2025-03-27 17:57:14,047 [INFO] PluginManager:220 - loadIPPluginJar : add dma
2025-03-27 17:57:14,049 [INFO] IPUIPlugin:80 - create IPUIPlugin
2025-03-27 17:57:14,049 [INFO] PluginManager:220 - loadIPPluginJar : add opamp
2025-03-27 17:57:14,050 [INFO] IPUIPlugin:80 - create IPUIPlugin
2025-03-27 17:57:14,050 [INFO] PluginManager:220 - loadIPPluginJar : add hash
2025-03-27 17:57:14,055 [INFO] IPUIPlugin:80 - create IPUIPlugin
2025-03-27 17:57:14,055 [INFO] PluginManager:220 - loadIPPluginJar : add mdma
2025-03-27 17:57:14,059 [INFO] IPUIPlugin:80 - create IPUIPlugin
2025-03-27 17:57:14,059 [INFO] PluginManager:220 - loadIPPluginJar : add stm32_wpan
2025-03-27 17:57:14,061 [INFO] IPUIPlugin:80 - create IPUIPlugin
2025-03-27 17:57:14,061 [INFO] PluginManager:220 - loadIPPluginJar : add can
2025-03-27 17:57:14,062 [INFO] IPUIPlugin:80 - create IPUIPlugin
2025-03-27 17:57:14,062 [INFO] PluginManager:220 - loadIPPluginJar : add i2s
2025-03-27 17:57:14,066 [INFO] IPUIPlugin:80 - create IPUIPlugin
2025-03-27 17:57:14,066 [INFO] PluginManager:220 - loadIPPluginJar : add gic
2025-03-27 17:57:14,068 [INFO] IPUIPlugin:80 - create IPUIPlugin
2025-03-27 17:57:14,068 [INFO] PluginManager:220 - loadIPPluginJar : add openamp
2025-03-27 17:57:14,069 [INFO] IPUIPlugin:80 - create IPUIPlugin
2025-03-27 17:57:14,069 [INFO] PluginManager:220 - loadIPPluginJar : add dma3
2025-03-27 17:57:14,070 [INFO] IPUIPlugin:80 - create IPUIPlugin
2025-03-27 17:57:14,070 [INFO] PluginManager:220 - loadIPPluginJar : add genericplugin
2025-03-27 17:57:14,071 [INFO] IPUIPlugin:80 - create IPUIPlugin
2025-03-27 17:57:14,071 [INFO] PluginManager:220 - loadIPPluginJar : add comp
2025-03-27 17:57:14,072 [INFO] IPUIPlugin:80 - create IPUIPlugin
2025-03-27 17:57:14,072 [INFO] PluginManager:220 - loadIPPluginJar : add ltdc
2025-03-27 17:57:14,075 [INFO] IPUIPlugin:80 - create IPUIPlugin
2025-03-27 17:57:14,076 [INFO] PluginManager:220 - loadIPPluginJar : add freertos
2025-03-27 17:57:14,077 [INFO] IPUIPlugin:80 - create IPUIPlugin
2025-03-27 17:57:14,077 [INFO] PluginManager:220 - loadIPPluginJar : add ts
2025-03-27 17:57:14,078 [INFO] IPUIPlugin:80 - create IPUIPlugin
2025-03-27 17:57:14,078 [INFO] PluginManager:220 - loadIPPluginJar : add i2c
2025-03-27 17:57:14,079 [INFO] IPUIPlugin:80 - create IPUIPlugin
2025-03-27 17:57:14,079 [INFO] PluginManager:220 - loadIPPluginJar : add gfxmmu
2025-03-27 17:57:14,081 [INFO] IPUIPlugin:80 - create IPUIPlugin
2025-03-27 17:57:14,081 [INFO] PluginManager:220 - loadIPPluginJar : add gtzc
2025-03-27 17:57:14,082 [INFO] IPUIPlugin:80 - create IPUIPlugin
2025-03-27 17:57:14,082 [INFO] PluginManager:220 - loadIPPluginJar : add fatfs
2025-03-27 17:57:14,172 [FATAL] Updater:351 - Updater called before beeing initialized
2025-03-27 17:57:14,200 [INFO] RulesReader:64 - Compatibility file has been processed (301 Rules)
2025-03-27 17:57:14,207 [INFO] RulesReader:64 - Compatibility file has been processed (301 Rules)
2025-03-27 17:57:14,211 [INFO] CADModel:165 - CPN selected for project level
2025-03-27 17:57:14,212 [INFO] CADModel:114 - Register for checkConnection events
2025-03-27 17:57:14,212 [FATAL] Updater:351 - Updater called before beeing initialized
2025-03-27 17:57:14,212 [ERROR] CADModel:125 - Updater not yet initialized, retry later 
2025-03-27 17:57:14,288 [FATAL] Updater:351 - Updater called before beeing initialized
2025-03-27 17:57:14,290 [INFO] CADModel:165 - CPN selected for project level
2025-03-27 17:57:14,290 [INFO] CADModel:114 - Register for checkConnection events
2025-03-27 17:57:14,290 [FATAL] Updater:351 - Updater called before beeing initialized
2025-03-27 17:57:14,290 [ERROR] CADModel:125 - Updater not yet initialized, retry later 
2025-03-27 17:57:14,292 [FATAL] Updater:351 - Updater called before beeing initialized
2025-03-27 17:57:14,341 [FATAL] Updater:351 - Updater called before beeing initialized
2025-03-27 17:57:14,344 [INFO] DbMcusAds:53 - JSON generation date=Thu Mar 06 11:54:21 CLST 2025 (1741272861825)
2025-03-27 17:57:14,344 [FATAL] Updater:351 - Updater called before beeing initialized
2025-03-27 17:57:14,366 [WARN] DetailPanel:346 - Failed to get advertising image, set to default
2025-03-27 17:57:14,520 [FATAL] Updater:351 - Updater called before beeing initialized
2025-03-27 17:57:14,521 [FATAL] Updater:351 - Updater called before beeing initialized
2025-03-27 17:57:14,522 [FATAL] Updater:351 - Updater called before beeing initialized
2025-03-27 17:57:14,522 [WARN] DetailPanel:346 - Failed to get advertising image, set to default
2025-03-27 17:57:14,522 [FATAL] Updater:351 - Updater called before beeing initialized
2025-03-27 17:57:14,542 [ERROR] Updater:1198 - MainUpdater not yet initialized. External WinMGr cannot be set.
2025-03-27 17:57:14,544 [INFO] Updater:1134 - Updater Version found : 6.14.0
2025-03-27 17:57:14,558 [INFO] ApplicationProperties:184 - Using Application install path: /opt/stm32cubeide/plugins/com.st.stm32cube.common.mx_6.14.0.202502271554
2025-03-27 17:57:14,716 [INFO] MainUpdater:2872 - connection check result : 10
2025-03-27 17:57:14,717 [INFO] MainUpdater:289 - Updater Check For Update Now.
2025-03-27 17:57:14,717 [INFO] MicroXplorer:498 - Change Database Version : DB.6.0.140
2025-03-27 17:57:14,720 [INFO] McuFinderGlobals:63 - Set McuFinder mode to 2 (CubeIDE integrated)
2025-03-27 17:57:14,721 [INFO] UserAuth:486 - Internet connection configuration mode: 1
2025-03-27 17:57:14,734 [INFO] JxBrowserEngine:152 - Initiate JxBrowser Engine with user profile folder
2025-03-27 17:57:14,863 [INFO] CheckServerUpdateThread:120 - End of CheckServer Thread
2025-03-27 17:57:15,388 [INFO] WebApp:169 - Instantiating new browser for Auth
2025-03-27 17:57:15,898 [INFO] WebApp:463 - Apply proxy settings
2025-03-27 17:57:15,898 [INFO] WebApp:548 - Chromium requires no authentication
2025-03-27 17:57:15,906 [INFO] WebApp:491 - Direct internet connection detected
2025-03-27 17:57:15,920 [INFO] WebApp:894 - Register for checkConnection events
2025-03-27 17:57:15,920 [INFO] WebApp:463 - Apply proxy settings
2025-03-27 17:57:15,920 [INFO] WebApp:548 - Chromium requires no authentication
2025-03-27 17:57:15,921 [INFO] WebApp:491 - Direct internet connection detected
2025-03-27 17:57:16,022 [INFO] WebApp:225 - Starting web application
2025-03-27 17:57:16,022 [INFO] WebApp:593 - Web application path used /opt/stm32cubeide/plugins/com.st.stm32cube.common.mx_6.14.0.202502271554/db/plugins/mcufinder/reactClient1/index.html
2025-03-27 17:57:16,112 [INFO] WebApp:191 - Connection restablished
2025-03-27 17:57:16,126 [INFO] UserAuth:486 - Internet connection configuration mode: 1
2025-03-27 17:57:16,731 [WARN] PackLoader:240 - Cannot read IP mode file for STMicroelectronics.FP-SNS-MOTENVWB1.1.4.0
2025-03-27 17:57:16,736 [WARN] PackLoader:240 - Cannot read IP mode file for STMicroelectronics.FP-ATR-ASTRA1.2.0.2
2025-03-27 17:57:16,741 [WARN] PackLoader:240 - Cannot read IP mode file for STMicroelectronics.X-CUBE-SMBUS.2.1.0
2025-03-27 17:57:16,747 [WARN] PackLoader:240 - Cannot read IP mode file for STMicroelectronics.X-CUBE-WB05N.1.1.0
2025-03-27 17:57:16,773 [WARN] PackLoader:240 - Cannot read IP mode file for STMicroelectronics.X-CUBE-AZRTOS-F7.1.1.0
2025-03-27 17:57:16,807 [WARN] PackLoader:240 - Cannot read IP mode file for Infineon.AIROC-Wi-Fi-Bluetooth-STM32.1.7.0
2025-03-27 17:57:16,819 [WARN] PackLoader:240 - Cannot read IP mode file for STMicroelectronics.X-CUBE-DISPLAY.3.0.0
2025-03-27 17:57:16,828 [WARN] PackLoader:240 - Cannot read IP mode file for STMicroelectronics.X-CUBE-NFC10.1.0.0
2025-03-27 17:57:16,839 [WARN] PackLoader:240 - Cannot read IP mode file for STMicroelectronics.X-CUBE-BLEMGR.4.0.0
2025-03-27 17:57:16,845 [WARN] PackLoader:240 - Cannot read IP mode file for emotas.I-CUBE-CANOPEN.1.3.0
2025-03-27 17:57:16,848 [WARN] ConditionMgr:438 - getConditionDescription Invalid condition id : Cortex-A Device cause : null
2025-03-27 17:57:16,877 [WARN] ConditionMgr:1044 - genDependencies : Invalid condition id : Cortex-A Device cause : null
2025-03-27 17:57:16,877 [WARN] ConditionMgr:1044 - genDependencies : Invalid condition id : Cortex-A Device cause : null
2025-03-27 17:57:16,877 [WARN] ConditionMgr:1044 - genDependencies : Invalid condition id : Cortex-A Device cause : null
2025-03-27 17:57:16,881 [WARN] PackLoader:240 - Cannot read IP mode file for STMicroelectronics.X-CUBE-AI.10.0.0
2025-03-27 17:57:16,884 [WARN] PackLoader:240 - Cannot read IP mode file for STMicroelectronics.FP-SNS-SMARTAG2.1.2.0
2025-03-27 17:57:16,887 [WARN] PackLoader:240 - Cannot read IP mode file for STMicroelectronics.FP-SNS-FLIGHT1.5.1.0
2025-03-27 17:57:16,930 [WARN] PackLoader:240 - Cannot read IP mode file for STMicroelectronics.X-CUBE-MEMS1.11.1.0
2025-03-27 17:57:17,057 [INFO] LogOutputStream:77 - [STDOUT_REDIRECT] 1 : Invalid condition id : UX_CORESTACK_Condition cause : null
2025-03-27 17:57:17,058 [INFO] LogOutputStream:77 - [STDOUT_REDIRECT] 1 : Invalid condition id : UX_CORESTACK_Condition cause : null
2025-03-27 17:57:17,058 [INFO] LogOutputStream:77 - [STDOUT_REDIRECT] 1 : Invalid condition id : UX_CORESTACK_Condition cause : null
2025-03-27 17:57:17,058 [INFO] LogOutputStream:77 - [STDOUT_REDIRECT] 1 : Invalid condition id : UX_CORESTACK_Condition cause : null
2025-03-27 17:57:17,058 [INFO] LogOutputStream:77 - [STDOUT_REDIRECT] 1 : Invalid condition id : UX_CORESTACK_Condition cause : null
2025-03-27 17:57:17,060 [WARN] PackLoader:240 - Cannot read IP mode file for STMicroelectronics.X-CUBE-AZRTOS-WL.2.0.0
2025-03-27 17:57:17,065 [WARN] PackLoader:240 - Cannot read IP mode file for STMicroelectronics.FP-SNS-MOTENV1.5.0.0
2025-03-27 17:57:17,069 [WARN] PackLoader:240 - Cannot read IP mode file for WES.I-CUBE-Cesium.1.3.0
2025-03-27 17:57:17,072 [WARN] PackLoader:240 - Cannot read IP mode file for STMicroelectronics.X-CUBE-BLE2.3.3.0
2025-03-27 17:57:17,076 [WARN] PackLoader:240 - Cannot read IP mode file for STMicroelectronics.X-CUBE-NFC9.1.0.0
2025-03-27 17:57:17,080 [WARN] PackLoader:240 - Cannot read IP mode file for STMicroelectronics.X-CUBE-BLE1.7.1.0
2025-03-27 17:57:17,084 [WARN] PackLoader:240 - Cannot read IP mode file for wolfSSL.I-CUBE-wolfMQTT.1.19.2
2025-03-27 17:57:17,094 [WARN] PackLoader:240 - Cannot read IP mode file for STMicroelectronics.X-CUBE-AZRTOS-G0.1.1.0
2025-03-27 17:57:17,099 [WARN] PackLoader:240 - Cannot read IP mode file for STMicroelectronics.X-CUBE-SAFEA1.1.2.2
2025-03-27 17:57:17,103 [WARN] PackLoader:240 - Cannot read IP mode file for STMicroelectronics.X-CUBE-NFC4.3.0.0
2025-03-27 17:57:17,109 [WARN] PackLoader:240 - Cannot read IP mode file for EmbeddedOffice.I-CUBE-FS-RTOS.1.0.1
2025-03-27 17:57:17,111 [WARN] PackLoader:240 - Cannot read IP mode file for wolfSSL.I-CUBE-wolfTPM.3.8.0
2025-03-27 17:57:17,115 [WARN] PackLoader:240 - Cannot read IP mode file for STMicroelectronics.X-CUBE-TCPP.4.2.0
2025-03-27 17:57:17,119 [WARN] PackLoader:240 - Cannot read IP mode file for RealThread.X-CUBE-RT-Thread_Nano.4.1.1
2025-03-27 17:57:17,121 [WARN] PackLoader:240 - Cannot read IP mode file for STMicroelectronics.FP-ATR-SIGFOX1.3.2.0
2025-03-27 17:57:17,124 [WARN] PackLoader:240 - Cannot read IP mode file for STMicroelectronics.X-CUBE-EEPRMA1.5.1.0
2025-03-27 17:57:17,129 [WARN] PackLoader:240 - Cannot read IP mode file for wolfSSL.I-CUBE-wolfSSL.5.7.6
2025-03-27 17:57:17,135 [WARN] PackLoader:240 - Cannot read IP mode file for ITTIA_DB.I-CUBE-ITTIADB.8.9.0
2025-03-27 17:57:17,163 [WARN] PackLoader:240 - Cannot read IP mode file for SEGGER.I-CUBE-embOS.1.3.1
2025-03-27 17:57:17,197 [WARN] PackLoader:240 - Cannot read IP mode file for STMicroelectronics.X-CUBE-ALGOBUILD.1.4.0
2025-03-27 17:57:17,209 [WARN] PackLoader:240 - Cannot read IP mode file for STMicroelectronics.X-CUBE-AZRTOS-F4.1.1.0
2025-03-27 17:57:17,218 [WARN] PackLoader:240 - Cannot read IP mode file for STMicroelectronics.X-CUBE-ISPU.2.1.0
2025-03-27 17:57:17,235 [WARN] PackLoader:240 - Cannot read IP mode file for STMicroelectronics.X-CUBE-AZRTOS-L5.2.0.0
2025-03-27 17:57:17,244 [WARN] PackLoader:240 - Cannot read IP mode file for STMicroelectronics.X-CUBE-NFC6.3.1.0
2025-03-27 17:57:17,248 [WARN] PackLoader:240 - Cannot read IP mode file for STMicroelectronics.X-CUBE-DPower.1.2.0
2025-03-27 17:57:17,253 [WARN] PackLoader:240 - Cannot read IP mode file for STMicroelectronics.X-CUBE-FREERTOS.1.3.0
2025-03-27 17:57:17,257 [WARN] PackLoader:240 - Cannot read IP mode file for STMicroelectronics.X-CUBE-NFC7.1.0.1
2025-03-27 17:57:17,270 [WARN] ConditionMgr:438 - getConditionDescription Invalid condition id : LAN8742 Phy interface Condition cause : null
2025-03-27 17:57:17,270 [WARN] PackLoader:240 - Cannot read IP mode file for STMicroelectronics.X-CUBE-AZRTOS-L4.2.0.0
2025-03-27 17:57:17,271 [WARN] ConditionMgr:1044 - genDependencies : Invalid condition id : LAN8742 Phy interface Condition cause : null
2025-03-27 17:57:17,272 [WARN] ConditionMgr:1044 - genDependencies : Invalid condition id : LAN8742 Phy interface Condition cause : null
2025-03-27 17:57:17,272 [WARN] ConditionMgr:1044 - genDependencies : Invalid condition id : LAN8742 Phy interface Condition cause : null
2025-03-27 17:57:17,280 [WARN] PackLoader:240 - Cannot read IP mode file for STMicroelectronics.X-CUBE-SFXS2LP1.4.0.0
2025-03-27 17:57:17,293 [WARN] PackLoader:240 - Cannot read IP mode file for STMicroelectronics.X-CUBE-AZRTOS-H7.3.3.0
2025-03-27 17:57:17,305 [WARN] ConditionMgr:438 - getConditionDescription Invalid condition id : UX DEVICE CLASS RTOS Condition cause : null
2025-03-27 17:57:17,305 [WARN] ConditionMgr:438 - getConditionDescription Invalid condition id : UX DEVICE CLASS RTOS Condition cause : null
2025-03-27 17:57:17,306 [WARN] PackLoader:240 - Cannot read IP mode file for STMicroelectronics.X-CUBE-AZRTOS-WB.2.0.0
2025-03-27 17:57:17,307 [WARN] ConditionMgr:1044 - genDependencies : Invalid condition id : UX DEVICE CLASS RTOS Condition cause : null
2025-03-27 17:57:17,307 [WARN] ConditionMgr:1044 - genDependencies : Invalid condition id : UX DEVICE CLASS RTOS Condition cause : null
2025-03-27 17:57:17,307 [WARN] ConditionMgr:1044 - genDependencies : Invalid condition id : UX DEVICE CLASS RTOS Condition cause : null
2025-03-27 17:57:17,307 [WARN] ConditionMgr:1044 - genDependencies : Invalid condition id : UX DEVICE CLASS RTOS Condition cause : null
2025-03-27 17:57:17,307 [WARN] ConditionMgr:1044 - genDependencies : Invalid condition id : UX DEVICE CLASS RTOS Condition cause : null
2025-03-27 17:57:17,312 [WARN] PackLoader:240 - Cannot read IP mode file for STMicroelectronics.X-CUBE-GNSS1.7.0.1
2025-03-27 17:57:17,316 [WARN] PackLoader:240 - Cannot read IP mode file for STMicroelectronics.X-CUBE-TOUCHGFX.4.25.0
2025-03-27 17:57:17,320 [WARN] PackLoader:240 - Cannot read IP mode file for STMicroelectronics.FP-SNS-STBOX1.2.0.0
2025-03-27 17:57:17,327 [WARN] PackLoader:240 - Cannot read IP mode file for STMicroelectronics.X-CUBE-SUBG2.5.0.0
2025-03-27 17:57:17,357 [WARN] PackLoader:240 - Cannot read IP mode file for STMicroelectronics.X-CUBE-AZRTOS-H7RS.1.1.0
2025-03-27 17:57:17,364 [WARN] PackLoader:240 - Cannot read IP mode file for Cesanta.I-CUBE-Mongoose.7.13.0
2025-03-27 17:57:17,377 [WARN] PackLoader:240 - Cannot read IP mode file for STMicroelectronics.X-CUBE-AZRTOS-G4.2.0.0
2025-03-27 17:57:17,381 [WARN] PackLoader:240 - Cannot read IP mode file for wolfSSL.I-CUBE-wolfSSH.1.4.20
2025-03-27 17:57:17,411 [WARN] PackLoader:240 - Cannot read IP mode file for STMicroelectronics.X-CUBE-IPS.3.1.0
2025-03-27 17:57:17,426 [WARN] PackLoader:240 - Cannot read IP mode file for STMicroelectronics.X-CUBE-ALS.1.0.2
2025-03-27 17:57:17,433 [WARN] PackLoader:240 - Cannot read IP mode file for portGmbH.I-Cube-SoM-uGOAL.1.1.0
2025-03-27 17:57:17,447 [WARN] PackLoader:240 - Cannot read IP mode file for STMicroelectronics.X-CUBE-TOF1.3.4.2
2025-03-27 17:57:17,461 [INFO] ThirdParty:978 - Integrity check success = true
2025-03-27 17:57:17,462 [INFO] IntegrityCheckThread:100 - exiting critical section [integrity check]
2025-03-27 17:57:17,462 [INFO] IntegrityCheckThread:103 - End integrity checks thread
2025-03-27 18:31:41,433 [ERROR] LogOutputStream:75 - [STDERR_REDIRECT] 
