2025-03-31 11:30:34,661 [INFO] Activator:176 - 


2025-03-31 11:30:34,664 [INFO] Activator:177 - !SESSION log4j initialized
2025-03-31 11:30:36,692 [INFO] LogOutputStream:77 - [STDOUT_REDIRECT] 
2025-03-31 11:30:37,714 [INFO] ApplicationProperties:184 - Using Application install path: /opt/stm32cubeide/plugins/com.st.stm32cube.common.mx_6.14.0.202502271554
2025-03-31 11:30:37,730 [INFO] DbMcusXml:78 - Set database path to: /opt/stm32cubeide/plugins/com.st.stm32cube.common.mx_6.14.0.202502271554//db//mcu/
2025-03-31 11:30:37,731 [INFO] ApiDb:274 - Set plugin database path to: /opt/stm32cubeide/plugins/com.st.stm32cube.common.mx_6.14.0.202502271554//db//plugins/boardmanager/
2025-03-31 11:30:37,731 [WARN] ApiDb:259 - Overriding images path with different value:  => /opt/stm32cubeide/plugins/com.st.stm32cube.common.mx_6.14.0.202502271554//db//plugins/mcufinder/images/
2025-03-31 11:30:37,740 [INFO] ApiDb:250 - Set database path to: /home/moonflax/.stmcufinder/plugins/mcufinder//mcu/
2025-03-31 11:30:37,741 [INFO] DbMcusAds:125 - Set database path to: /home/moonflax/.stmcufinder/plugins/mcufinder//mcu/
2025-03-31 11:30:37,744 [INFO] CrossReferenceDbSqlite:203 - Set database path to: /home/moonflax/.stmcufinder/plugins/mcufinder//mcu/cs/
2025-03-31 11:30:37,856 [INFO] RulesReader:64 - Compatibility file has been processed (301 Rules)
2025-03-31 11:30:37,897 [INFO] DbMcusXml:78 - Set database path to: /opt/stm32cubeide/plugins/com.st.stm32cube.common.mx_6.14.0.202502271554//db//mcu/
2025-03-31 11:30:37,897 [INFO] ApiDb:274 - Set plugin database path to: /opt/stm32cubeide/plugins/com.st.stm32cube.common.mx_6.14.0.202502271554//db//plugins/boardmanager/
2025-03-31 11:30:37,897 [INFO] ApiDb:261 - Set plugin images path to: /opt/stm32cubeide/plugins/com.st.stm32cube.common.mx_6.14.0.202502271554//db//plugins/mcufinder/images/
2025-03-31 11:30:37,897 [WARN] DbFile:41 - Overriding database path with different value: /home/moonflax/.stmcufinder/plugins/mcufinder/ => /home/moonflax/.stmcufinder/plugins/mcufinder
2025-03-31 11:30:37,897 [INFO] ApiDb:250 - Set database path to: /home/moonflax/.stmcufinder/plugins/mcufinder//mcu/
2025-03-31 11:30:37,897 [WARN] DbFile:41 - Overriding database path with different value: /home/moonflax/.stmcufinder/plugins/mcufinder/ => /home/moonflax/.stmcufinder/plugins/mcufinder
2025-03-31 11:30:37,897 [INFO] DbMcusAds:125 - Set database path to: /home/moonflax/.stmcufinder/plugins/mcufinder//mcu/
2025-03-31 11:30:37,897 [WARN] DbFile:41 - Overriding database path with different value: /home/moonflax/.stmcufinder/plugins/mcufinder/ => /home/moonflax/.stmcufinder/plugins/mcufinder
2025-03-31 11:30:37,897 [WARN] DbFile:41 - Overriding database path with different value: /home/moonflax/.stmcufinder/plugins/mcufinder/ => /home/moonflax/.stmcufinder/plugins/mcufinder
2025-03-31 11:30:37,897 [INFO] CrossReferenceDbSqlite:203 - Set database path to: /home/moonflax/.stmcufinder/plugins/mcufinder//mcu/cs/
2025-03-31 11:30:37,942 [INFO] MainPanel:272 - HeapMemory: 268435456
2025-03-31 11:30:38,028 [INFO] DbMcusXml:78 - Set database path to: /opt/stm32cubeide/plugins/com.st.stm32cube.common.mx_6.14.0.202502271554//db//mcu/
2025-03-31 11:30:38,028 [INFO] ApiDb:274 - Set plugin database path to: /opt/stm32cubeide/plugins/com.st.stm32cube.common.mx_6.14.0.202502271554//db//plugins/boardmanager/
2025-03-31 11:30:38,028 [INFO] ApiDb:261 - Set plugin images path to: /opt/stm32cubeide/plugins/com.st.stm32cube.common.mx_6.14.0.202502271554//db//plugins/mcufinder/images/
2025-03-31 11:30:38,028 [WARN] DbFile:41 - Overriding database path with different value: /home/moonflax/.stmcufinder/plugins/mcufinder/ => /home/moonflax/.stmcufinder/plugins/mcufinder
2025-03-31 11:30:38,028 [INFO] ApiDb:250 - Set database path to: /home/moonflax/.stmcufinder/plugins/mcufinder//mcu/
2025-03-31 11:30:38,028 [WARN] DbFile:41 - Overriding database path with different value: /home/moonflax/.stmcufinder/plugins/mcufinder/ => /home/moonflax/.stmcufinder/plugins/mcufinder
2025-03-31 11:30:38,028 [INFO] DbMcusAds:125 - Set database path to: /home/moonflax/.stmcufinder/plugins/mcufinder//mcu/
2025-03-31 11:30:38,029 [WARN] DbFile:41 - Overriding database path with different value: /home/moonflax/.stmcufinder/plugins/mcufinder/ => /home/moonflax/.stmcufinder/plugins/mcufinder
2025-03-31 11:30:38,029 [WARN] DbFile:41 - Overriding database path with different value: /home/moonflax/.stmcufinder/plugins/mcufinder/ => /home/moonflax/.stmcufinder/plugins/mcufinder
2025-03-31 11:30:38,029 [INFO] CrossReferenceDbSqlite:203 - Set database path to: /home/moonflax/.stmcufinder/plugins/mcufinder//mcu/cs/
2025-03-31 11:30:38,039 [INFO] ApplicationProperties:184 - Using Application install path: /opt/stm32cubeide/plugins/com.st.stm32cube.common.mx_6.14.0.202502271554
2025-03-31 11:30:38,040 [INFO] PluginManage:196 - Search for loadable plugins [exclusion list=, ]
2025-03-31 11:30:38,041 [INFO] PluginManage:310 - Check plugin analytics
2025-03-31 11:30:38,143 [INFO] AnalyticsPlugin:253 - Accepted Software Licenses: 
2025-03-31 11:30:38,143 [INFO] AnalyticsPlugin:255 - Accepted CMSIS Pack Licenses: 
2025-03-31 11:30:38,143 [INFO] AnalyticsPlugin:257 - Accepted Firmware Licenses: FW.L4.1.18.0
2025-03-31 11:30:38,145 [INFO] PluginManage:359 - Loaded plugin analytics (category:tool,tabindex:-1)
2025-03-31 11:30:38,145 [INFO] PluginManage:310 - Check plugin cadmodel
2025-03-31 11:30:38,149 [INFO] CADModel:105 - Init CAD model plugin
2025-03-31 11:30:38,149 [INFO] PluginManage:359 - Loaded plugin cadmodel (category:power,tabindex:5)
2025-03-31 11:30:38,149 [INFO] PluginManage:310 - Check plugin clock
2025-03-31 11:30:38,156 [INFO] PluginManage:359 - Loaded plugin clock (category:base,tabindex:2)
2025-03-31 11:30:38,156 [INFO] PluginManage:310 - Check plugin ddr
2025-03-31 11:30:38,158 [INFO] PluginManage:359 - Loaded plugin ddr (category:tool,tabindex:6)
2025-03-31 11:30:38,158 [INFO] PluginManage:310 - Check plugin filemanager
2025-03-31 11:30:38,251 [INFO] PluginManage:359 - Loaded plugin filemanager (category:base,tabindex:10)
2025-03-31 11:30:38,251 [INFO] PluginManage:310 - Check plugin ipmanager
2025-03-31 11:30:38,255 [INFO] PluginManage:359 - Loaded plugin ipmanager (category:base,tabindex:5)
2025-03-31 11:30:38,256 [INFO] PluginManage:310 - Check plugin lpbam
2025-03-31 11:30:38,263 [INFO] PluginManage:359 - Loaded plugin lpbam (category:base,tabindex:0)
2025-03-31 11:30:38,263 [INFO] PluginManage:310 - Check plugin memorymap
2025-03-31 11:30:38,271 [INFO] PluginManage:359 - Loaded plugin memorymap (category:base,tabindex:4)
2025-03-31 11:30:38,271 [INFO] PluginManage:310 - Check plugin pinoutandconfiguration
2025-03-31 11:30:38,278 [INFO] PluginManage:359 - Loaded plugin pinoutandconfiguration (category:base,tabindex:1)
2025-03-31 11:30:38,278 [INFO] PluginManage:310 - Check plugin pinoutconfig
2025-03-31 11:30:38,330 [WARN] SupportedApi:132 - Cannot load RTOS API schema: s4s-elt-must-match.1: The content of 'definitions' must match (annotation?, (simpleType | complexType)?, (unique | key | keyref)*)). A problem was found starting at: attribute.
2025-03-31 11:30:38,420 [INFO] PluginManage:359 - Loaded plugin pinoutconfig (category:base,tabindex:0)
2025-03-31 11:30:38,420 [INFO] PluginManage:310 - Check plugin power
2025-03-31 11:30:38,427 [INFO] PluginManage:359 - Loaded plugin power (category:power,tabindex:4)
2025-03-31 11:30:38,427 [INFO] PluginManage:310 - Check plugin projectmanager
2025-03-31 11:30:38,437 [INFO] PluginManage:359 - Loaded plugin projectmanager (category:projectmanager,tabindex:4)
2025-03-31 11:30:38,437 [INFO] PluginManage:310 - Check plugin rif
2025-03-31 11:30:38,443 [INFO] PluginManage:359 - Loaded plugin rif (category:base,tabindex:3)
2025-03-31 11:30:38,443 [INFO] PluginManage:310 - Check plugin thirdparty
2025-03-31 11:30:38,526 [INFO] PluginManage:359 - Loaded plugin thirdparty (category:base,tabindex:-1)
2025-03-31 11:30:38,526 [WARN] IntegrityCheckThread:84 - waiting for thirdparty lock release [integrity check]
2025-03-31 11:30:38,526 [INFO] PluginManage:310 - Check plugin tools
2025-03-31 11:30:38,526 [INFO] IntegrityCheckThread:86 - entering critical section [integrity check]
2025-03-31 11:30:38,527 [INFO] ThirdPartyUpdaterWithRetryManager:70 - Updater plugin not ready yet. [1/15]
2025-03-31 11:30:38,528 [INFO] PluginManage:359 - Loaded plugin tools (category:base,tabindex:7)
2025-03-31 11:30:38,528 [INFO] PluginManage:310 - Check plugin tutovideos
2025-03-31 11:30:38,666 [INFO] PluginManage:359 - Loaded plugin tutovideos (category:base,tabindex:-1)
2025-03-31 11:30:38,667 [INFO] PluginManage:310 - Check plugin updater
2025-03-31 11:30:38,681 [INFO] PluginManage:359 - Loaded plugin updater (category:base,tabindex:12)
2025-03-31 11:30:38,682 [INFO] PluginManage:310 - Check plugin userauth
2025-03-31 11:30:38,684 [INFO] UserAuth:118 - Init User Auth plugin
2025-03-31 11:30:38,685 [INFO] PluginManage:359 - Loaded plugin userauth (category:base,tabindex:14)
2025-03-31 11:30:38,685 [INFO] PluginManage:283 - PluginManage : Loaded plugins [18]
2025-03-31 11:30:38,796 [INFO] PinOutPanel:1589 - setPackage(No Configuration,No Configuration)
2025-03-31 11:30:38,836 [INFO] CADModel:165 - CPN selected for project level
2025-03-31 11:30:38,836 [INFO] CADModel:114 - Register for checkConnection events
2025-03-31 11:30:38,846 [INFO] IPUIPlugin:80 - create IPUIPlugin
2025-03-31 11:30:38,846 [INFO] PluginManager:220 - loadIPPluginJar : add usbx
2025-03-31 11:30:38,847 [INFO] IPUIPlugin:80 - create IPUIPlugin
2025-03-31 11:30:38,847 [INFO] PluginManager:220 - loadIPPluginJar : add spi
2025-03-31 11:30:38,848 [INFO] IPUIPlugin:80 - create IPUIPlugin
2025-03-31 11:30:38,849 [INFO] PluginManager:220 - loadIPPluginJar : add radio
2025-03-31 11:30:38,850 [INFO] IPUIPlugin:80 - create IPUIPlugin
2025-03-31 11:30:38,850 [INFO] PluginManager:220 - loadIPPluginJar : add pdm2pcm
2025-03-31 11:30:38,853 [INFO] IPUIPlugin:80 - create IPUIPlugin
2025-03-31 11:30:38,853 [INFO] PluginManager:220 - loadIPPluginJar : add ipddr
2025-03-31 11:30:38,854 [INFO] IPUIPlugin:80 - create IPUIPlugin
2025-03-31 11:30:38,854 [INFO] PluginManager:220 - loadIPPluginJar : add i3c
2025-03-31 11:30:38,858 [INFO] IPUIPlugin:80 - create IPUIPlugin
2025-03-31 11:30:38,860 [INFO] PluginManager:220 - loadIPPluginJar : add plateformsettings
2025-03-31 11:30:38,862 [INFO] IPUIPlugin:80 - create IPUIPlugin
2025-03-31 11:30:38,862 [INFO] PluginManager:220 - loadIPPluginJar : add sai
2025-03-31 11:30:38,867 [INFO] IPUIPlugin:80 - create IPUIPlugin
2025-03-31 11:30:38,867 [INFO] PluginManager:220 - loadIPPluginJar : add adc
2025-03-31 11:30:38,869 [INFO] IPUIPlugin:80 - create IPUIPlugin
2025-03-31 11:30:38,870 [INFO] PluginManager:220 - loadIPPluginJar : add fmc
2025-03-31 11:30:38,870 [INFO] IPUIPlugin:80 - create IPUIPlugin
2025-03-31 11:30:38,871 [INFO] PluginManager:220 - loadIPPluginJar : add tsc
2025-03-31 11:30:38,873 [INFO] IPUIPlugin:80 - create IPUIPlugin
2025-03-31 11:30:38,873 [INFO] PluginManager:220 - loadIPPluginJar : add touchsensing
2025-03-31 11:30:38,877 [INFO] IPUIPlugin:80 - create IPUIPlugin
2025-03-31 11:30:38,877 [INFO] PluginManager:220 - loadIPPluginJar : add linkedlist
2025-03-31 11:30:38,879 [INFO] IPUIPlugin:80 - create IPUIPlugin
2025-03-31 11:30:38,879 [INFO] PluginManager:220 - loadIPPluginJar : add lorawan
2025-03-31 11:30:38,880 [INFO] IPUIPlugin:80 - create IPUIPlugin
2025-03-31 11:30:38,880 [INFO] PluginManager:220 - loadIPPluginJar : add tim
2025-03-31 11:30:38,882 [INFO] IPUIPlugin:80 - create IPUIPlugin
2025-03-31 11:30:38,882 [INFO] PluginManager:220 - loadIPPluginJar : add cryp
2025-03-31 11:30:38,885 [INFO] IPUIPlugin:80 - create IPUIPlugin
2025-03-31 11:30:38,885 [INFO] PluginManager:220 - loadIPPluginJar : add ddr_ctrl_phy
2025-03-31 11:30:38,889 [INFO] IPUIPlugin:80 - create IPUIPlugin
2025-03-31 11:30:38,889 [INFO] PluginManager:220 - loadIPPluginJar : add gpio
2025-03-31 11:30:38,891 [INFO] IPUIPlugin:80 - create IPUIPlugin
2025-03-31 11:30:38,891 [INFO] PluginManager:220 - loadIPPluginJar : add extmemmanager
2025-03-31 11:30:38,892 [INFO] IPUIPlugin:80 - create IPUIPlugin
2025-03-31 11:30:38,892 [INFO] PluginManager:220 - loadIPPluginJar : add aes
2025-03-31 11:30:38,894 [INFO] IPUIPlugin:80 - create IPUIPlugin
2025-03-31 11:30:38,894 [INFO] PluginManager:220 - loadIPPluginJar : add ucpd
2025-03-31 11:30:38,896 [INFO] IPUIPlugin:80 - create IPUIPlugin
2025-03-31 11:30:38,896 [INFO] PluginManager:220 - loadIPPluginJar : add resmgrutility
2025-03-31 11:30:38,898 [INFO] IPUIPlugin:80 - create IPUIPlugin
2025-03-31 11:30:38,898 [INFO] PluginManager:220 - loadIPPluginJar : add usart
2025-03-31 11:30:38,899 [INFO] IPUIPlugin:80 - create IPUIPlugin
2025-03-31 11:30:38,899 [INFO] PluginManager:220 - loadIPPluginJar : add dfsdm
2025-03-31 11:30:38,900 [INFO] IPUIPlugin:80 - create IPUIPlugin
2025-03-31 11:30:38,900 [INFO] PluginManager:220 - loadIPPluginJar : add tracer_emb
2025-03-31 11:30:38,903 [INFO] IPUIPlugin:80 - create IPUIPlugin
2025-03-31 11:30:38,903 [INFO] PluginManager:220 - loadIPPluginJar : add nvic
2025-03-31 11:30:38,904 [INFO] IPUIPlugin:80 - create IPUIPlugin
2025-03-31 11:30:38,904 [INFO] PluginManager:220 - loadIPPluginJar : add quadspi
2025-03-31 11:30:38,907 [INFO] IPUIPlugin:80 - create IPUIPlugin
2025-03-31 11:30:38,907 [INFO] PluginManager:220 - loadIPPluginJar : add dma
2025-03-31 11:30:38,908 [INFO] IPUIPlugin:80 - create IPUIPlugin
2025-03-31 11:30:38,909 [INFO] PluginManager:220 - loadIPPluginJar : add opamp
2025-03-31 11:30:38,910 [INFO] IPUIPlugin:80 - create IPUIPlugin
2025-03-31 11:30:38,910 [INFO] PluginManager:220 - loadIPPluginJar : add hash
2025-03-31 11:30:38,914 [INFO] IPUIPlugin:80 - create IPUIPlugin
2025-03-31 11:30:38,914 [INFO] PluginManager:220 - loadIPPluginJar : add mdma
2025-03-31 11:30:38,917 [INFO] IPUIPlugin:80 - create IPUIPlugin
2025-03-31 11:30:38,917 [INFO] PluginManager:220 - loadIPPluginJar : add stm32_wpan
2025-03-31 11:30:38,919 [INFO] IPUIPlugin:80 - create IPUIPlugin
2025-03-31 11:30:38,919 [INFO] PluginManager:220 - loadIPPluginJar : add can
2025-03-31 11:30:38,920 [INFO] IPUIPlugin:80 - create IPUIPlugin
2025-03-31 11:30:38,920 [INFO] PluginManager:220 - loadIPPluginJar : add i2s
2025-03-31 11:30:38,923 [INFO] IPUIPlugin:80 - create IPUIPlugin
2025-03-31 11:30:38,923 [INFO] PluginManager:220 - loadIPPluginJar : add gic
2025-03-31 11:30:38,926 [INFO] IPUIPlugin:80 - create IPUIPlugin
2025-03-31 11:30:38,926 [INFO] PluginManager:220 - loadIPPluginJar : add openamp
2025-03-31 11:30:38,928 [INFO] IPUIPlugin:80 - create IPUIPlugin
2025-03-31 11:30:38,928 [INFO] PluginManager:220 - loadIPPluginJar : add dma3
2025-03-31 11:30:38,928 [INFO] IPUIPlugin:80 - create IPUIPlugin
2025-03-31 11:30:38,928 [INFO] PluginManager:220 - loadIPPluginJar : add genericplugin
2025-03-31 11:30:38,929 [INFO] IPUIPlugin:80 - create IPUIPlugin
2025-03-31 11:30:38,929 [INFO] PluginManager:220 - loadIPPluginJar : add comp
2025-03-31 11:30:38,930 [INFO] IPUIPlugin:80 - create IPUIPlugin
2025-03-31 11:30:38,930 [INFO] PluginManager:220 - loadIPPluginJar : add ltdc
2025-03-31 11:30:38,934 [INFO] IPUIPlugin:80 - create IPUIPlugin
2025-03-31 11:30:38,934 [INFO] PluginManager:220 - loadIPPluginJar : add freertos
2025-03-31 11:30:38,935 [INFO] IPUIPlugin:80 - create IPUIPlugin
2025-03-31 11:30:38,935 [INFO] PluginManager:220 - loadIPPluginJar : add ts
2025-03-31 11:30:38,937 [INFO] IPUIPlugin:80 - create IPUIPlugin
2025-03-31 11:30:38,937 [INFO] PluginManager:220 - loadIPPluginJar : add i2c
2025-03-31 11:30:38,938 [INFO] IPUIPlugin:80 - create IPUIPlugin
2025-03-31 11:30:38,938 [INFO] PluginManager:220 - loadIPPluginJar : add gfxmmu
2025-03-31 11:30:38,940 [INFO] IPUIPlugin:80 - create IPUIPlugin
2025-03-31 11:30:38,940 [INFO] PluginManager:220 - loadIPPluginJar : add gtzc
2025-03-31 11:30:38,941 [INFO] IPUIPlugin:80 - create IPUIPlugin
2025-03-31 11:30:38,941 [INFO] PluginManager:220 - loadIPPluginJar : add fatfs
2025-03-31 11:30:39,030 [FATAL] Updater:351 - Updater called before beeing initialized
2025-03-31 11:30:39,044 [INFO] RulesReader:64 - Compatibility file has been processed (301 Rules)
2025-03-31 11:30:39,050 [INFO] RulesReader:64 - Compatibility file has been processed (301 Rules)
2025-03-31 11:30:39,054 [INFO] CADModel:165 - CPN selected for project level
2025-03-31 11:30:39,054 [INFO] CADModel:114 - Register for checkConnection events
2025-03-31 11:30:39,054 [FATAL] Updater:351 - Updater called before beeing initialized
2025-03-31 11:30:39,054 [ERROR] CADModel:125 - Updater not yet initialized, retry later 
2025-03-31 11:30:39,126 [FATAL] Updater:351 - Updater called before beeing initialized
2025-03-31 11:30:39,127 [INFO] CADModel:165 - CPN selected for project level
2025-03-31 11:30:39,127 [INFO] CADModel:114 - Register for checkConnection events
2025-03-31 11:30:39,127 [FATAL] Updater:351 - Updater called before beeing initialized
2025-03-31 11:30:39,127 [ERROR] CADModel:125 - Updater not yet initialized, retry later 
2025-03-31 11:30:39,129 [FATAL] Updater:351 - Updater called before beeing initialized
2025-03-31 11:30:39,175 [FATAL] Updater:351 - Updater called before beeing initialized
2025-03-31 11:30:39,177 [INFO] DbMcusAds:53 - JSON generation date=Thu Mar 06 11:54:21 CLST 2025 (1741272861825)
2025-03-31 11:30:39,177 [FATAL] Updater:351 - Updater called before beeing initialized
2025-03-31 11:30:39,199 [WARN] DetailPanel:346 - Failed to get advertising image, set to default
2025-03-31 11:30:39,364 [FATAL] Updater:351 - Updater called before beeing initialized
2025-03-31 11:30:39,365 [FATAL] Updater:351 - Updater called before beeing initialized
2025-03-31 11:30:39,365 [FATAL] Updater:351 - Updater called before beeing initialized
2025-03-31 11:30:39,365 [WARN] DetailPanel:346 - Failed to get advertising image, set to default
2025-03-31 11:30:39,366 [FATAL] Updater:351 - Updater called before beeing initialized
2025-03-31 11:30:39,386 [ERROR] Updater:1198 - MainUpdater not yet initialized. External WinMGr cannot be set.
2025-03-31 11:30:39,387 [INFO] Updater:1134 - Updater Version found : 6.14.0
2025-03-31 11:30:39,400 [INFO] ApplicationProperties:184 - Using Application install path: /opt/stm32cubeide/plugins/com.st.stm32cube.common.mx_6.14.0.202502271554
2025-03-31 11:30:39,883 [INFO] MainUpdater:2872 - connection check result : 10
2025-03-31 11:30:39,883 [INFO] MainUpdater:3566 - Updater definition file requires update
2025-03-31 11:30:39,885 [INFO] MainUpdater:289 - Updater Check For Update Now.
2025-03-31 11:30:39,885 [INFO] MicroXplorer:498 - Change Database Version : DB.6.0.140
2025-03-31 11:30:39,903 [INFO] McuFinderGlobals:63 - Set McuFinder mode to 2 (CubeIDE integrated)
2025-03-31 11:30:39,905 [INFO] UserAuth:486 - Internet connection configuration mode: 1
2025-03-31 11:30:39,934 [INFO] JxBrowserEngine:152 - Initiate JxBrowser Engine with user profile folder
2025-03-31 11:30:40,138 [INFO] ServerAccessManage:473 - Download File updaters.zip
2025-03-31 11:30:40,299 [INFO] FileExtend:242 - Unzip File : updaters.zip
2025-03-31 11:30:40,300 [INFO] FileExtend:257 - Standard Zip Deflate
2025-03-31 11:30:40,736 [INFO] ServerAccessManage:473 - Download File PacksControlFlags.xml
2025-03-31 11:30:40,775 [INFO] WebApp:169 - Instantiating new browser for Auth
2025-03-31 11:30:41,009 [INFO] ServerAccessManage:473 - Download File cubemx.pidx
2025-03-31 11:30:41,220 [INFO] WebApp:463 - Apply proxy settings
2025-03-31 11:30:41,220 [INFO] WebApp:548 - Chromium requires no authentication
2025-03-31 11:30:41,225 [INFO] WebApp:491 - Direct internet connection detected
2025-03-31 11:30:41,239 [INFO] WebApp:894 - Register for checkConnection events
2025-03-31 11:30:41,239 [INFO] WebApp:463 - Apply proxy settings
2025-03-31 11:30:41,239 [INFO] WebApp:548 - Chromium requires no authentication
2025-03-31 11:30:41,240 [INFO] WebApp:491 - Direct internet connection detected
2025-03-31 11:30:41,317 [INFO] WebApp:225 - Starting web application
2025-03-31 11:30:41,318 [INFO] WebApp:593 - Web application path used /opt/stm32cubeide/plugins/com.st.stm32cube.common.mx_6.14.0.202502271554/db/plugins/mcufinder/reactClient1/index.html
2025-03-31 11:30:41,527 [WARN] MainUpdater:1193 - Updater busy. Cannot search thirdparties
2025-03-31 11:30:41,528 [INFO] ThirdPartyUpdaterWithRetryManager:96 - Updater plugin is busy. [1/15]
2025-03-31 11:30:41,611 [INFO] ServerAccessManage:473 - Download File STMicroelectronics.X-CUBE-DPOWER.pdsc
2025-03-31 11:30:41,668 [INFO] WebApp:191 - Connection restablished
2025-03-31 11:30:42,443 [INFO] UserAuth:486 - Internet connection configuration mode: 1
2025-03-31 11:30:42,749 [ERROR] ServerAccessManage:1089 - Problem, file not found on Server
2025-03-31 11:30:43,652 [ERROR] ServerAccessManage:1089 - Problem, file not found on Server
2025-03-31 11:30:44,517 [ERROR] ServerAccessManage:1089 - Problem, file not found on Server
2025-03-31 11:30:44,528 [WARN] MainUpdater:1193 - Updater busy. Cannot search thirdparties
2025-03-31 11:30:44,528 [INFO] ThirdPartyUpdaterWithRetryManager:96 - Updater plugin is busy. [2/15]
2025-03-31 11:30:45,358 [ERROR] ServerAccessManage:1089 - Problem, file not found on Server
2025-03-31 11:30:46,162 [ERROR] ServerAccessManage:1089 - Problem, file not found on Server
2025-03-31 11:30:47,110 [ERROR] ServerAccessManage:1089 - Problem, file not found on Server
2025-03-31 11:30:47,528 [WARN] MainUpdater:1193 - Updater busy. Cannot search thirdparties
2025-03-31 11:30:47,528 [INFO] ThirdPartyUpdaterWithRetryManager:96 - Updater plugin is busy. [3/15]
2025-03-31 11:30:48,011 [ERROR] ServerAccessManage:1089 - Problem, file not found on Server
2025-03-31 11:30:49,353 [ERROR] ServerAccessManage:1089 - Problem, file not found on Server
2025-03-31 11:30:50,529 [WARN] MainUpdater:1193 - Updater busy. Cannot search thirdparties
2025-03-31 11:30:50,529 [INFO] ThirdPartyUpdaterWithRetryManager:96 - Updater plugin is busy. [4/15]
2025-03-31 11:30:50,692 [ERROR] ServerAccessManage:1089 - Problem, file not found on Server
2025-03-31 11:30:52,338 [ERROR] ServerAccessManage:1089 - Problem, file not found on Server
2025-03-31 11:30:53,225 [ERROR] ServerAccessManage:1089 - Problem, file not found on Server
2025-03-31 11:30:53,529 [WARN] MainUpdater:1193 - Updater busy. Cannot search thirdparties
2025-03-31 11:30:53,529 [INFO] ThirdPartyUpdaterWithRetryManager:96 - Updater plugin is busy. [5/15]
2025-03-31 11:30:53,723 [WARN] PackLoader:240 - Cannot read IP mode file for STMicroelectronics.X-CUBE-DPower.1.3.0
2025-03-31 11:30:53,724 [INFO] PopulateThirdPartyThread:66 - Ending populate Thread
2025-03-31 11:30:53,726 [INFO] ThirdParty:1030 - CMSIS Pack Vendor :STMicroelectronics X-CUBE-DPower 1.3.0
2025-03-31 11:30:53,726 [INFO] LoadServerUpdatesThread:375 - End of LoadServerUpdate Thread
2025-03-31 11:30:53,839 [INFO] CheckServerUpdateThread:120 - End of CheckServer Thread
2025-03-31 11:30:56,598 [WARN] PackLoader:240 - Cannot read IP mode file for STMicroelectronics.FP-SNS-MOTENVWB1.1.4.0
2025-03-31 11:30:56,601 [WARN] PackLoader:240 - Cannot read IP mode file for STMicroelectronics.FP-ATR-ASTRA1.2.0.2
2025-03-31 11:30:56,604 [WARN] PackLoader:240 - Cannot read IP mode file for STMicroelectronics.X-CUBE-SMBUS.2.1.0
2025-03-31 11:30:56,608 [WARN] PackLoader:240 - Cannot read IP mode file for STMicroelectronics.X-CUBE-WB05N.1.1.0
2025-03-31 11:30:56,624 [WARN] PackLoader:240 - Cannot read IP mode file for STMicroelectronics.X-CUBE-AZRTOS-F7.1.1.0
2025-03-31 11:30:56,642 [WARN] PackLoader:240 - Cannot read IP mode file for Infineon.AIROC-Wi-Fi-Bluetooth-STM32.1.7.0
2025-03-31 11:30:56,650 [WARN] PackLoader:240 - Cannot read IP mode file for STMicroelectronics.X-CUBE-DISPLAY.3.0.0
2025-03-31 11:30:56,658 [WARN] PackLoader:240 - Cannot read IP mode file for STMicroelectronics.X-CUBE-NFC10.1.0.0
2025-03-31 11:30:56,692 [WARN] PackLoader:240 - Cannot read IP mode file for STMicroelectronics.X-CUBE-BLEMGR.4.0.0
2025-03-31 11:30:56,700 [WARN] PackLoader:240 - Cannot read IP mode file for emotas.I-CUBE-CANOPEN.1.3.0
2025-03-31 11:30:56,703 [WARN] ConditionMgr:438 - getConditionDescription Invalid condition id : Cortex-A Device cause : null
2025-03-31 11:30:56,712 [WARN] ConditionMgr:1044 - genDependencies : Invalid condition id : Cortex-A Device cause : null
2025-03-31 11:30:56,712 [WARN] ConditionMgr:1044 - genDependencies : Invalid condition id : Cortex-A Device cause : null
2025-03-31 11:30:56,712 [WARN] ConditionMgr:1044 - genDependencies : Invalid condition id : Cortex-A Device cause : null
2025-03-31 11:30:56,715 [WARN] PackLoader:240 - Cannot read IP mode file for STMicroelectronics.X-CUBE-AI.10.0.0
2025-03-31 11:30:56,718 [WARN] PackLoader:240 - Cannot read IP mode file for STMicroelectronics.FP-SNS-SMARTAG2.1.2.0
2025-03-31 11:30:56,721 [WARN] PackLoader:240 - Cannot read IP mode file for STMicroelectronics.FP-SNS-FLIGHT1.5.1.0
2025-03-31 11:30:56,752 [WARN] PackLoader:240 - Cannot read IP mode file for STMicroelectronics.X-CUBE-MEMS1.11.1.0
2025-03-31 11:30:56,842 [INFO] LogOutputStream:77 - [STDOUT_REDIRECT] 1 : Invalid condition id : UX_CORESTACK_Condition cause : null
2025-03-31 11:30:56,842 [INFO] LogOutputStream:77 - [STDOUT_REDIRECT] 1 : Invalid condition id : UX_CORESTACK_Condition cause : null
2025-03-31 11:30:56,842 [INFO] LogOutputStream:77 - [STDOUT_REDIRECT] 1 : Invalid condition id : UX_CORESTACK_Condition cause : null
2025-03-31 11:30:56,842 [INFO] LogOutputStream:77 - [STDOUT_REDIRECT] 1 : Invalid condition id : UX_CORESTACK_Condition cause : null
2025-03-31 11:30:56,842 [INFO] LogOutputStream:77 - [STDOUT_REDIRECT] 1 : Invalid condition id : UX_CORESTACK_Condition cause : null
2025-03-31 11:30:56,844 [WARN] PackLoader:240 - Cannot read IP mode file for STMicroelectronics.X-CUBE-AZRTOS-WL.2.0.0
2025-03-31 11:30:56,847 [WARN] PackLoader:240 - Cannot read IP mode file for STMicroelectronics.FP-SNS-MOTENV1.5.0.0
2025-03-31 11:30:56,851 [WARN] PackLoader:240 - Cannot read IP mode file for WES.I-CUBE-Cesium.1.3.0
2025-03-31 11:30:56,854 [WARN] PackLoader:240 - Cannot read IP mode file for STMicroelectronics.X-CUBE-BLE2.3.3.0
2025-03-31 11:30:56,857 [WARN] PackLoader:240 - Cannot read IP mode file for STMicroelectronics.X-CUBE-NFC9.1.0.0
2025-03-31 11:30:56,860 [WARN] PackLoader:240 - Cannot read IP mode file for STMicroelectronics.X-CUBE-BLE1.7.1.0
2025-03-31 11:30:56,862 [WARN] PackLoader:240 - Cannot read IP mode file for wolfSSL.I-CUBE-wolfMQTT.1.19.2
2025-03-31 11:30:56,869 [WARN] PackLoader:240 - Cannot read IP mode file for STMicroelectronics.X-CUBE-AZRTOS-G0.1.1.0
2025-03-31 11:30:56,873 [WARN] PackLoader:240 - Cannot read IP mode file for STMicroelectronics.X-CUBE-SAFEA1.1.2.2
2025-03-31 11:30:56,877 [WARN] PackLoader:240 - Cannot read IP mode file for STMicroelectronics.X-CUBE-NFC4.3.0.0
2025-03-31 11:30:56,882 [WARN] PackLoader:240 - Cannot read IP mode file for EmbeddedOffice.I-CUBE-FS-RTOS.1.0.1
2025-03-31 11:30:56,884 [WARN] PackLoader:240 - Cannot read IP mode file for wolfSSL.I-CUBE-wolfTPM.3.8.0
2025-03-31 11:30:56,887 [WARN] PackLoader:240 - Cannot read IP mode file for STMicroelectronics.X-CUBE-TCPP.4.2.0
2025-03-31 11:30:56,890 [WARN] PackLoader:240 - Cannot read IP mode file for RealThread.X-CUBE-RT-Thread_Nano.4.1.1
2025-03-31 11:30:56,892 [WARN] PackLoader:240 - Cannot read IP mode file for STMicroelectronics.FP-ATR-SIGFOX1.3.2.0
2025-03-31 11:30:56,896 [WARN] PackLoader:240 - Cannot read IP mode file for STMicroelectronics.X-CUBE-EEPRMA1.5.1.0
2025-03-31 11:30:56,898 [WARN] PackLoader:240 - Cannot read IP mode file for wolfSSL.I-CUBE-wolfSSL.5.7.6
2025-03-31 11:30:56,901 [WARN] PackLoader:240 - Cannot read IP mode file for ITTIA_DB.I-CUBE-ITTIADB.8.9.0
2025-03-31 11:30:56,917 [WARN] PackLoader:240 - Cannot read IP mode file for SEGGER.I-CUBE-embOS.1.3.1
2025-03-31 11:30:56,943 [WARN] PackLoader:240 - Cannot read IP mode file for STMicroelectronics.X-CUBE-ALGOBUILD.1.4.0
2025-03-31 11:30:56,952 [WARN] PackLoader:240 - Cannot read IP mode file for STMicroelectronics.X-CUBE-AZRTOS-F4.1.1.0
2025-03-31 11:30:56,955 [WARN] PackLoader:240 - Cannot read IP mode file for STMicroelectronics.X-CUBE-ISPU.2.1.0
2025-03-31 11:30:56,964 [WARN] PackLoader:240 - Cannot read IP mode file for STMicroelectronics.X-CUBE-AZRTOS-L5.2.0.0
2025-03-31 11:30:56,969 [WARN] PackLoader:240 - Cannot read IP mode file for STMicroelectronics.X-CUBE-NFC6.3.1.0
2025-03-31 11:30:56,973 [WARN] PackLoader:240 - Cannot read IP mode file for STMicroelectronics.X-CUBE-DPower.1.2.0
2025-03-31 11:30:56,975 [WARN] PackLoader:240 - Cannot read IP mode file for STMicroelectronics.X-CUBE-FREERTOS.1.3.0
2025-03-31 11:30:56,977 [WARN] PackLoader:240 - Cannot read IP mode file for STMicroelectronics.X-CUBE-NFC7.1.0.1
2025-03-31 11:30:56,980 [WARN] PackLoader:240 - Cannot read IP mode file for STMicroelectronics.X-CUBE-DPower.1.3.0
2025-03-31 11:30:56,990 [WARN] ConditionMgr:438 - getConditionDescription Invalid condition id : LAN8742 Phy interface Condition cause : null
2025-03-31 11:30:56,990 [WARN] PackLoader:240 - Cannot read IP mode file for STMicroelectronics.X-CUBE-AZRTOS-L4.2.0.0
2025-03-31 11:30:56,991 [WARN] ConditionMgr:1044 - genDependencies : Invalid condition id : LAN8742 Phy interface Condition cause : null
2025-03-31 11:30:56,991 [WARN] ConditionMgr:1044 - genDependencies : Invalid condition id : LAN8742 Phy interface Condition cause : null
2025-03-31 11:30:56,991 [WARN] ConditionMgr:1044 - genDependencies : Invalid condition id : LAN8742 Phy interface Condition cause : null
2025-03-31 11:30:56,996 [WARN] PackLoader:240 - Cannot read IP mode file for STMicroelectronics.X-CUBE-SFXS2LP1.4.0.0
2025-03-31 11:30:57,007 [WARN] PackLoader:240 - Cannot read IP mode file for STMicroelectronics.X-CUBE-AZRTOS-H7.3.3.0
2025-03-31 11:30:57,016 [WARN] ConditionMgr:438 - getConditionDescription Invalid condition id : UX DEVICE CLASS RTOS Condition cause : null
2025-03-31 11:30:57,016 [WARN] ConditionMgr:438 - getConditionDescription Invalid condition id : UX DEVICE CLASS RTOS Condition cause : null
2025-03-31 11:30:57,017 [WARN] PackLoader:240 - Cannot read IP mode file for STMicroelectronics.X-CUBE-AZRTOS-WB.2.0.0
2025-03-31 11:30:57,018 [WARN] ConditionMgr:1044 - genDependencies : Invalid condition id : UX DEVICE CLASS RTOS Condition cause : null
2025-03-31 11:30:57,018 [WARN] ConditionMgr:1044 - genDependencies : Invalid condition id : UX DEVICE CLASS RTOS Condition cause : null
2025-03-31 11:30:57,018 [WARN] ConditionMgr:1044 - genDependencies : Invalid condition id : UX DEVICE CLASS RTOS Condition cause : null
2025-03-31 11:30:57,018 [WARN] ConditionMgr:1044 - genDependencies : Invalid condition id : UX DEVICE CLASS RTOS Condition cause : null
2025-03-31 11:30:57,018 [WARN] ConditionMgr:1044 - genDependencies : Invalid condition id : UX DEVICE CLASS RTOS Condition cause : null
2025-03-31 11:30:57,021 [WARN] PackLoader:240 - Cannot read IP mode file for STMicroelectronics.X-CUBE-GNSS1.7.0.1
2025-03-31 11:30:57,024 [WARN] PackLoader:240 - Cannot read IP mode file for STMicroelectronics.X-CUBE-TOUCHGFX.4.25.0
2025-03-31 11:30:57,027 [WARN] PackLoader:240 - Cannot read IP mode file for STMicroelectronics.FP-SNS-STBOX1.2.0.0
2025-03-31 11:30:57,034 [WARN] PackLoader:240 - Cannot read IP mode file for STMicroelectronics.X-CUBE-SUBG2.5.0.0
2025-03-31 11:30:57,045 [WARN] PackLoader:240 - Cannot read IP mode file for STMicroelectronics.X-CUBE-AZRTOS-H7RS.1.1.0
2025-03-31 11:30:57,049 [WARN] PackLoader:240 - Cannot read IP mode file for Cesanta.I-CUBE-Mongoose.7.13.0
2025-03-31 11:30:57,067 [WARN] PackLoader:240 - Cannot read IP mode file for STMicroelectronics.X-CUBE-AZRTOS-G4.2.0.0
2025-03-31 11:30:57,072 [WARN] PackLoader:240 - Cannot read IP mode file for wolfSSL.I-CUBE-wolfSSH.1.4.20
2025-03-31 11:30:57,079 [WARN] PackLoader:240 - Cannot read IP mode file for STMicroelectronics.X-CUBE-IPS.3.1.0
2025-03-31 11:30:57,086 [WARN] PackLoader:240 - Cannot read IP mode file for STMicroelectronics.X-CUBE-ALS.1.0.2
2025-03-31 11:30:57,090 [WARN] PackLoader:240 - Cannot read IP mode file for portGmbH.I-Cube-SoM-uGOAL.1.1.0
2025-03-31 11:30:57,096 [WARN] PackLoader:240 - Cannot read IP mode file for STMicroelectronics.X-CUBE-TOF1.3.4.2
2025-03-31 11:30:57,104 [INFO] ThirdParty:978 - Integrity check success = true
2025-03-31 11:30:57,104 [INFO] IntegrityCheckThread:100 - exiting critical section [integrity check]
2025-03-31 11:30:57,104 [INFO] IntegrityCheckThread:103 - End integrity checks thread
2025-03-31 12:22:42,954 [ERROR] LogOutputStream:75 - [STDERR_REDIRECT] 
