2025-03-25 09:41:26,209 [INFO] Activator:176 - 


2025-03-25 09:41:26,213 [INFO] Activator:177 - !SESSION log4j initialized
2025-03-25 09:41:29,922 [INFO] LogOutputStream:77 - [STDOUT_REDIRECT] 
2025-03-25 09:41:30,541 [INFO] ApplicationProperties:184 - Using Application install path: /opt/stm32cubeide/plugins/com.st.stm32cube.common.mx_6.14.0.202502271554
2025-03-25 09:41:30,557 [INFO] DbMcusXml:78 - Set database path to: /opt/stm32cubeide/plugins/com.st.stm32cube.common.mx_6.14.0.202502271554//db//mcu/
2025-03-25 09:41:30,557 [INFO] ApiDb:274 - Set plugin database path to: /opt/stm32cubeide/plugins/com.st.stm32cube.common.mx_6.14.0.202502271554//db//plugins/boardmanager/
2025-03-25 09:41:30,557 [WARN] ApiDb:259 - Overriding images path with different value:  => /opt/stm32cubeide/plugins/com.st.stm32cube.common.mx_6.14.0.202502271554//db//plugins/mcufinder/images/
2025-03-25 09:41:30,563 [INFO] ApiDb:250 - Set database path to: /home/moonflax/.stmcufinder/plugins/mcufinder//mcu/
2025-03-25 09:41:30,564 [INFO] DbMcusAds:125 - Set database path to: /home/moonflax/.stmcufinder/plugins/mcufinder//mcu/
2025-03-25 09:41:30,566 [INFO] CrossReferenceDbSqlite:203 - Set database path to: /home/moonflax/.stmcufinder/plugins/mcufinder//mcu/cs/
2025-03-25 09:41:30,662 [INFO] RulesReader:64 - Compatibility file has been processed (301 Rules)
2025-03-25 09:41:30,715 [INFO] DbMcusXml:78 - Set database path to: /opt/stm32cubeide/plugins/com.st.stm32cube.common.mx_6.14.0.202502271554//db//mcu/
2025-03-25 09:41:30,716 [INFO] ApiDb:274 - Set plugin database path to: /opt/stm32cubeide/plugins/com.st.stm32cube.common.mx_6.14.0.202502271554//db//plugins/boardmanager/
2025-03-25 09:41:30,716 [INFO] ApiDb:261 - Set plugin images path to: /opt/stm32cubeide/plugins/com.st.stm32cube.common.mx_6.14.0.202502271554//db//plugins/mcufinder/images/
2025-03-25 09:41:30,716 [WARN] DbFile:41 - Overriding database path with different value: /home/moonflax/.stmcufinder/plugins/mcufinder/ => /home/moonflax/.stmcufinder/plugins/mcufinder
2025-03-25 09:41:30,716 [INFO] ApiDb:250 - Set database path to: /home/moonflax/.stmcufinder/plugins/mcufinder//mcu/
2025-03-25 09:41:30,716 [WARN] DbFile:41 - Overriding database path with different value: /home/moonflax/.stmcufinder/plugins/mcufinder/ => /home/moonflax/.stmcufinder/plugins/mcufinder
2025-03-25 09:41:30,716 [INFO] DbMcusAds:125 - Set database path to: /home/moonflax/.stmcufinder/plugins/mcufinder//mcu/
2025-03-25 09:41:30,716 [WARN] DbFile:41 - Overriding database path with different value: /home/moonflax/.stmcufinder/plugins/mcufinder/ => /home/moonflax/.stmcufinder/plugins/mcufinder
2025-03-25 09:41:30,716 [WARN] DbFile:41 - Overriding database path with different value: /home/moonflax/.stmcufinder/plugins/mcufinder/ => /home/moonflax/.stmcufinder/plugins/mcufinder
2025-03-25 09:41:30,716 [INFO] CrossReferenceDbSqlite:203 - Set database path to: /home/moonflax/.stmcufinder/plugins/mcufinder//mcu/cs/
2025-03-25 09:41:30,772 [INFO] MainPanel:272 - HeapMemory: 268435456
2025-03-25 09:41:30,888 [INFO] DbMcusXml:78 - Set database path to: /opt/stm32cubeide/plugins/com.st.stm32cube.common.mx_6.14.0.202502271554//db//mcu/
2025-03-25 09:41:30,888 [INFO] ApiDb:274 - Set plugin database path to: /opt/stm32cubeide/plugins/com.st.stm32cube.common.mx_6.14.0.202502271554//db//plugins/boardmanager/
2025-03-25 09:41:30,888 [INFO] ApiDb:261 - Set plugin images path to: /opt/stm32cubeide/plugins/com.st.stm32cube.common.mx_6.14.0.202502271554//db//plugins/mcufinder/images/
2025-03-25 09:41:30,889 [WARN] DbFile:41 - Overriding database path with different value: /home/moonflax/.stmcufinder/plugins/mcufinder/ => /home/moonflax/.stmcufinder/plugins/mcufinder
2025-03-25 09:41:30,889 [INFO] ApiDb:250 - Set database path to: /home/moonflax/.stmcufinder/plugins/mcufinder//mcu/
2025-03-25 09:41:30,889 [WARN] DbFile:41 - Overriding database path with different value: /home/moonflax/.stmcufinder/plugins/mcufinder/ => /home/moonflax/.stmcufinder/plugins/mcufinder
2025-03-25 09:41:30,889 [INFO] DbMcusAds:125 - Set database path to: /home/moonflax/.stmcufinder/plugins/mcufinder//mcu/
2025-03-25 09:41:30,889 [WARN] DbFile:41 - Overriding database path with different value: /home/moonflax/.stmcufinder/plugins/mcufinder/ => /home/moonflax/.stmcufinder/plugins/mcufinder
2025-03-25 09:41:30,889 [WARN] DbFile:41 - Overriding database path with different value: /home/moonflax/.stmcufinder/plugins/mcufinder/ => /home/moonflax/.stmcufinder/plugins/mcufinder
2025-03-25 09:41:30,889 [INFO] CrossReferenceDbSqlite:203 - Set database path to: /home/moonflax/.stmcufinder/plugins/mcufinder//mcu/cs/
2025-03-25 09:41:30,900 [INFO] ApplicationProperties:184 - Using Application install path: /opt/stm32cubeide/plugins/com.st.stm32cube.common.mx_6.14.0.202502271554
2025-03-25 09:41:30,902 [INFO] PluginManage:196 - Search for loadable plugins [exclusion list=, ]
2025-03-25 09:41:30,902 [INFO] PluginManage:310 - Check plugin analytics
2025-03-25 09:41:31,009 [INFO] AnalyticsPlugin:253 - Accepted Software Licenses: 
2025-03-25 09:41:31,009 [INFO] AnalyticsPlugin:255 - Accepted CMSIS Pack Licenses: 
2025-03-25 09:41:31,009 [INFO] AnalyticsPlugin:257 - Accepted Firmware Licenses: FW.L4.1.18.0
2025-03-25 09:41:31,011 [INFO] PluginManage:359 - Loaded plugin analytics (category:tool,tabindex:-1)
2025-03-25 09:41:31,011 [INFO] PluginManage:310 - Check plugin cadmodel
2025-03-25 09:41:31,016 [INFO] CADModel:105 - Init CAD model plugin
2025-03-25 09:41:31,016 [INFO] PluginManage:359 - Loaded plugin cadmodel (category:power,tabindex:5)
2025-03-25 09:41:31,016 [INFO] PluginManage:310 - Check plugin clock
2025-03-25 09:41:31,025 [INFO] PluginManage:359 - Loaded plugin clock (category:base,tabindex:2)
2025-03-25 09:41:31,025 [INFO] PluginManage:310 - Check plugin ddr
2025-03-25 09:41:31,027 [INFO] PluginManage:359 - Loaded plugin ddr (category:tool,tabindex:6)
2025-03-25 09:41:31,027 [INFO] PluginManage:310 - Check plugin filemanager
2025-03-25 09:41:31,139 [INFO] PluginManage:359 - Loaded plugin filemanager (category:base,tabindex:10)
2025-03-25 09:41:31,140 [INFO] PluginManage:310 - Check plugin ipmanager
2025-03-25 09:41:31,143 [INFO] PluginManage:359 - Loaded plugin ipmanager (category:base,tabindex:5)
2025-03-25 09:41:31,144 [INFO] PluginManage:310 - Check plugin lpbam
2025-03-25 09:41:31,167 [INFO] PluginManage:359 - Loaded plugin lpbam (category:base,tabindex:0)
2025-03-25 09:41:31,167 [INFO] PluginManage:310 - Check plugin memorymap
2025-03-25 09:41:31,176 [INFO] PluginManage:359 - Loaded plugin memorymap (category:base,tabindex:4)
2025-03-25 09:41:31,176 [INFO] PluginManage:310 - Check plugin pinoutandconfiguration
2025-03-25 09:41:31,184 [INFO] PluginManage:359 - Loaded plugin pinoutandconfiguration (category:base,tabindex:1)
2025-03-25 09:41:31,184 [INFO] PluginManage:310 - Check plugin pinoutconfig
2025-03-25 09:41:31,242 [WARN] SupportedApi:132 - Cannot load RTOS API schema: s4s-elt-must-match.1: The content of 'definitions' must match (annotation?, (simpleType | complexType)?, (unique | key | keyref)*)). A problem was found starting at: attribute.
2025-03-25 09:41:31,337 [INFO] PluginManage:359 - Loaded plugin pinoutconfig (category:base,tabindex:0)
2025-03-25 09:41:31,337 [INFO] PluginManage:310 - Check plugin power
2025-03-25 09:41:31,345 [INFO] PluginManage:359 - Loaded plugin power (category:power,tabindex:4)
2025-03-25 09:41:31,345 [INFO] PluginManage:310 - Check plugin projectmanager
2025-03-25 09:41:31,355 [INFO] PluginManage:359 - Loaded plugin projectmanager (category:projectmanager,tabindex:4)
2025-03-25 09:41:31,356 [INFO] PluginManage:310 - Check plugin rif
2025-03-25 09:41:31,362 [INFO] PluginManage:359 - Loaded plugin rif (category:base,tabindex:3)
2025-03-25 09:41:31,363 [INFO] PluginManage:310 - Check plugin thirdparty
2025-03-25 09:41:31,460 [INFO] PluginManage:359 - Loaded plugin thirdparty (category:base,tabindex:-1)
2025-03-25 09:41:31,460 [WARN] IntegrityCheckThread:84 - waiting for thirdparty lock release [integrity check]
2025-03-25 09:41:31,460 [INFO] PluginManage:310 - Check plugin tools
2025-03-25 09:41:31,460 [INFO] IntegrityCheckThread:86 - entering critical section [integrity check]
2025-03-25 09:41:31,461 [INFO] ThirdPartyUpdaterWithRetryManager:70 - Updater plugin not ready yet. [1/15]
2025-03-25 09:41:31,462 [INFO] PluginManage:359 - Loaded plugin tools (category:base,tabindex:7)
2025-03-25 09:41:31,462 [INFO] PluginManage:310 - Check plugin tutovideos
2025-03-25 09:41:31,578 [INFO] PluginManage:359 - Loaded plugin tutovideos (category:base,tabindex:-1)
2025-03-25 09:41:31,578 [INFO] PluginManage:310 - Check plugin updater
2025-03-25 09:41:31,596 [INFO] PluginManage:359 - Loaded plugin updater (category:base,tabindex:12)
2025-03-25 09:41:31,597 [INFO] PluginManage:310 - Check plugin userauth
2025-03-25 09:41:31,600 [INFO] UserAuth:118 - Init User Auth plugin
2025-03-25 09:41:31,601 [INFO] PluginManage:359 - Loaded plugin userauth (category:base,tabindex:14)
2025-03-25 09:41:31,601 [INFO] PluginManage:283 - PluginManage : Loaded plugins [18]
2025-03-25 09:41:31,732 [INFO] PinOutPanel:1589 - setPackage(No Configuration,No Configuration)
2025-03-25 09:41:31,779 [INFO] CADModel:165 - CPN selected for project level
2025-03-25 09:41:31,779 [INFO] CADModel:114 - Register for checkConnection events
2025-03-25 09:41:31,791 [INFO] IPUIPlugin:80 - create IPUIPlugin
2025-03-25 09:41:31,791 [INFO] PluginManager:220 - loadIPPluginJar : add usbx
2025-03-25 09:41:31,793 [INFO] IPUIPlugin:80 - create IPUIPlugin
2025-03-25 09:41:31,793 [INFO] PluginManager:220 - loadIPPluginJar : add spi
2025-03-25 09:41:31,794 [INFO] IPUIPlugin:80 - create IPUIPlugin
2025-03-25 09:41:31,794 [INFO] PluginManager:220 - loadIPPluginJar : add radio
2025-03-25 09:41:31,796 [INFO] IPUIPlugin:80 - create IPUIPlugin
2025-03-25 09:41:31,796 [INFO] PluginManager:220 - loadIPPluginJar : add pdm2pcm
2025-03-25 09:41:31,798 [INFO] IPUIPlugin:80 - create IPUIPlugin
2025-03-25 09:41:31,799 [INFO] PluginManager:220 - loadIPPluginJar : add ipddr
2025-03-25 09:41:31,800 [INFO] IPUIPlugin:80 - create IPUIPlugin
2025-03-25 09:41:31,800 [INFO] PluginManager:220 - loadIPPluginJar : add i3c
2025-03-25 09:41:31,805 [INFO] IPUIPlugin:80 - create IPUIPlugin
2025-03-25 09:41:31,806 [INFO] PluginManager:220 - loadIPPluginJar : add plateformsettings
2025-03-25 09:41:31,808 [INFO] IPUIPlugin:80 - create IPUIPlugin
2025-03-25 09:41:31,808 [INFO] PluginManager:220 - loadIPPluginJar : add sai
2025-03-25 09:41:31,814 [INFO] IPUIPlugin:80 - create IPUIPlugin
2025-03-25 09:41:31,814 [INFO] PluginManager:220 - loadIPPluginJar : add adc
2025-03-25 09:41:31,817 [INFO] IPUIPlugin:80 - create IPUIPlugin
2025-03-25 09:41:31,818 [INFO] PluginManager:220 - loadIPPluginJar : add fmc
2025-03-25 09:41:31,819 [INFO] IPUIPlugin:80 - create IPUIPlugin
2025-03-25 09:41:31,819 [INFO] PluginManager:220 - loadIPPluginJar : add tsc
2025-03-25 09:41:31,821 [INFO] IPUIPlugin:80 - create IPUIPlugin
2025-03-25 09:41:31,822 [INFO] PluginManager:220 - loadIPPluginJar : add touchsensing
2025-03-25 09:41:31,828 [INFO] IPUIPlugin:80 - create IPUIPlugin
2025-03-25 09:41:31,828 [INFO] PluginManager:220 - loadIPPluginJar : add linkedlist
2025-03-25 09:41:31,830 [INFO] IPUIPlugin:80 - create IPUIPlugin
2025-03-25 09:41:31,830 [INFO] PluginManager:220 - loadIPPluginJar : add lorawan
2025-03-25 09:41:31,832 [INFO] IPUIPlugin:80 - create IPUIPlugin
2025-03-25 09:41:31,832 [INFO] PluginManager:220 - loadIPPluginJar : add tim
2025-03-25 09:41:31,834 [INFO] IPUIPlugin:80 - create IPUIPlugin
2025-03-25 09:41:31,834 [INFO] PluginManager:220 - loadIPPluginJar : add cryp
2025-03-25 09:41:31,837 [INFO] IPUIPlugin:80 - create IPUIPlugin
2025-03-25 09:41:31,837 [INFO] PluginManager:220 - loadIPPluginJar : add ddr_ctrl_phy
2025-03-25 09:41:31,841 [INFO] IPUIPlugin:80 - create IPUIPlugin
2025-03-25 09:41:31,841 [INFO] PluginManager:220 - loadIPPluginJar : add gpio
2025-03-25 09:41:31,843 [INFO] IPUIPlugin:80 - create IPUIPlugin
2025-03-25 09:41:31,843 [INFO] PluginManager:220 - loadIPPluginJar : add extmemmanager
2025-03-25 09:41:31,845 [INFO] IPUIPlugin:80 - create IPUIPlugin
2025-03-25 09:41:31,845 [INFO] PluginManager:220 - loadIPPluginJar : add aes
2025-03-25 09:41:31,846 [INFO] IPUIPlugin:80 - create IPUIPlugin
2025-03-25 09:41:31,847 [INFO] PluginManager:220 - loadIPPluginJar : add ucpd
2025-03-25 09:41:31,850 [INFO] IPUIPlugin:80 - create IPUIPlugin
2025-03-25 09:41:31,851 [INFO] PluginManager:220 - loadIPPluginJar : add resmgrutility
2025-03-25 09:41:31,853 [INFO] IPUIPlugin:80 - create IPUIPlugin
2025-03-25 09:41:31,853 [INFO] PluginManager:220 - loadIPPluginJar : add usart
2025-03-25 09:41:31,855 [INFO] IPUIPlugin:80 - create IPUIPlugin
2025-03-25 09:41:31,855 [INFO] PluginManager:220 - loadIPPluginJar : add dfsdm
2025-03-25 09:41:31,857 [INFO] IPUIPlugin:80 - create IPUIPlugin
2025-03-25 09:41:31,857 [INFO] PluginManager:220 - loadIPPluginJar : add tracer_emb
2025-03-25 09:41:31,860 [INFO] IPUIPlugin:80 - create IPUIPlugin
2025-03-25 09:41:31,861 [INFO] PluginManager:220 - loadIPPluginJar : add nvic
2025-03-25 09:41:31,862 [INFO] IPUIPlugin:80 - create IPUIPlugin
2025-03-25 09:41:31,862 [INFO] PluginManager:220 - loadIPPluginJar : add quadspi
2025-03-25 09:41:31,868 [INFO] IPUIPlugin:80 - create IPUIPlugin
2025-03-25 09:41:31,868 [INFO] PluginManager:220 - loadIPPluginJar : add dma
2025-03-25 09:41:31,871 [INFO] IPUIPlugin:80 - create IPUIPlugin
2025-03-25 09:41:31,872 [INFO] PluginManager:220 - loadIPPluginJar : add opamp
2025-03-25 09:41:31,875 [INFO] IPUIPlugin:80 - create IPUIPlugin
2025-03-25 09:41:31,875 [INFO] PluginManager:220 - loadIPPluginJar : add hash
2025-03-25 09:41:31,881 [INFO] IPUIPlugin:80 - create IPUIPlugin
2025-03-25 09:41:31,881 [INFO] PluginManager:220 - loadIPPluginJar : add mdma
2025-03-25 09:41:31,887 [INFO] IPUIPlugin:80 - create IPUIPlugin
2025-03-25 09:41:31,887 [INFO] PluginManager:220 - loadIPPluginJar : add stm32_wpan
2025-03-25 09:41:31,889 [INFO] IPUIPlugin:80 - create IPUIPlugin
2025-03-25 09:41:31,889 [INFO] PluginManager:220 - loadIPPluginJar : add can
2025-03-25 09:41:31,891 [INFO] IPUIPlugin:80 - create IPUIPlugin
2025-03-25 09:41:31,891 [INFO] PluginManager:220 - loadIPPluginJar : add i2s
2025-03-25 09:41:31,895 [INFO] IPUIPlugin:80 - create IPUIPlugin
2025-03-25 09:41:31,895 [INFO] PluginManager:220 - loadIPPluginJar : add gic
2025-03-25 09:41:31,897 [INFO] IPUIPlugin:80 - create IPUIPlugin
2025-03-25 09:41:31,897 [INFO] PluginManager:220 - loadIPPluginJar : add openamp
2025-03-25 09:41:31,899 [INFO] IPUIPlugin:80 - create IPUIPlugin
2025-03-25 09:41:31,899 [INFO] PluginManager:220 - loadIPPluginJar : add dma3
2025-03-25 09:41:31,900 [INFO] IPUIPlugin:80 - create IPUIPlugin
2025-03-25 09:41:31,900 [INFO] PluginManager:220 - loadIPPluginJar : add genericplugin
2025-03-25 09:41:31,901 [INFO] IPUIPlugin:80 - create IPUIPlugin
2025-03-25 09:41:31,901 [INFO] PluginManager:220 - loadIPPluginJar : add comp
2025-03-25 09:41:31,902 [INFO] IPUIPlugin:80 - create IPUIPlugin
2025-03-25 09:41:31,902 [INFO] PluginManager:220 - loadIPPluginJar : add ltdc
2025-03-25 09:41:31,907 [INFO] IPUIPlugin:80 - create IPUIPlugin
2025-03-25 09:41:31,907 [INFO] PluginManager:220 - loadIPPluginJar : add freertos
2025-03-25 09:41:31,909 [INFO] IPUIPlugin:80 - create IPUIPlugin
2025-03-25 09:41:31,909 [INFO] PluginManager:220 - loadIPPluginJar : add ts
2025-03-25 09:41:31,911 [INFO] IPUIPlugin:80 - create IPUIPlugin
2025-03-25 09:41:31,911 [INFO] PluginManager:220 - loadIPPluginJar : add i2c
2025-03-25 09:41:31,913 [INFO] IPUIPlugin:80 - create IPUIPlugin
2025-03-25 09:41:31,913 [INFO] PluginManager:220 - loadIPPluginJar : add gfxmmu
2025-03-25 09:41:31,916 [INFO] IPUIPlugin:80 - create IPUIPlugin
2025-03-25 09:41:31,916 [INFO] PluginManager:220 - loadIPPluginJar : add gtzc
2025-03-25 09:41:31,917 [INFO] IPUIPlugin:80 - create IPUIPlugin
2025-03-25 09:41:31,917 [INFO] PluginManager:220 - loadIPPluginJar : add fatfs
2025-03-25 09:41:32,014 [FATAL] Updater:351 - Updater called before beeing initialized
2025-03-25 09:41:32,030 [INFO] RulesReader:64 - Compatibility file has been processed (301 Rules)
2025-03-25 09:41:32,036 [INFO] RulesReader:64 - Compatibility file has been processed (301 Rules)
2025-03-25 09:41:32,041 [INFO] CADModel:165 - CPN selected for project level
2025-03-25 09:41:32,041 [INFO] CADModel:114 - Register for checkConnection events
2025-03-25 09:41:32,041 [FATAL] Updater:351 - Updater called before beeing initialized
2025-03-25 09:41:32,041 [ERROR] CADModel:125 - Updater not yet initialized, retry later 
2025-03-25 09:41:32,127 [FATAL] Updater:351 - Updater called before beeing initialized
2025-03-25 09:41:32,129 [INFO] CADModel:165 - CPN selected for project level
2025-03-25 09:41:32,129 [INFO] CADModel:114 - Register for checkConnection events
2025-03-25 09:41:32,129 [FATAL] Updater:351 - Updater called before beeing initialized
2025-03-25 09:41:32,129 [ERROR] CADModel:125 - Updater not yet initialized, retry later 
2025-03-25 09:41:32,131 [FATAL] Updater:351 - Updater called before beeing initialized
2025-03-25 09:41:32,181 [FATAL] Updater:351 - Updater called before beeing initialized
2025-03-25 09:41:32,184 [INFO] DbMcusAds:53 - JSON generation date=Thu Mar 06 11:54:21 CLST 2025 (1741272861825)
2025-03-25 09:41:32,184 [FATAL] Updater:351 - Updater called before beeing initialized
2025-03-25 09:41:32,207 [WARN] DetailPanel:346 - Failed to get advertising image, set to default
2025-03-25 09:41:32,389 [FATAL] Updater:351 - Updater called before beeing initialized
2025-03-25 09:41:32,391 [FATAL] Updater:351 - Updater called before beeing initialized
2025-03-25 09:41:32,391 [FATAL] Updater:351 - Updater called before beeing initialized
2025-03-25 09:41:32,391 [WARN] DetailPanel:346 - Failed to get advertising image, set to default
2025-03-25 09:41:32,392 [FATAL] Updater:351 - Updater called before beeing initialized
2025-03-25 09:41:32,418 [ERROR] Updater:1198 - MainUpdater not yet initialized. External WinMGr cannot be set.
2025-03-25 09:41:32,420 [INFO] Updater:1134 - Updater Version found : 6.14.0
2025-03-25 09:41:32,437 [INFO] ApplicationProperties:184 - Using Application install path: /opt/stm32cubeide/plugins/com.st.stm32cube.common.mx_6.14.0.202502271554
2025-03-25 09:41:33,393 [INFO] MainUpdater:2872 - connection check result : 10
2025-03-25 09:41:33,393 [INFO] MainUpdater:289 - Updater Check For Update Now.
2025-03-25 09:41:33,393 [INFO] MicroXplorer:498 - Change Database Version : DB.6.0.140
2025-03-25 09:41:33,396 [INFO] McuFinderGlobals:63 - Set McuFinder mode to 2 (CubeIDE integrated)
2025-03-25 09:41:33,397 [INFO] UserAuth:486 - Internet connection configuration mode: 1
2025-03-25 09:41:33,413 [INFO] JxBrowserEngine:152 - Initiate JxBrowser Engine with user profile folder
2025-03-25 09:41:33,542 [INFO] CheckServerUpdateThread:120 - End of CheckServer Thread
2025-03-25 09:41:34,124 [INFO] WebApp:169 - Instantiating new browser for Auth
2025-03-25 09:41:34,543 [WARN] PackLoader:240 - Cannot read IP mode file for STMicroelectronics.FP-SNS-MOTENVWB1.1.4.0
2025-03-25 09:41:34,548 [WARN] PackLoader:240 - Cannot read IP mode file for STMicroelectronics.FP-ATR-ASTRA1.2.0.2
2025-03-25 09:41:34,553 [WARN] PackLoader:240 - Cannot read IP mode file for STMicroelectronics.X-CUBE-SMBUS.2.1.0
2025-03-25 09:41:34,558 [WARN] PackLoader:240 - Cannot read IP mode file for STMicroelectronics.X-CUBE-WB05N.1.1.0
2025-03-25 09:41:34,580 [WARN] PackLoader:240 - Cannot read IP mode file for STMicroelectronics.X-CUBE-AZRTOS-F7.1.1.0
2025-03-25 09:41:34,634 [WARN] PackLoader:240 - Cannot read IP mode file for Infineon.AIROC-Wi-Fi-Bluetooth-STM32.1.7.0
2025-03-25 09:41:34,651 [WARN] PackLoader:240 - Cannot read IP mode file for STMicroelectronics.X-CUBE-DISPLAY.3.0.0
2025-03-25 09:41:34,671 [WARN] PackLoader:240 - Cannot read IP mode file for STMicroelectronics.X-CUBE-NFC10.1.0.0
2025-03-25 09:41:34,717 [WARN] PackLoader:240 - Cannot read IP mode file for STMicroelectronics.X-CUBE-BLEMGR.4.0.0
2025-03-25 09:41:34,730 [WARN] PackLoader:240 - Cannot read IP mode file for emotas.I-CUBE-CANOPEN.1.3.0
2025-03-25 09:41:34,736 [WARN] ConditionMgr:438 - getConditionDescription Invalid condition id : Cortex-A Device cause : null
2025-03-25 09:41:34,748 [INFO] WebApp:463 - Apply proxy settings
2025-03-25 09:41:34,749 [INFO] WebApp:548 - Chromium requires no authentication
2025-03-25 09:41:34,753 [WARN] ConditionMgr:1044 - genDependencies : Invalid condition id : Cortex-A Device cause : null
2025-03-25 09:41:34,753 [WARN] ConditionMgr:1044 - genDependencies : Invalid condition id : Cortex-A Device cause : null
2025-03-25 09:41:34,753 [WARN] ConditionMgr:1044 - genDependencies : Invalid condition id : Cortex-A Device cause : null
2025-03-25 09:41:34,757 [WARN] PackLoader:240 - Cannot read IP mode file for STMicroelectronics.X-CUBE-AI.10.0.0
2025-03-25 09:41:34,759 [INFO] WebApp:491 - Direct internet connection detected
2025-03-25 09:41:34,763 [WARN] PackLoader:240 - Cannot read IP mode file for STMicroelectronics.FP-SNS-SMARTAG2.1.2.0
2025-03-25 09:41:34,769 [WARN] PackLoader:240 - Cannot read IP mode file for STMicroelectronics.FP-SNS-FLIGHT1.5.1.0
2025-03-25 09:41:34,789 [INFO] WebApp:894 - Register for checkConnection events
2025-03-25 09:41:34,790 [INFO] WebApp:463 - Apply proxy settings
2025-03-25 09:41:34,790 [INFO] WebApp:548 - Chromium requires no authentication
2025-03-25 09:41:34,791 [INFO] WebApp:491 - Direct internet connection detected
2025-03-25 09:41:34,819 [WARN] PackLoader:240 - Cannot read IP mode file for STMicroelectronics.X-CUBE-MEMS1.11.1.0
2025-03-25 09:41:34,980 [INFO] LogOutputStream:77 - [STDOUT_REDIRECT] 1 : Invalid condition id : UX_CORESTACK_Condition cause : null
2025-03-25 09:41:34,982 [INFO] LogOutputStream:77 - [STDOUT_REDIRECT] 1 : Invalid condition id : UX_CORESTACK_Condition cause : null
2025-03-25 09:41:34,983 [INFO] LogOutputStream:77 - [STDOUT_REDIRECT] 1 : Invalid condition id : UX_CORESTACK_Condition cause : null
2025-03-25 09:41:34,983 [INFO] LogOutputStream:77 - [STDOUT_REDIRECT] 1 : Invalid condition id : UX_CORESTACK_Condition cause : null
2025-03-25 09:41:34,983 [INFO] LogOutputStream:77 - [STDOUT_REDIRECT] 1 : Invalid condition id : UX_CORESTACK_Condition cause : null
2025-03-25 09:41:34,987 [WARN] PackLoader:240 - Cannot read IP mode file for STMicroelectronics.X-CUBE-AZRTOS-WL.2.0.0
2025-03-25 09:41:34,989 [INFO] WebApp:191 - Connection restablished
2025-03-25 09:41:34,994 [WARN] PackLoader:240 - Cannot read IP mode file for STMicroelectronics.FP-SNS-MOTENV1.5.0.0
2025-03-25 09:41:35,004 [WARN] PackLoader:240 - Cannot read IP mode file for WES.I-CUBE-Cesium.1.3.0
2025-03-25 09:41:35,005 [INFO] WebApp:225 - Starting web application
2025-03-25 09:41:35,005 [INFO] WebApp:593 - Web application path used /opt/stm32cubeide/plugins/com.st.stm32cube.common.mx_6.14.0.202502271554/db/plugins/mcufinder/reactClient1/index.html
2025-03-25 09:41:35,010 [WARN] PackLoader:240 - Cannot read IP mode file for STMicroelectronics.X-CUBE-BLE2.3.3.0
2025-03-25 09:41:35,016 [WARN] PackLoader:240 - Cannot read IP mode file for STMicroelectronics.X-CUBE-NFC9.1.0.0
2025-03-25 09:41:35,025 [WARN] PackLoader:240 - Cannot read IP mode file for STMicroelectronics.X-CUBE-BLE1.7.1.0
2025-03-25 09:41:35,032 [WARN] PackLoader:240 - Cannot read IP mode file for wolfSSL.I-CUBE-wolfMQTT.1.19.2
2025-03-25 09:41:35,049 [WARN] PackLoader:240 - Cannot read IP mode file for STMicroelectronics.X-CUBE-AZRTOS-G0.1.1.0
2025-03-25 09:41:35,063 [WARN] PackLoader:240 - Cannot read IP mode file for STMicroelectronics.X-CUBE-SAFEA1.1.2.2
2025-03-25 09:41:35,072 [WARN] PackLoader:240 - Cannot read IP mode file for STMicroelectronics.X-CUBE-NFC4.3.0.0
2025-03-25 09:41:35,082 [WARN] PackLoader:240 - Cannot read IP mode file for EmbeddedOffice.I-CUBE-FS-RTOS.1.0.1
2025-03-25 09:41:35,087 [WARN] PackLoader:240 - Cannot read IP mode file for wolfSSL.I-CUBE-wolfTPM.3.8.0
2025-03-25 09:41:35,093 [WARN] PackLoader:240 - Cannot read IP mode file for STMicroelectronics.X-CUBE-TCPP.4.2.0
2025-03-25 09:41:35,102 [WARN] PackLoader:240 - Cannot read IP mode file for RealThread.X-CUBE-RT-Thread_Nano.4.1.1
2025-03-25 09:41:35,109 [WARN] PackLoader:240 - Cannot read IP mode file for STMicroelectronics.FP-ATR-SIGFOX1.3.2.0
2025-03-25 09:41:35,115 [WARN] PackLoader:240 - Cannot read IP mode file for STMicroelectronics.X-CUBE-EEPRMA1.5.1.0
2025-03-25 09:41:35,120 [WARN] PackLoader:240 - Cannot read IP mode file for wolfSSL.I-CUBE-wolfSSL.5.7.6
2025-03-25 09:41:35,137 [WARN] PackLoader:240 - Cannot read IP mode file for ITTIA_DB.I-CUBE-ITTIADB.8.9.0
2025-03-25 09:41:35,165 [WARN] PackLoader:240 - Cannot read IP mode file for SEGGER.I-CUBE-embOS.1.3.1
2025-03-25 09:41:35,178 [INFO] UserAuth:486 - Internet connection configuration mode: 1
2025-03-25 09:41:35,216 [WARN] PackLoader:240 - Cannot read IP mode file for STMicroelectronics.X-CUBE-ALGOBUILD.1.4.0
2025-03-25 09:41:35,232 [WARN] PackLoader:240 - Cannot read IP mode file for STMicroelectronics.X-CUBE-AZRTOS-F4.1.1.0
2025-03-25 09:41:35,239 [WARN] PackLoader:240 - Cannot read IP mode file for STMicroelectronics.X-CUBE-ISPU.2.1.0
2025-03-25 09:41:35,254 [WARN] PackLoader:240 - Cannot read IP mode file for STMicroelectronics.X-CUBE-AZRTOS-L5.2.0.0
2025-03-25 09:41:35,264 [WARN] PackLoader:240 - Cannot read IP mode file for STMicroelectronics.X-CUBE-NFC6.3.1.0
2025-03-25 09:41:35,271 [WARN] PackLoader:240 - Cannot read IP mode file for STMicroelectronics.X-CUBE-DPower.1.2.0
2025-03-25 09:41:35,275 [WARN] PackLoader:240 - Cannot read IP mode file for STMicroelectronics.X-CUBE-FREERTOS.1.3.0
2025-03-25 09:41:35,279 [WARN] PackLoader:240 - Cannot read IP mode file for STMicroelectronics.X-CUBE-NFC7.1.0.1
2025-03-25 09:41:35,295 [WARN] ConditionMgr:438 - getConditionDescription Invalid condition id : LAN8742 Phy interface Condition cause : null
2025-03-25 09:41:35,295 [WARN] PackLoader:240 - Cannot read IP mode file for STMicroelectronics.X-CUBE-AZRTOS-L4.2.0.0
2025-03-25 09:41:35,296 [WARN] ConditionMgr:1044 - genDependencies : Invalid condition id : LAN8742 Phy interface Condition cause : null
2025-03-25 09:41:35,297 [WARN] ConditionMgr:1044 - genDependencies : Invalid condition id : LAN8742 Phy interface Condition cause : null
2025-03-25 09:41:35,297 [WARN] ConditionMgr:1044 - genDependencies : Invalid condition id : LAN8742 Phy interface Condition cause : null
2025-03-25 09:41:35,304 [WARN] PackLoader:240 - Cannot read IP mode file for STMicroelectronics.X-CUBE-SFXS2LP1.4.0.0
2025-03-25 09:41:35,322 [WARN] PackLoader:240 - Cannot read IP mode file for STMicroelectronics.X-CUBE-AZRTOS-H7.3.3.0
2025-03-25 09:41:35,343 [WARN] ConditionMgr:438 - getConditionDescription Invalid condition id : UX DEVICE CLASS RTOS Condition cause : null
2025-03-25 09:41:35,344 [WARN] ConditionMgr:438 - getConditionDescription Invalid condition id : UX DEVICE CLASS RTOS Condition cause : null
2025-03-25 09:41:35,346 [WARN] PackLoader:240 - Cannot read IP mode file for STMicroelectronics.X-CUBE-AZRTOS-WB.2.0.0
2025-03-25 09:41:35,347 [WARN] ConditionMgr:1044 - genDependencies : Invalid condition id : UX DEVICE CLASS RTOS Condition cause : null
2025-03-25 09:41:35,347 [WARN] ConditionMgr:1044 - genDependencies : Invalid condition id : UX DEVICE CLASS RTOS Condition cause : null
2025-03-25 09:41:35,348 [WARN] ConditionMgr:1044 - genDependencies : Invalid condition id : UX DEVICE CLASS RTOS Condition cause : null
2025-03-25 09:41:35,348 [WARN] ConditionMgr:1044 - genDependencies : Invalid condition id : UX DEVICE CLASS RTOS Condition cause : null
2025-03-25 09:41:35,348 [WARN] ConditionMgr:1044 - genDependencies : Invalid condition id : UX DEVICE CLASS RTOS Condition cause : null
2025-03-25 09:41:35,356 [WARN] PackLoader:240 - Cannot read IP mode file for STMicroelectronics.X-CUBE-GNSS1.7.0.1
2025-03-25 09:41:35,362 [WARN] PackLoader:240 - Cannot read IP mode file for STMicroelectronics.X-CUBE-TOUCHGFX.4.25.0
2025-03-25 09:41:35,369 [WARN] PackLoader:240 - Cannot read IP mode file for STMicroelectronics.FP-SNS-STBOX1.2.0.0
2025-03-25 09:41:35,382 [WARN] PackLoader:240 - Cannot read IP mode file for STMicroelectronics.X-CUBE-SUBG2.5.0.0
2025-03-25 09:41:35,423 [WARN] PackLoader:240 - Cannot read IP mode file for STMicroelectronics.X-CUBE-AZRTOS-H7RS.1.1.0
2025-03-25 09:41:35,434 [WARN] PackLoader:240 - Cannot read IP mode file for Cesanta.I-CUBE-Mongoose.7.13.0
2025-03-25 09:41:35,453 [WARN] PackLoader:240 - Cannot read IP mode file for STMicroelectronics.X-CUBE-AZRTOS-G4.2.0.0
2025-03-25 09:41:35,465 [WARN] PackLoader:240 - Cannot read IP mode file for wolfSSL.I-CUBE-wolfSSH.1.4.20
2025-03-25 09:41:35,475 [WARN] PackLoader:240 - Cannot read IP mode file for STMicroelectronics.X-CUBE-IPS.3.1.0
2025-03-25 09:41:35,482 [WARN] PackLoader:240 - Cannot read IP mode file for STMicroelectronics.X-CUBE-ALS.1.0.2
2025-03-25 09:41:35,488 [WARN] PackLoader:240 - Cannot read IP mode file for portGmbH.I-Cube-SoM-uGOAL.1.1.0
2025-03-25 09:41:35,495 [WARN] PackLoader:240 - Cannot read IP mode file for STMicroelectronics.X-CUBE-TOF1.3.4.2
2025-03-25 09:41:35,501 [INFO] ThirdParty:978 - Integrity check success = true
2025-03-25 09:41:35,501 [INFO] IntegrityCheckThread:100 - exiting critical section [integrity check]
2025-03-25 09:41:35,501 [INFO] IntegrityCheckThread:103 - End integrity checks thread
2025-03-25 10:04:54,829 [INFO] Activator:176 - 


2025-03-25 10:04:54,830 [INFO] Activator:177 - !SESSION log4j initialized
2025-03-25 10:04:58,515 [INFO] LogOutputStream:77 - [STDOUT_REDIRECT] 
2025-03-25 10:04:59,342 [INFO] ApplicationProperties:184 - Using Application install path: /opt/stm32cubeide/plugins/com.st.stm32cube.common.mx_6.14.0.202502271554
2025-03-25 10:04:59,357 [INFO] DbMcusXml:78 - Set database path to: /opt/stm32cubeide/plugins/com.st.stm32cube.common.mx_6.14.0.202502271554//db//mcu/
2025-03-25 10:04:59,357 [INFO] ApiDb:274 - Set plugin database path to: /opt/stm32cubeide/plugins/com.st.stm32cube.common.mx_6.14.0.202502271554//db//plugins/boardmanager/
2025-03-25 10:04:59,357 [WARN] ApiDb:259 - Overriding images path with different value:  => /opt/stm32cubeide/plugins/com.st.stm32cube.common.mx_6.14.0.202502271554//db//plugins/mcufinder/images/
2025-03-25 10:04:59,363 [INFO] ApiDb:250 - Set database path to: /home/moonflax/.stmcufinder/plugins/mcufinder//mcu/
2025-03-25 10:04:59,363 [INFO] DbMcusAds:125 - Set database path to: /home/moonflax/.stmcufinder/plugins/mcufinder//mcu/
2025-03-25 10:04:59,365 [INFO] CrossReferenceDbSqlite:203 - Set database path to: /home/moonflax/.stmcufinder/plugins/mcufinder//mcu/cs/
2025-03-25 10:04:59,447 [INFO] RulesReader:64 - Compatibility file has been processed (301 Rules)
2025-03-25 10:04:59,496 [INFO] DbMcusXml:78 - Set database path to: /opt/stm32cubeide/plugins/com.st.stm32cube.common.mx_6.14.0.202502271554//db//mcu/
2025-03-25 10:04:59,496 [INFO] ApiDb:274 - Set plugin database path to: /opt/stm32cubeide/plugins/com.st.stm32cube.common.mx_6.14.0.202502271554//db//plugins/boardmanager/
2025-03-25 10:04:59,496 [INFO] ApiDb:261 - Set plugin images path to: /opt/stm32cubeide/plugins/com.st.stm32cube.common.mx_6.14.0.202502271554//db//plugins/mcufinder/images/
2025-03-25 10:04:59,496 [WARN] DbFile:41 - Overriding database path with different value: /home/moonflax/.stmcufinder/plugins/mcufinder/ => /home/moonflax/.stmcufinder/plugins/mcufinder
2025-03-25 10:04:59,496 [INFO] ApiDb:250 - Set database path to: /home/moonflax/.stmcufinder/plugins/mcufinder//mcu/
2025-03-25 10:04:59,497 [WARN] DbFile:41 - Overriding database path with different value: /home/moonflax/.stmcufinder/plugins/mcufinder/ => /home/moonflax/.stmcufinder/plugins/mcufinder
2025-03-25 10:04:59,497 [INFO] DbMcusAds:125 - Set database path to: /home/moonflax/.stmcufinder/plugins/mcufinder//mcu/
2025-03-25 10:04:59,497 [WARN] DbFile:41 - Overriding database path with different value: /home/moonflax/.stmcufinder/plugins/mcufinder/ => /home/moonflax/.stmcufinder/plugins/mcufinder
2025-03-25 10:04:59,497 [WARN] DbFile:41 - Overriding database path with different value: /home/moonflax/.stmcufinder/plugins/mcufinder/ => /home/moonflax/.stmcufinder/plugins/mcufinder
2025-03-25 10:04:59,497 [INFO] CrossReferenceDbSqlite:203 - Set database path to: /home/moonflax/.stmcufinder/plugins/mcufinder//mcu/cs/
2025-03-25 10:04:59,546 [INFO] MainPanel:272 - HeapMemory: 268435456
2025-03-25 10:04:59,647 [INFO] DbMcusXml:78 - Set database path to: /opt/stm32cubeide/plugins/com.st.stm32cube.common.mx_6.14.0.202502271554//db//mcu/
2025-03-25 10:04:59,647 [INFO] ApiDb:274 - Set plugin database path to: /opt/stm32cubeide/plugins/com.st.stm32cube.common.mx_6.14.0.202502271554//db//plugins/boardmanager/
2025-03-25 10:04:59,647 [INFO] ApiDb:261 - Set plugin images path to: /opt/stm32cubeide/plugins/com.st.stm32cube.common.mx_6.14.0.202502271554//db//plugins/mcufinder/images/
2025-03-25 10:04:59,647 [WARN] DbFile:41 - Overriding database path with different value: /home/moonflax/.stmcufinder/plugins/mcufinder/ => /home/moonflax/.stmcufinder/plugins/mcufinder
2025-03-25 10:04:59,647 [INFO] ApiDb:250 - Set database path to: /home/moonflax/.stmcufinder/plugins/mcufinder//mcu/
2025-03-25 10:04:59,648 [WARN] DbFile:41 - Overriding database path with different value: /home/moonflax/.stmcufinder/plugins/mcufinder/ => /home/moonflax/.stmcufinder/plugins/mcufinder
2025-03-25 10:04:59,648 [INFO] DbMcusAds:125 - Set database path to: /home/moonflax/.stmcufinder/plugins/mcufinder//mcu/
2025-03-25 10:04:59,648 [WARN] DbFile:41 - Overriding database path with different value: /home/moonflax/.stmcufinder/plugins/mcufinder/ => /home/moonflax/.stmcufinder/plugins/mcufinder
2025-03-25 10:04:59,648 [WARN] DbFile:41 - Overriding database path with different value: /home/moonflax/.stmcufinder/plugins/mcufinder/ => /home/moonflax/.stmcufinder/plugins/mcufinder
2025-03-25 10:04:59,648 [INFO] CrossReferenceDbSqlite:203 - Set database path to: /home/moonflax/.stmcufinder/plugins/mcufinder//mcu/cs/
2025-03-25 10:04:59,658 [INFO] ApplicationProperties:184 - Using Application install path: /opt/stm32cubeide/plugins/com.st.stm32cube.common.mx_6.14.0.202502271554
2025-03-25 10:04:59,659 [INFO] PluginManage:196 - Search for loadable plugins [exclusion list=, ]
2025-03-25 10:04:59,660 [INFO] PluginManage:310 - Check plugin analytics
2025-03-25 10:04:59,759 [INFO] AnalyticsPlugin:253 - Accepted Software Licenses: 
2025-03-25 10:04:59,759 [INFO] AnalyticsPlugin:255 - Accepted CMSIS Pack Licenses: 
2025-03-25 10:04:59,759 [INFO] AnalyticsPlugin:257 - Accepted Firmware Licenses: FW.L4.1.18.0
2025-03-25 10:04:59,761 [INFO] PluginManage:359 - Loaded plugin analytics (category:tool,tabindex:-1)
2025-03-25 10:04:59,761 [INFO] PluginManage:310 - Check plugin cadmodel
2025-03-25 10:04:59,766 [INFO] CADModel:105 - Init CAD model plugin
2025-03-25 10:04:59,767 [INFO] PluginManage:359 - Loaded plugin cadmodel (category:power,tabindex:5)
2025-03-25 10:04:59,767 [INFO] PluginManage:310 - Check plugin clock
2025-03-25 10:04:59,776 [INFO] PluginManage:359 - Loaded plugin clock (category:base,tabindex:2)
2025-03-25 10:04:59,777 [INFO] PluginManage:310 - Check plugin ddr
2025-03-25 10:04:59,779 [INFO] PluginManage:359 - Loaded plugin ddr (category:tool,tabindex:6)
2025-03-25 10:04:59,779 [INFO] PluginManage:310 - Check plugin filemanager
2025-03-25 10:04:59,893 [INFO] PluginManage:359 - Loaded plugin filemanager (category:base,tabindex:10)
2025-03-25 10:04:59,893 [INFO] PluginManage:310 - Check plugin ipmanager
2025-03-25 10:04:59,896 [INFO] PluginManage:359 - Loaded plugin ipmanager (category:base,tabindex:5)
2025-03-25 10:04:59,897 [INFO] PluginManage:310 - Check plugin lpbam
2025-03-25 10:04:59,904 [INFO] PluginManage:359 - Loaded plugin lpbam (category:base,tabindex:0)
2025-03-25 10:04:59,904 [INFO] PluginManage:310 - Check plugin memorymap
2025-03-25 10:04:59,915 [INFO] PluginManage:359 - Loaded plugin memorymap (category:base,tabindex:4)
2025-03-25 10:04:59,915 [INFO] PluginManage:310 - Check plugin pinoutandconfiguration
2025-03-25 10:04:59,924 [INFO] PluginManage:359 - Loaded plugin pinoutandconfiguration (category:base,tabindex:1)
2025-03-25 10:04:59,924 [INFO] PluginManage:310 - Check plugin pinoutconfig
2025-03-25 10:04:59,994 [WARN] SupportedApi:132 - Cannot load RTOS API schema: s4s-elt-must-match.1: The content of 'definitions' must match (annotation?, (simpleType | complexType)?, (unique | key | keyref)*)). A problem was found starting at: attribute.
2025-03-25 10:05:00,096 [INFO] PluginManage:359 - Loaded plugin pinoutconfig (category:base,tabindex:0)
2025-03-25 10:05:00,097 [INFO] PluginManage:310 - Check plugin power
2025-03-25 10:05:00,124 [INFO] PluginManage:359 - Loaded plugin power (category:power,tabindex:4)
2025-03-25 10:05:00,124 [INFO] PluginManage:310 - Check plugin projectmanager
2025-03-25 10:05:00,179 [INFO] PluginManage:359 - Loaded plugin projectmanager (category:projectmanager,tabindex:4)
2025-03-25 10:05:00,180 [INFO] PluginManage:310 - Check plugin rif
2025-03-25 10:05:00,203 [INFO] PluginManage:359 - Loaded plugin rif (category:base,tabindex:3)
2025-03-25 10:05:00,204 [INFO] PluginManage:310 - Check plugin thirdparty
2025-03-25 10:05:00,456 [INFO] PluginManage:359 - Loaded plugin thirdparty (category:base,tabindex:-1)
2025-03-25 10:05:00,456 [WARN] IntegrityCheckThread:84 - waiting for thirdparty lock release [integrity check]
2025-03-25 10:05:00,457 [INFO] PluginManage:310 - Check plugin tools
2025-03-25 10:05:00,457 [INFO] IntegrityCheckThread:86 - entering critical section [integrity check]
2025-03-25 10:05:00,458 [INFO] ThirdPartyUpdaterWithRetryManager:70 - Updater plugin not ready yet. [1/15]
2025-03-25 10:05:00,461 [INFO] PluginManage:359 - Loaded plugin tools (category:base,tabindex:7)
2025-03-25 10:05:00,462 [INFO] PluginManage:310 - Check plugin tutovideos
2025-03-25 10:05:00,605 [INFO] PluginManage:359 - Loaded plugin tutovideos (category:base,tabindex:-1)
2025-03-25 10:05:00,605 [INFO] PluginManage:310 - Check plugin updater
2025-03-25 10:05:00,625 [INFO] PluginManage:359 - Loaded plugin updater (category:base,tabindex:12)
2025-03-25 10:05:00,625 [INFO] PluginManage:310 - Check plugin userauth
2025-03-25 10:05:00,629 [INFO] UserAuth:118 - Init User Auth plugin
2025-03-25 10:05:00,630 [INFO] PluginManage:359 - Loaded plugin userauth (category:base,tabindex:14)
2025-03-25 10:05:00,631 [INFO] PluginManage:283 - PluginManage : Loaded plugins [18]
2025-03-25 10:05:00,790 [INFO] PinOutPanel:1589 - setPackage(No Configuration,No Configuration)
2025-03-25 10:05:00,842 [INFO] CADModel:165 - CPN selected for project level
2025-03-25 10:05:00,842 [INFO] CADModel:114 - Register for checkConnection events
2025-03-25 10:05:00,856 [INFO] IPUIPlugin:80 - create IPUIPlugin
2025-03-25 10:05:00,857 [INFO] PluginManager:220 - loadIPPluginJar : add usbx
2025-03-25 10:05:00,859 [INFO] IPUIPlugin:80 - create IPUIPlugin
2025-03-25 10:05:00,859 [INFO] PluginManager:220 - loadIPPluginJar : add spi
2025-03-25 10:05:00,862 [INFO] IPUIPlugin:80 - create IPUIPlugin
2025-03-25 10:05:00,862 [INFO] PluginManager:220 - loadIPPluginJar : add radio
2025-03-25 10:05:00,865 [INFO] IPUIPlugin:80 - create IPUIPlugin
2025-03-25 10:05:00,865 [INFO] PluginManager:220 - loadIPPluginJar : add pdm2pcm
2025-03-25 10:05:00,869 [INFO] IPUIPlugin:80 - create IPUIPlugin
2025-03-25 10:05:00,869 [INFO] PluginManager:220 - loadIPPluginJar : add ipddr
2025-03-25 10:05:00,872 [INFO] IPUIPlugin:80 - create IPUIPlugin
2025-03-25 10:05:00,872 [INFO] PluginManager:220 - loadIPPluginJar : add i3c
2025-03-25 10:05:00,882 [INFO] IPUIPlugin:80 - create IPUIPlugin
2025-03-25 10:05:00,886 [INFO] PluginManager:220 - loadIPPluginJar : add plateformsettings
2025-03-25 10:05:00,891 [INFO] IPUIPlugin:80 - create IPUIPlugin
2025-03-25 10:05:00,891 [INFO] PluginManager:220 - loadIPPluginJar : add sai
2025-03-25 10:05:00,903 [INFO] IPUIPlugin:80 - create IPUIPlugin
2025-03-25 10:05:00,903 [INFO] PluginManager:220 - loadIPPluginJar : add adc
2025-03-25 10:05:00,909 [INFO] IPUIPlugin:80 - create IPUIPlugin
2025-03-25 10:05:00,909 [INFO] PluginManager:220 - loadIPPluginJar : add fmc
2025-03-25 10:05:00,912 [INFO] IPUIPlugin:80 - create IPUIPlugin
2025-03-25 10:05:00,912 [INFO] PluginManager:220 - loadIPPluginJar : add tsc
2025-03-25 10:05:00,923 [INFO] IPUIPlugin:80 - create IPUIPlugin
2025-03-25 10:05:00,924 [INFO] PluginManager:220 - loadIPPluginJar : add touchsensing
2025-03-25 10:05:00,938 [INFO] IPUIPlugin:80 - create IPUIPlugin
2025-03-25 10:05:00,939 [INFO] PluginManager:220 - loadIPPluginJar : add linkedlist
2025-03-25 10:05:00,946 [INFO] IPUIPlugin:80 - create IPUIPlugin
2025-03-25 10:05:00,946 [INFO] PluginManager:220 - loadIPPluginJar : add lorawan
2025-03-25 10:05:00,949 [INFO] IPUIPlugin:80 - create IPUIPlugin
2025-03-25 10:05:00,949 [INFO] PluginManager:220 - loadIPPluginJar : add tim
2025-03-25 10:05:00,953 [INFO] IPUIPlugin:80 - create IPUIPlugin
2025-03-25 10:05:00,953 [INFO] PluginManager:220 - loadIPPluginJar : add cryp
2025-03-25 10:05:00,957 [INFO] IPUIPlugin:80 - create IPUIPlugin
2025-03-25 10:05:00,957 [INFO] PluginManager:220 - loadIPPluginJar : add ddr_ctrl_phy
2025-03-25 10:05:00,964 [INFO] IPUIPlugin:80 - create IPUIPlugin
2025-03-25 10:05:00,964 [INFO] PluginManager:220 - loadIPPluginJar : add gpio
2025-03-25 10:05:00,968 [INFO] IPUIPlugin:80 - create IPUIPlugin
2025-03-25 10:05:00,968 [INFO] PluginManager:220 - loadIPPluginJar : add extmemmanager
2025-03-25 10:05:00,971 [INFO] IPUIPlugin:80 - create IPUIPlugin
2025-03-25 10:05:00,971 [INFO] PluginManager:220 - loadIPPluginJar : add aes
2025-03-25 10:05:00,974 [INFO] IPUIPlugin:80 - create IPUIPlugin
2025-03-25 10:05:00,974 [INFO] PluginManager:220 - loadIPPluginJar : add ucpd
2025-03-25 10:05:00,979 [INFO] IPUIPlugin:80 - create IPUIPlugin
2025-03-25 10:05:00,980 [INFO] PluginManager:220 - loadIPPluginJar : add resmgrutility
2025-03-25 10:05:00,983 [INFO] IPUIPlugin:80 - create IPUIPlugin
2025-03-25 10:05:00,983 [INFO] PluginManager:220 - loadIPPluginJar : add usart
2025-03-25 10:05:00,986 [INFO] IPUIPlugin:80 - create IPUIPlugin
2025-03-25 10:05:00,986 [INFO] PluginManager:220 - loadIPPluginJar : add dfsdm
2025-03-25 10:05:00,988 [INFO] IPUIPlugin:80 - create IPUIPlugin
2025-03-25 10:05:00,989 [INFO] PluginManager:220 - loadIPPluginJar : add tracer_emb
2025-03-25 10:05:00,996 [INFO] IPUIPlugin:80 - create IPUIPlugin
2025-03-25 10:05:00,997 [INFO] PluginManager:220 - loadIPPluginJar : add nvic
2025-03-25 10:05:01,000 [INFO] IPUIPlugin:80 - create IPUIPlugin
2025-03-25 10:05:01,000 [INFO] PluginManager:220 - loadIPPluginJar : add quadspi
2025-03-25 10:05:01,014 [INFO] IPUIPlugin:80 - create IPUIPlugin
2025-03-25 10:05:01,014 [INFO] PluginManager:220 - loadIPPluginJar : add dma
2025-03-25 10:05:01,018 [INFO] IPUIPlugin:80 - create IPUIPlugin
2025-03-25 10:05:01,018 [INFO] PluginManager:220 - loadIPPluginJar : add opamp
2025-03-25 10:05:01,021 [INFO] IPUIPlugin:80 - create IPUIPlugin
2025-03-25 10:05:01,021 [INFO] PluginManager:220 - loadIPPluginJar : add hash
2025-03-25 10:05:01,032 [INFO] IPUIPlugin:80 - create IPUIPlugin
2025-03-25 10:05:01,033 [INFO] PluginManager:220 - loadIPPluginJar : add mdma
2025-03-25 10:05:01,044 [INFO] IPUIPlugin:80 - create IPUIPlugin
2025-03-25 10:05:01,045 [INFO] PluginManager:220 - loadIPPluginJar : add stm32_wpan
2025-03-25 10:05:01,052 [INFO] IPUIPlugin:80 - create IPUIPlugin
2025-03-25 10:05:01,053 [INFO] PluginManager:220 - loadIPPluginJar : add can
2025-03-25 10:05:01,060 [INFO] IPUIPlugin:80 - create IPUIPlugin
2025-03-25 10:05:01,061 [INFO] PluginManager:220 - loadIPPluginJar : add i2s
2025-03-25 10:05:01,074 [INFO] IPUIPlugin:80 - create IPUIPlugin
2025-03-25 10:05:01,075 [INFO] PluginManager:220 - loadIPPluginJar : add gic
2025-03-25 10:05:01,085 [INFO] IPUIPlugin:80 - create IPUIPlugin
2025-03-25 10:05:01,085 [INFO] PluginManager:220 - loadIPPluginJar : add openamp
2025-03-25 10:05:01,092 [INFO] IPUIPlugin:80 - create IPUIPlugin
2025-03-25 10:05:01,092 [INFO] PluginManager:220 - loadIPPluginJar : add dma3
2025-03-25 10:05:01,095 [INFO] IPUIPlugin:80 - create IPUIPlugin
2025-03-25 10:05:01,096 [INFO] PluginManager:220 - loadIPPluginJar : add genericplugin
2025-03-25 10:05:01,097 [INFO] IPUIPlugin:80 - create IPUIPlugin
2025-03-25 10:05:01,098 [INFO] PluginManager:220 - loadIPPluginJar : add comp
2025-03-25 10:05:01,099 [INFO] IPUIPlugin:80 - create IPUIPlugin
2025-03-25 10:05:01,099 [INFO] PluginManager:220 - loadIPPluginJar : add ltdc
2025-03-25 10:05:01,109 [INFO] IPUIPlugin:80 - create IPUIPlugin
2025-03-25 10:05:01,111 [INFO] PluginManager:220 - loadIPPluginJar : add freertos
2025-03-25 10:05:01,115 [INFO] IPUIPlugin:80 - create IPUIPlugin
2025-03-25 10:05:01,116 [INFO] PluginManager:220 - loadIPPluginJar : add ts
2025-03-25 10:05:01,121 [INFO] IPUIPlugin:80 - create IPUIPlugin
2025-03-25 10:05:01,122 [INFO] PluginManager:220 - loadIPPluginJar : add i2c
2025-03-25 10:05:01,126 [INFO] IPUIPlugin:80 - create IPUIPlugin
2025-03-25 10:05:01,127 [INFO] PluginManager:220 - loadIPPluginJar : add gfxmmu
2025-03-25 10:05:01,136 [INFO] IPUIPlugin:80 - create IPUIPlugin
2025-03-25 10:05:01,137 [INFO] PluginManager:220 - loadIPPluginJar : add gtzc
2025-03-25 10:05:01,139 [INFO] IPUIPlugin:80 - create IPUIPlugin
2025-03-25 10:05:01,140 [INFO] PluginManager:220 - loadIPPluginJar : add fatfs
2025-03-25 10:05:01,273 [FATAL] Updater:351 - Updater called before beeing initialized
2025-03-25 10:05:01,316 [INFO] RulesReader:64 - Compatibility file has been processed (301 Rules)
2025-03-25 10:05:01,332 [INFO] RulesReader:64 - Compatibility file has been processed (301 Rules)
2025-03-25 10:05:01,351 [INFO] CADModel:165 - CPN selected for project level
2025-03-25 10:05:01,351 [INFO] CADModel:114 - Register for checkConnection events
2025-03-25 10:05:01,351 [FATAL] Updater:351 - Updater called before beeing initialized
2025-03-25 10:05:01,352 [ERROR] CADModel:125 - Updater not yet initialized, retry later 
2025-03-25 10:05:01,477 [FATAL] Updater:351 - Updater called before beeing initialized
2025-03-25 10:05:01,480 [INFO] CADModel:165 - CPN selected for project level
2025-03-25 10:05:01,480 [INFO] CADModel:114 - Register for checkConnection events
2025-03-25 10:05:01,480 [FATAL] Updater:351 - Updater called before beeing initialized
2025-03-25 10:05:01,480 [ERROR] CADModel:125 - Updater not yet initialized, retry later 
2025-03-25 10:05:01,484 [FATAL] Updater:351 - Updater called before beeing initialized
2025-03-25 10:05:01,542 [FATAL] Updater:351 - Updater called before beeing initialized
2025-03-25 10:05:01,545 [INFO] DbMcusAds:53 - JSON generation date=Thu Mar 06 11:54:21 CLST 2025 (1741272861825)
2025-03-25 10:05:01,546 [FATAL] Updater:351 - Updater called before beeing initialized
2025-03-25 10:05:01,570 [WARN] DetailPanel:346 - Failed to get advertising image, set to default
2025-03-25 10:05:01,727 [FATAL] Updater:351 - Updater called before beeing initialized
2025-03-25 10:05:01,728 [FATAL] Updater:351 - Updater called before beeing initialized
2025-03-25 10:05:01,728 [FATAL] Updater:351 - Updater called before beeing initialized
2025-03-25 10:05:01,728 [WARN] DetailPanel:346 - Failed to get advertising image, set to default
2025-03-25 10:05:01,729 [FATAL] Updater:351 - Updater called before beeing initialized
2025-03-25 10:05:01,751 [ERROR] Updater:1198 - MainUpdater not yet initialized. External WinMGr cannot be set.
2025-03-25 10:05:01,752 [INFO] Updater:1134 - Updater Version found : 6.14.0
2025-03-25 10:05:01,769 [INFO] ApplicationProperties:184 - Using Application install path: /opt/stm32cubeide/plugins/com.st.stm32cube.common.mx_6.14.0.202502271554
2025-03-25 10:05:01,938 [INFO] MainUpdater:2872 - connection check result : 10
2025-03-25 10:05:01,939 [INFO] MainUpdater:289 - Updater Check For Update Now.
2025-03-25 10:05:01,939 [INFO] MicroXplorer:498 - Change Database Version : DB.6.0.140
2025-03-25 10:05:01,943 [INFO] McuFinderGlobals:63 - Set McuFinder mode to 2 (CubeIDE integrated)
2025-03-25 10:05:01,944 [INFO] UserAuth:486 - Internet connection configuration mode: 1
2025-03-25 10:05:01,977 [INFO] JxBrowserEngine:152 - Initiate JxBrowser Engine with user profile folder
2025-03-25 10:05:02,134 [INFO] CheckServerUpdateThread:120 - End of CheckServer Thread
2025-03-25 10:05:02,776 [INFO] WebApp:169 - Instantiating new browser for Auth
2025-03-25 10:05:03,265 [INFO] WebApp:463 - Apply proxy settings
2025-03-25 10:05:03,265 [INFO] WebApp:548 - Chromium requires no authentication
2025-03-25 10:05:03,272 [INFO] WebApp:491 - Direct internet connection detected
2025-03-25 10:05:03,286 [INFO] WebApp:894 - Register for checkConnection events
2025-03-25 10:05:03,286 [INFO] WebApp:463 - Apply proxy settings
2025-03-25 10:05:03,286 [INFO] WebApp:548 - Chromium requires no authentication
2025-03-25 10:05:03,286 [INFO] WebApp:491 - Direct internet connection detected
2025-03-25 10:05:03,378 [INFO] WebApp:225 - Starting web application
2025-03-25 10:05:03,378 [INFO] WebApp:593 - Web application path used /opt/stm32cubeide/plugins/com.st.stm32cube.common.mx_6.14.0.202502271554/db/plugins/mcufinder/reactClient1/index.html
2025-03-25 10:05:03,461 [INFO] UserAuth:486 - Internet connection configuration mode: 1
2025-03-25 10:05:03,495 [INFO] WebApp:191 - Connection restablished
2025-03-25 10:05:03,574 [WARN] PackLoader:240 - Cannot read IP mode file for STMicroelectronics.FP-SNS-MOTENVWB1.1.4.0
2025-03-25 10:05:03,580 [WARN] PackLoader:240 - Cannot read IP mode file for STMicroelectronics.FP-ATR-ASTRA1.2.0.2
2025-03-25 10:05:03,585 [WARN] PackLoader:240 - Cannot read IP mode file for STMicroelectronics.X-CUBE-SMBUS.2.1.0
2025-03-25 10:05:03,594 [WARN] PackLoader:240 - Cannot read IP mode file for STMicroelectronics.X-CUBE-WB05N.1.1.0
2025-03-25 10:05:03,620 [WARN] PackLoader:240 - Cannot read IP mode file for STMicroelectronics.X-CUBE-AZRTOS-F7.1.1.0
2025-03-25 10:05:03,668 [WARN] PackLoader:240 - Cannot read IP mode file for Infineon.AIROC-Wi-Fi-Bluetooth-STM32.1.7.0
2025-03-25 10:05:03,685 [WARN] PackLoader:240 - Cannot read IP mode file for STMicroelectronics.X-CUBE-DISPLAY.3.0.0
2025-03-25 10:05:03,699 [WARN] PackLoader:240 - Cannot read IP mode file for STMicroelectronics.X-CUBE-NFC10.1.0.0
2025-03-25 10:05:03,734 [WARN] PackLoader:240 - Cannot read IP mode file for STMicroelectronics.X-CUBE-BLEMGR.4.0.0
2025-03-25 10:05:03,744 [WARN] PackLoader:240 - Cannot read IP mode file for emotas.I-CUBE-CANOPEN.1.3.0
2025-03-25 10:05:03,749 [WARN] ConditionMgr:438 - getConditionDescription Invalid condition id : Cortex-A Device cause : null
2025-03-25 10:05:03,764 [WARN] ConditionMgr:1044 - genDependencies : Invalid condition id : Cortex-A Device cause : null
2025-03-25 10:05:03,765 [WARN] ConditionMgr:1044 - genDependencies : Invalid condition id : Cortex-A Device cause : null
2025-03-25 10:05:03,765 [WARN] ConditionMgr:1044 - genDependencies : Invalid condition id : Cortex-A Device cause : null
2025-03-25 10:05:03,768 [WARN] PackLoader:240 - Cannot read IP mode file for STMicroelectronics.X-CUBE-AI.10.0.0
2025-03-25 10:05:03,771 [WARN] PackLoader:240 - Cannot read IP mode file for STMicroelectronics.FP-SNS-SMARTAG2.1.2.0
2025-03-25 10:05:03,776 [WARN] PackLoader:240 - Cannot read IP mode file for STMicroelectronics.FP-SNS-FLIGHT1.5.1.0
2025-03-25 10:05:03,812 [WARN] PackLoader:240 - Cannot read IP mode file for STMicroelectronics.X-CUBE-MEMS1.11.1.0
2025-03-25 10:05:03,928 [INFO] LogOutputStream:77 - [STDOUT_REDIRECT] 1 : Invalid condition id : UX_CORESTACK_Condition cause : null
2025-03-25 10:05:03,928 [INFO] LogOutputStream:77 - [STDOUT_REDIRECT] 1 : Invalid condition id : UX_CORESTACK_Condition cause : null
2025-03-25 10:05:03,928 [INFO] LogOutputStream:77 - [STDOUT_REDIRECT] 1 : Invalid condition id : UX_CORESTACK_Condition cause : null
2025-03-25 10:05:03,928 [INFO] LogOutputStream:77 - [STDOUT_REDIRECT] 1 : Invalid condition id : UX_CORESTACK_Condition cause : null
2025-03-25 10:05:03,929 [INFO] LogOutputStream:77 - [STDOUT_REDIRECT] 1 : Invalid condition id : UX_CORESTACK_Condition cause : null
2025-03-25 10:05:03,931 [WARN] PackLoader:240 - Cannot read IP mode file for STMicroelectronics.X-CUBE-AZRTOS-WL.2.0.0
2025-03-25 10:05:03,936 [WARN] PackLoader:240 - Cannot read IP mode file for STMicroelectronics.FP-SNS-MOTENV1.5.0.0
2025-03-25 10:05:03,948 [WARN] PackLoader:240 - Cannot read IP mode file for WES.I-CUBE-Cesium.1.3.0
2025-03-25 10:05:03,952 [WARN] PackLoader:240 - Cannot read IP mode file for STMicroelectronics.X-CUBE-BLE2.3.3.0
2025-03-25 10:05:03,958 [WARN] PackLoader:240 - Cannot read IP mode file for STMicroelectronics.X-CUBE-NFC9.1.0.0
2025-03-25 10:05:03,963 [WARN] PackLoader:240 - Cannot read IP mode file for STMicroelectronics.X-CUBE-BLE1.7.1.0
2025-03-25 10:05:03,966 [WARN] PackLoader:240 - Cannot read IP mode file for wolfSSL.I-CUBE-wolfMQTT.1.19.2
2025-03-25 10:05:03,977 [WARN] PackLoader:240 - Cannot read IP mode file for STMicroelectronics.X-CUBE-AZRTOS-G0.1.1.0
2025-03-25 10:05:03,983 [WARN] PackLoader:240 - Cannot read IP mode file for STMicroelectronics.X-CUBE-SAFEA1.1.2.2
2025-03-25 10:05:03,988 [WARN] PackLoader:240 - Cannot read IP mode file for STMicroelectronics.X-CUBE-NFC4.3.0.0
2025-03-25 10:05:03,994 [WARN] PackLoader:240 - Cannot read IP mode file for EmbeddedOffice.I-CUBE-FS-RTOS.1.0.1
2025-03-25 10:05:03,996 [WARN] PackLoader:240 - Cannot read IP mode file for wolfSSL.I-CUBE-wolfTPM.3.8.0
2025-03-25 10:05:04,001 [WARN] PackLoader:240 - Cannot read IP mode file for STMicroelectronics.X-CUBE-TCPP.4.2.0
2025-03-25 10:05:04,005 [WARN] PackLoader:240 - Cannot read IP mode file for RealThread.X-CUBE-RT-Thread_Nano.4.1.1
2025-03-25 10:05:04,007 [WARN] PackLoader:240 - Cannot read IP mode file for STMicroelectronics.FP-ATR-SIGFOX1.3.2.0
2025-03-25 10:05:04,011 [WARN] PackLoader:240 - Cannot read IP mode file for STMicroelectronics.X-CUBE-EEPRMA1.5.1.0
2025-03-25 10:05:04,014 [WARN] PackLoader:240 - Cannot read IP mode file for wolfSSL.I-CUBE-wolfSSL.5.7.6
2025-03-25 10:05:04,019 [WARN] PackLoader:240 - Cannot read IP mode file for ITTIA_DB.I-CUBE-ITTIADB.8.9.0
2025-03-25 10:05:04,044 [WARN] PackLoader:240 - Cannot read IP mode file for SEGGER.I-CUBE-embOS.1.3.1
2025-03-25 10:05:04,074 [WARN] PackLoader:240 - Cannot read IP mode file for STMicroelectronics.X-CUBE-ALGOBUILD.1.4.0
2025-03-25 10:05:04,085 [WARN] PackLoader:240 - Cannot read IP mode file for STMicroelectronics.X-CUBE-AZRTOS-F4.1.1.0
2025-03-25 10:05:04,090 [WARN] PackLoader:240 - Cannot read IP mode file for STMicroelectronics.X-CUBE-ISPU.2.1.0
2025-03-25 10:05:04,100 [WARN] PackLoader:240 - Cannot read IP mode file for STMicroelectronics.X-CUBE-AZRTOS-L5.2.0.0
2025-03-25 10:05:04,106 [WARN] PackLoader:240 - Cannot read IP mode file for STMicroelectronics.X-CUBE-NFC6.3.1.0
2025-03-25 10:05:04,111 [WARN] PackLoader:240 - Cannot read IP mode file for STMicroelectronics.X-CUBE-DPower.1.2.0
2025-03-25 10:05:04,114 [WARN] PackLoader:240 - Cannot read IP mode file for STMicroelectronics.X-CUBE-FREERTOS.1.3.0
2025-03-25 10:05:04,116 [WARN] PackLoader:240 - Cannot read IP mode file for STMicroelectronics.X-CUBE-NFC7.1.0.1
2025-03-25 10:05:04,126 [WARN] ConditionMgr:438 - getConditionDescription Invalid condition id : LAN8742 Phy interface Condition cause : null
2025-03-25 10:05:04,127 [WARN] PackLoader:240 - Cannot read IP mode file for STMicroelectronics.X-CUBE-AZRTOS-L4.2.0.0
2025-03-25 10:05:04,128 [WARN] ConditionMgr:1044 - genDependencies : Invalid condition id : LAN8742 Phy interface Condition cause : null
2025-03-25 10:05:04,128 [WARN] ConditionMgr:1044 - genDependencies : Invalid condition id : LAN8742 Phy interface Condition cause : null
2025-03-25 10:05:04,128 [WARN] ConditionMgr:1044 - genDependencies : Invalid condition id : LAN8742 Phy interface Condition cause : null
2025-03-25 10:05:04,134 [WARN] PackLoader:240 - Cannot read IP mode file for STMicroelectronics.X-CUBE-SFXS2LP1.4.0.0
2025-03-25 10:05:04,148 [WARN] PackLoader:240 - Cannot read IP mode file for STMicroelectronics.X-CUBE-AZRTOS-H7.3.3.0
2025-03-25 10:05:04,157 [WARN] ConditionMgr:438 - getConditionDescription Invalid condition id : UX DEVICE CLASS RTOS Condition cause : null
2025-03-25 10:05:04,157 [WARN] ConditionMgr:438 - getConditionDescription Invalid condition id : UX DEVICE CLASS RTOS Condition cause : null
2025-03-25 10:05:04,158 [WARN] PackLoader:240 - Cannot read IP mode file for STMicroelectronics.X-CUBE-AZRTOS-WB.2.0.0
2025-03-25 10:05:04,159 [WARN] ConditionMgr:1044 - genDependencies : Invalid condition id : UX DEVICE CLASS RTOS Condition cause : null
2025-03-25 10:05:04,159 [WARN] ConditionMgr:1044 - genDependencies : Invalid condition id : UX DEVICE CLASS RTOS Condition cause : null
2025-03-25 10:05:04,159 [WARN] ConditionMgr:1044 - genDependencies : Invalid condition id : UX DEVICE CLASS RTOS Condition cause : null
2025-03-25 10:05:04,159 [WARN] ConditionMgr:1044 - genDependencies : Invalid condition id : UX DEVICE CLASS RTOS Condition cause : null
2025-03-25 10:05:04,159 [WARN] ConditionMgr:1044 - genDependencies : Invalid condition id : UX DEVICE CLASS RTOS Condition cause : null
2025-03-25 10:05:04,162 [WARN] PackLoader:240 - Cannot read IP mode file for STMicroelectronics.X-CUBE-GNSS1.7.0.1
2025-03-25 10:05:04,165 [WARN] PackLoader:240 - Cannot read IP mode file for STMicroelectronics.X-CUBE-TOUCHGFX.4.25.0
2025-03-25 10:05:04,169 [WARN] PackLoader:240 - Cannot read IP mode file for STMicroelectronics.FP-SNS-STBOX1.2.0.0
2025-03-25 10:05:04,177 [WARN] PackLoader:240 - Cannot read IP mode file for STMicroelectronics.X-CUBE-SUBG2.5.0.0
2025-03-25 10:05:04,198 [WARN] PackLoader:240 - Cannot read IP mode file for STMicroelectronics.X-CUBE-AZRTOS-H7RS.1.1.0
2025-03-25 10:05:04,204 [WARN] PackLoader:240 - Cannot read IP mode file for Cesanta.I-CUBE-Mongoose.7.13.0
2025-03-25 10:05:04,212 [WARN] PackLoader:240 - Cannot read IP mode file for STMicroelectronics.X-CUBE-AZRTOS-G4.2.0.0
2025-03-25 10:05:04,216 [WARN] PackLoader:240 - Cannot read IP mode file for wolfSSL.I-CUBE-wolfSSH.1.4.20
2025-03-25 10:05:04,224 [WARN] PackLoader:240 - Cannot read IP mode file for STMicroelectronics.X-CUBE-IPS.3.1.0
2025-03-25 10:05:04,231 [WARN] PackLoader:240 - Cannot read IP mode file for STMicroelectronics.X-CUBE-ALS.1.0.2
2025-03-25 10:05:04,235 [WARN] PackLoader:240 - Cannot read IP mode file for portGmbH.I-Cube-SoM-uGOAL.1.1.0
2025-03-25 10:05:04,242 [WARN] PackLoader:240 - Cannot read IP mode file for STMicroelectronics.X-CUBE-TOF1.3.4.2
2025-03-25 10:05:04,270 [INFO] ThirdParty:978 - Integrity check success = true
2025-03-25 10:05:04,271 [INFO] IntegrityCheckThread:100 - exiting critical section [integrity check]
2025-03-25 10:05:04,271 [INFO] IntegrityCheckThread:103 - End integrity checks thread
2025-03-25 11:06:28,636 [INFO] Activator:176 - 


2025-03-25 11:06:28,638 [INFO] Activator:177 - !SESSION log4j initialized
2025-03-25 11:06:33,841 [INFO] LogOutputStream:77 - [STDOUT_REDIRECT] 
2025-03-25 11:06:34,339 [ERROR] ConfigurationRetriever:142 - IOException on connection: sw-center.st.com
2025-03-25 11:06:34,341 [ERROR] ConfigurationRetriever:142 - IOException on connection: sw-center.st.com
2025-03-25 11:06:34,342 [ERROR] ConfigurationRetriever:142 - IOException on connection: sw-center.st.com
2025-03-25 11:06:35,014 [INFO] ApplicationProperties:184 - Using Application install path: /opt/stm32cubeide/plugins/com.st.stm32cube.common.mx_6.14.0.202502271554
2025-03-25 11:06:35,035 [INFO] DbMcusXml:78 - Set database path to: /opt/stm32cubeide/plugins/com.st.stm32cube.common.mx_6.14.0.202502271554//db//mcu/
2025-03-25 11:06:35,036 [INFO] ApiDb:274 - Set plugin database path to: /opt/stm32cubeide/plugins/com.st.stm32cube.common.mx_6.14.0.202502271554//db//plugins/boardmanager/
2025-03-25 11:06:35,036 [WARN] ApiDb:259 - Overriding images path with different value:  => /opt/stm32cubeide/plugins/com.st.stm32cube.common.mx_6.14.0.202502271554//db//plugins/mcufinder/images/
2025-03-25 11:06:35,044 [INFO] ApiDb:250 - Set database path to: /home/moonflax/.stmcufinder/plugins/mcufinder//mcu/
2025-03-25 11:06:35,046 [INFO] DbMcusAds:125 - Set database path to: /home/moonflax/.stmcufinder/plugins/mcufinder//mcu/
2025-03-25 11:06:35,049 [INFO] CrossReferenceDbSqlite:203 - Set database path to: /home/moonflax/.stmcufinder/plugins/mcufinder//mcu/cs/
2025-03-25 11:06:35,197 [INFO] RulesReader:64 - Compatibility file has been processed (301 Rules)
2025-03-25 11:06:35,306 [INFO] DbMcusXml:78 - Set database path to: /opt/stm32cubeide/plugins/com.st.stm32cube.common.mx_6.14.0.202502271554//db//mcu/
2025-03-25 11:06:35,307 [INFO] ApiDb:274 - Set plugin database path to: /opt/stm32cubeide/plugins/com.st.stm32cube.common.mx_6.14.0.202502271554//db//plugins/boardmanager/
2025-03-25 11:06:35,307 [INFO] ApiDb:261 - Set plugin images path to: /opt/stm32cubeide/plugins/com.st.stm32cube.common.mx_6.14.0.202502271554//db//plugins/mcufinder/images/
2025-03-25 11:06:35,307 [WARN] DbFile:41 - Overriding database path with different value: /home/moonflax/.stmcufinder/plugins/mcufinder/ => /home/moonflax/.stmcufinder/plugins/mcufinder
2025-03-25 11:06:35,307 [INFO] ApiDb:250 - Set database path to: /home/moonflax/.stmcufinder/plugins/mcufinder//mcu/
2025-03-25 11:06:35,307 [WARN] DbFile:41 - Overriding database path with different value: /home/moonflax/.stmcufinder/plugins/mcufinder/ => /home/moonflax/.stmcufinder/plugins/mcufinder
2025-03-25 11:06:35,307 [INFO] DbMcusAds:125 - Set database path to: /home/moonflax/.stmcufinder/plugins/mcufinder//mcu/
2025-03-25 11:06:35,307 [WARN] DbFile:41 - Overriding database path with different value: /home/moonflax/.stmcufinder/plugins/mcufinder/ => /home/moonflax/.stmcufinder/plugins/mcufinder
2025-03-25 11:06:35,307 [WARN] DbFile:41 - Overriding database path with different value: /home/moonflax/.stmcufinder/plugins/mcufinder/ => /home/moonflax/.stmcufinder/plugins/mcufinder
2025-03-25 11:06:35,307 [INFO] CrossReferenceDbSqlite:203 - Set database path to: /home/moonflax/.stmcufinder/plugins/mcufinder//mcu/cs/
2025-03-25 11:06:35,418 [INFO] MainPanel:272 - HeapMemory: 268435456
2025-03-25 11:06:35,600 [INFO] DbMcusXml:78 - Set database path to: /opt/stm32cubeide/plugins/com.st.stm32cube.common.mx_6.14.0.202502271554//db//mcu/
2025-03-25 11:06:35,600 [INFO] ApiDb:274 - Set plugin database path to: /opt/stm32cubeide/plugins/com.st.stm32cube.common.mx_6.14.0.202502271554//db//plugins/boardmanager/
2025-03-25 11:06:35,600 [INFO] ApiDb:261 - Set plugin images path to: /opt/stm32cubeide/plugins/com.st.stm32cube.common.mx_6.14.0.202502271554//db//plugins/mcufinder/images/
2025-03-25 11:06:35,601 [WARN] DbFile:41 - Overriding database path with different value: /home/moonflax/.stmcufinder/plugins/mcufinder/ => /home/moonflax/.stmcufinder/plugins/mcufinder
2025-03-25 11:06:35,601 [INFO] ApiDb:250 - Set database path to: /home/moonflax/.stmcufinder/plugins/mcufinder//mcu/
2025-03-25 11:06:35,601 [WARN] DbFile:41 - Overriding database path with different value: /home/moonflax/.stmcufinder/plugins/mcufinder/ => /home/moonflax/.stmcufinder/plugins/mcufinder
2025-03-25 11:06:35,602 [INFO] DbMcusAds:125 - Set database path to: /home/moonflax/.stmcufinder/plugins/mcufinder//mcu/
2025-03-25 11:06:35,602 [WARN] DbFile:41 - Overriding database path with different value: /home/moonflax/.stmcufinder/plugins/mcufinder/ => /home/moonflax/.stmcufinder/plugins/mcufinder
2025-03-25 11:06:35,602 [WARN] DbFile:41 - Overriding database path with different value: /home/moonflax/.stmcufinder/plugins/mcufinder/ => /home/moonflax/.stmcufinder/plugins/mcufinder
2025-03-25 11:06:35,602 [INFO] CrossReferenceDbSqlite:203 - Set database path to: /home/moonflax/.stmcufinder/plugins/mcufinder//mcu/cs/
2025-03-25 11:06:35,622 [INFO] ApplicationProperties:184 - Using Application install path: /opt/stm32cubeide/plugins/com.st.stm32cube.common.mx_6.14.0.202502271554
2025-03-25 11:06:35,624 [INFO] PluginManage:196 - Search for loadable plugins [exclusion list=, ]
2025-03-25 11:06:35,625 [INFO] PluginManage:310 - Check plugin analytics
2025-03-25 11:06:35,831 [INFO] AnalyticsPlugin:253 - Accepted Software Licenses: 
2025-03-25 11:06:35,831 [INFO] AnalyticsPlugin:255 - Accepted CMSIS Pack Licenses: 
2025-03-25 11:06:35,832 [INFO] AnalyticsPlugin:257 - Accepted Firmware Licenses: FW.L4.1.18.0
2025-03-25 11:06:35,835 [INFO] PluginManage:359 - Loaded plugin analytics (category:tool,tabindex:-1)
2025-03-25 11:06:35,836 [INFO] PluginManage:310 - Check plugin cadmodel
2025-03-25 11:06:35,837 [ERROR] ConfigurationRetriever:142 - IOException on connection: sw-center.st.com
2025-03-25 11:06:35,839 [ERROR] ConfigurationRetriever:142 - IOException on connection: sw-center.st.com
2025-03-25 11:06:35,840 [ERROR] ConfigurationRetriever:142 - IOException on connection: sw-center.st.com
2025-03-25 11:06:35,845 [INFO] CADModel:105 - Init CAD model plugin
2025-03-25 11:06:35,845 [INFO] PluginManage:359 - Loaded plugin cadmodel (category:power,tabindex:5)
2025-03-25 11:06:35,846 [INFO] PluginManage:310 - Check plugin clock
2025-03-25 11:06:35,858 [INFO] PluginManage:359 - Loaded plugin clock (category:base,tabindex:2)
2025-03-25 11:06:35,859 [INFO] PluginManage:310 - Check plugin ddr
2025-03-25 11:06:35,863 [INFO] PluginManage:359 - Loaded plugin ddr (category:tool,tabindex:6)
2025-03-25 11:06:35,864 [INFO] PluginManage:310 - Check plugin filemanager
2025-03-25 11:06:36,171 [INFO] PluginManage:359 - Loaded plugin filemanager (category:base,tabindex:10)
2025-03-25 11:06:36,172 [INFO] PluginManage:310 - Check plugin ipmanager
2025-03-25 11:06:36,188 [INFO] PluginManage:359 - Loaded plugin ipmanager (category:base,tabindex:5)
2025-03-25 11:06:36,189 [INFO] PluginManage:310 - Check plugin lpbam
2025-03-25 11:06:36,220 [INFO] PluginManage:359 - Loaded plugin lpbam (category:base,tabindex:0)
2025-03-25 11:06:36,221 [INFO] PluginManage:310 - Check plugin memorymap
2025-03-25 11:06:36,260 [INFO] PluginManage:359 - Loaded plugin memorymap (category:base,tabindex:4)
2025-03-25 11:06:36,262 [INFO] PluginManage:310 - Check plugin pinoutandconfiguration
2025-03-25 11:06:36,285 [INFO] PluginManage:359 - Loaded plugin pinoutandconfiguration (category:base,tabindex:1)
2025-03-25 11:06:36,286 [INFO] PluginManage:310 - Check plugin pinoutconfig
2025-03-25 11:06:36,497 [WARN] SupportedApi:132 - Cannot load RTOS API schema: s4s-elt-must-match.1: The content of 'definitions' must match (annotation?, (simpleType | complexType)?, (unique | key | keyref)*)). A problem was found starting at: attribute.
2025-03-25 11:06:36,838 [INFO] PluginManage:359 - Loaded plugin pinoutconfig (category:base,tabindex:0)
2025-03-25 11:06:36,839 [INFO] PluginManage:310 - Check plugin power
2025-03-25 11:06:36,865 [INFO] PluginManage:359 - Loaded plugin power (category:power,tabindex:4)
2025-03-25 11:06:36,865 [INFO] PluginManage:310 - Check plugin projectmanager
2025-03-25 11:06:36,907 [INFO] PluginManage:359 - Loaded plugin projectmanager (category:projectmanager,tabindex:4)
2025-03-25 11:06:36,907 [INFO] PluginManage:310 - Check plugin rif
2025-03-25 11:06:36,925 [INFO] PluginManage:359 - Loaded plugin rif (category:base,tabindex:3)
2025-03-25 11:06:36,925 [INFO] PluginManage:310 - Check plugin thirdparty
2025-03-25 11:06:37,180 [WARN] IntegrityCheckThread:84 - waiting for thirdparty lock release [integrity check]
2025-03-25 11:06:37,181 [INFO] PluginManage:359 - Loaded plugin thirdparty (category:base,tabindex:-1)
2025-03-25 11:06:37,182 [INFO] IntegrityCheckThread:86 - entering critical section [integrity check]
2025-03-25 11:06:37,182 [INFO] PluginManage:310 - Check plugin tools
2025-03-25 11:06:37,182 [INFO] ThirdPartyUpdaterWithRetryManager:70 - Updater plugin not ready yet. [1/15]
2025-03-25 11:06:37,186 [INFO] PluginManage:359 - Loaded plugin tools (category:base,tabindex:7)
2025-03-25 11:06:37,187 [INFO] PluginManage:310 - Check plugin tutovideos
2025-03-25 11:06:37,447 [INFO] PluginManage:359 - Loaded plugin tutovideos (category:base,tabindex:-1)
2025-03-25 11:06:37,448 [INFO] PluginManage:310 - Check plugin updater
2025-03-25 11:06:37,481 [INFO] PluginManage:359 - Loaded plugin updater (category:base,tabindex:12)
2025-03-25 11:06:37,481 [INFO] PluginManage:310 - Check plugin userauth
2025-03-25 11:06:37,490 [INFO] UserAuth:118 - Init User Auth plugin
2025-03-25 11:06:37,491 [INFO] PluginManage:359 - Loaded plugin userauth (category:base,tabindex:14)
2025-03-25 11:06:37,491 [INFO] PluginManage:283 - PluginManage : Loaded plugins [18]
2025-03-25 11:06:37,800 [INFO] PinOutPanel:1589 - setPackage(No Configuration,No Configuration)
2025-03-25 11:06:37,968 [INFO] CADModel:165 - CPN selected for project level
2025-03-25 11:06:37,970 [INFO] CADModel:114 - Register for checkConnection events
2025-03-25 11:06:38,040 [INFO] IPUIPlugin:80 - create IPUIPlugin
2025-03-25 11:06:38,041 [INFO] PluginManager:220 - loadIPPluginJar : add usbx
2025-03-25 11:06:38,053 [INFO] IPUIPlugin:80 - create IPUIPlugin
2025-03-25 11:06:38,054 [INFO] PluginManager:220 - loadIPPluginJar : add spi
2025-03-25 11:06:38,061 [INFO] IPUIPlugin:80 - create IPUIPlugin
2025-03-25 11:06:38,064 [INFO] PluginManager:220 - loadIPPluginJar : add radio
2025-03-25 11:06:38,073 [INFO] IPUIPlugin:80 - create IPUIPlugin
2025-03-25 11:06:38,074 [INFO] PluginManager:220 - loadIPPluginJar : add pdm2pcm
2025-03-25 11:06:38,089 [INFO] IPUIPlugin:80 - create IPUIPlugin
2025-03-25 11:06:38,090 [INFO] PluginManager:220 - loadIPPluginJar : add ipddr
2025-03-25 11:06:38,103 [INFO] IPUIPlugin:80 - create IPUIPlugin
2025-03-25 11:06:38,104 [INFO] PluginManager:220 - loadIPPluginJar : add i3c
2025-03-25 11:06:38,129 [INFO] IPUIPlugin:80 - create IPUIPlugin
2025-03-25 11:06:38,136 [INFO] PluginManager:220 - loadIPPluginJar : add plateformsettings
2025-03-25 11:06:38,146 [INFO] IPUIPlugin:80 - create IPUIPlugin
2025-03-25 11:06:38,147 [INFO] PluginManager:220 - loadIPPluginJar : add sai
2025-03-25 11:06:38,167 [INFO] IPUIPlugin:80 - create IPUIPlugin
2025-03-25 11:06:38,167 [INFO] PluginManager:220 - loadIPPluginJar : add adc
2025-03-25 11:06:38,179 [INFO] IPUIPlugin:80 - create IPUIPlugin
2025-03-25 11:06:38,179 [INFO] PluginManager:220 - loadIPPluginJar : add fmc
2025-03-25 11:06:38,184 [INFO] IPUIPlugin:80 - create IPUIPlugin
2025-03-25 11:06:38,184 [INFO] PluginManager:220 - loadIPPluginJar : add tsc
2025-03-25 11:06:38,191 [INFO] IPUIPlugin:80 - create IPUIPlugin
2025-03-25 11:06:38,191 [INFO] PluginManager:220 - loadIPPluginJar : add touchsensing
2025-03-25 11:06:38,204 [INFO] IPUIPlugin:80 - create IPUIPlugin
2025-03-25 11:06:38,205 [INFO] PluginManager:220 - loadIPPluginJar : add linkedlist
2025-03-25 11:06:38,212 [INFO] IPUIPlugin:80 - create IPUIPlugin
2025-03-25 11:06:38,212 [INFO] PluginManager:220 - loadIPPluginJar : add lorawan
2025-03-25 11:06:38,216 [INFO] IPUIPlugin:80 - create IPUIPlugin
2025-03-25 11:06:38,216 [INFO] PluginManager:220 - loadIPPluginJar : add tim
2025-03-25 11:06:38,222 [INFO] IPUIPlugin:80 - create IPUIPlugin
2025-03-25 11:06:38,222 [INFO] PluginManager:220 - loadIPPluginJar : add cryp
2025-03-25 11:06:38,230 [INFO] IPUIPlugin:80 - create IPUIPlugin
2025-03-25 11:06:38,231 [INFO] PluginManager:220 - loadIPPluginJar : add ddr_ctrl_phy
2025-03-25 11:06:38,247 [INFO] IPUIPlugin:80 - create IPUIPlugin
2025-03-25 11:06:38,251 [INFO] PluginManager:220 - loadIPPluginJar : add gpio
2025-03-25 11:06:38,260 [INFO] IPUIPlugin:80 - create IPUIPlugin
2025-03-25 11:06:38,260 [INFO] PluginManager:220 - loadIPPluginJar : add extmemmanager
2025-03-25 11:06:38,266 [INFO] IPUIPlugin:80 - create IPUIPlugin
2025-03-25 11:06:38,267 [INFO] PluginManager:220 - loadIPPluginJar : add aes
2025-03-25 11:06:38,273 [INFO] IPUIPlugin:80 - create IPUIPlugin
2025-03-25 11:06:38,274 [INFO] PluginManager:220 - loadIPPluginJar : add ucpd
2025-03-25 11:06:38,292 [INFO] IPUIPlugin:80 - create IPUIPlugin
2025-03-25 11:06:38,292 [INFO] PluginManager:220 - loadIPPluginJar : add resmgrutility
2025-03-25 11:06:38,305 [INFO] IPUIPlugin:80 - create IPUIPlugin
2025-03-25 11:06:38,306 [INFO] PluginManager:220 - loadIPPluginJar : add usart
2025-03-25 11:06:38,316 [INFO] IPUIPlugin:80 - create IPUIPlugin
2025-03-25 11:06:38,317 [INFO] PluginManager:220 - loadIPPluginJar : add dfsdm
2025-03-25 11:06:38,324 [INFO] IPUIPlugin:80 - create IPUIPlugin
2025-03-25 11:06:38,325 [INFO] PluginManager:220 - loadIPPluginJar : add tracer_emb
2025-03-25 11:06:38,339 [INFO] IPUIPlugin:80 - create IPUIPlugin
2025-03-25 11:06:38,340 [INFO] PluginManager:220 - loadIPPluginJar : add nvic
2025-03-25 11:06:38,345 [INFO] IPUIPlugin:80 - create IPUIPlugin
2025-03-25 11:06:38,346 [INFO] PluginManager:220 - loadIPPluginJar : add quadspi
2025-03-25 11:06:38,365 [INFO] IPUIPlugin:80 - create IPUIPlugin
2025-03-25 11:06:38,366 [INFO] PluginManager:220 - loadIPPluginJar : add dma
2025-03-25 11:06:38,376 [INFO] IPUIPlugin:80 - create IPUIPlugin
2025-03-25 11:06:38,376 [INFO] PluginManager:220 - loadIPPluginJar : add opamp
2025-03-25 11:06:38,384 [INFO] IPUIPlugin:80 - create IPUIPlugin
2025-03-25 11:06:38,385 [INFO] PluginManager:220 - loadIPPluginJar : add hash
2025-03-25 11:06:38,401 [INFO] IPUIPlugin:80 - create IPUIPlugin
2025-03-25 11:06:38,401 [INFO] PluginManager:220 - loadIPPluginJar : add mdma
2025-03-25 11:06:38,413 [INFO] IPUIPlugin:80 - create IPUIPlugin
2025-03-25 11:06:38,414 [INFO] PluginManager:220 - loadIPPluginJar : add stm32_wpan
2025-03-25 11:06:38,421 [INFO] IPUIPlugin:80 - create IPUIPlugin
2025-03-25 11:06:38,422 [INFO] PluginManager:220 - loadIPPluginJar : add can
2025-03-25 11:06:38,427 [INFO] IPUIPlugin:80 - create IPUIPlugin
2025-03-25 11:06:38,427 [INFO] PluginManager:220 - loadIPPluginJar : add i2s
2025-03-25 11:06:38,437 [INFO] IPUIPlugin:80 - create IPUIPlugin
2025-03-25 11:06:38,438 [INFO] PluginManager:220 - loadIPPluginJar : add gic
2025-03-25 11:06:38,441 [INFO] IPUIPlugin:80 - create IPUIPlugin
2025-03-25 11:06:38,442 [INFO] PluginManager:220 - loadIPPluginJar : add openamp
2025-03-25 11:06:38,447 [INFO] IPUIPlugin:80 - create IPUIPlugin
2025-03-25 11:06:38,448 [INFO] PluginManager:220 - loadIPPluginJar : add dma3
2025-03-25 11:06:38,449 [INFO] IPUIPlugin:80 - create IPUIPlugin
2025-03-25 11:06:38,450 [INFO] PluginManager:220 - loadIPPluginJar : add genericplugin
2025-03-25 11:06:38,452 [INFO] IPUIPlugin:80 - create IPUIPlugin
2025-03-25 11:06:38,452 [INFO] PluginManager:220 - loadIPPluginJar : add comp
2025-03-25 11:06:38,454 [INFO] IPUIPlugin:80 - create IPUIPlugin
2025-03-25 11:06:38,455 [INFO] PluginManager:220 - loadIPPluginJar : add ltdc
2025-03-25 11:06:38,466 [INFO] IPUIPlugin:80 - create IPUIPlugin
2025-03-25 11:06:38,466 [INFO] PluginManager:220 - loadIPPluginJar : add freertos
2025-03-25 11:06:38,470 [INFO] IPUIPlugin:80 - create IPUIPlugin
2025-03-25 11:06:38,470 [INFO] PluginManager:220 - loadIPPluginJar : add ts
2025-03-25 11:06:38,474 [INFO] IPUIPlugin:80 - create IPUIPlugin
2025-03-25 11:06:38,475 [INFO] PluginManager:220 - loadIPPluginJar : add i2c
2025-03-25 11:06:38,477 [INFO] IPUIPlugin:80 - create IPUIPlugin
2025-03-25 11:06:38,477 [INFO] PluginManager:220 - loadIPPluginJar : add gfxmmu
2025-03-25 11:06:38,481 [INFO] IPUIPlugin:80 - create IPUIPlugin
2025-03-25 11:06:38,482 [INFO] PluginManager:220 - loadIPPluginJar : add gtzc
2025-03-25 11:06:38,484 [INFO] IPUIPlugin:80 - create IPUIPlugin
2025-03-25 11:06:38,484 [INFO] PluginManager:220 - loadIPPluginJar : add fatfs
2025-03-25 11:06:38,599 [FATAL] Updater:351 - Updater called before beeing initialized
2025-03-25 11:06:38,633 [INFO] RulesReader:64 - Compatibility file has been processed (301 Rules)
2025-03-25 11:06:38,649 [INFO] RulesReader:64 - Compatibility file has been processed (301 Rules)
2025-03-25 11:06:38,668 [INFO] CADModel:165 - CPN selected for project level
2025-03-25 11:06:38,669 [INFO] CADModel:114 - Register for checkConnection events
2025-03-25 11:06:38,669 [FATAL] Updater:351 - Updater called before beeing initialized
2025-03-25 11:06:38,669 [ERROR] CADModel:125 - Updater not yet initialized, retry later 
2025-03-25 11:06:38,859 [FATAL] Updater:351 - Updater called before beeing initialized
2025-03-25 11:06:38,862 [INFO] CADModel:165 - CPN selected for project level
2025-03-25 11:06:38,863 [INFO] CADModel:114 - Register for checkConnection events
2025-03-25 11:06:38,863 [FATAL] Updater:351 - Updater called before beeing initialized
2025-03-25 11:06:38,863 [ERROR] CADModel:125 - Updater not yet initialized, retry later 
2025-03-25 11:06:38,868 [FATAL] Updater:351 - Updater called before beeing initialized
2025-03-25 11:06:39,008 [FATAL] Updater:351 - Updater called before beeing initialized
2025-03-25 11:06:39,014 [INFO] DbMcusAds:53 - JSON generation date=Thu Mar 06 11:54:21 CLST 2025 (1741272861825)
2025-03-25 11:06:39,015 [FATAL] Updater:351 - Updater called before beeing initialized
2025-03-25 11:06:39,052 [WARN] DetailPanel:346 - Failed to get advertising image, set to default
2025-03-25 11:06:39,324 [FATAL] Updater:351 - Updater called before beeing initialized
2025-03-25 11:06:39,327 [FATAL] Updater:351 - Updater called before beeing initialized
2025-03-25 11:06:39,328 [FATAL] Updater:351 - Updater called before beeing initialized
2025-03-25 11:06:39,328 [WARN] DetailPanel:346 - Failed to get advertising image, set to default
2025-03-25 11:06:39,331 [FATAL] Updater:351 - Updater called before beeing initialized
2025-03-25 11:06:39,405 [ERROR] Updater:1198 - MainUpdater not yet initialized. External WinMGr cannot be set.
2025-03-25 11:06:39,411 [INFO] Updater:1134 - Updater Version found : 6.14.0
2025-03-25 11:06:39,445 [INFO] ApplicationProperties:184 - Using Application install path: /opt/stm32cubeide/plugins/com.st.stm32cube.common.mx_6.14.0.202502271554
2025-03-25 11:06:39,802 [INFO] MainUpdater:2872 - connection check result : 22
2025-03-25 11:06:39,804 [INFO] MainUpdater:289 - Updater Check For Update Now.
2025-03-25 11:06:39,805 [INFO] MicroXplorer:498 - Change Database Version : DB.6.0.140
2025-03-25 11:06:39,822 [INFO] McuFinderGlobals:63 - Set McuFinder mode to 2 (CubeIDE integrated)
2025-03-25 11:06:39,825 [INFO] UserAuth:486 - Internet connection configuration mode: 2
2025-03-25 11:06:39,852 [INFO] UserAuth:486 - Internet connection configuration mode: 2
2025-03-25 11:06:40,040 [INFO] CheckServerUpdateThread:120 - End of CheckServer Thread
2025-03-25 11:06:40,366 [WARN] PackLoader:240 - Cannot read IP mode file for STMicroelectronics.FP-SNS-MOTENVWB1.1.4.0
2025-03-25 11:06:40,379 [WARN] PackLoader:240 - Cannot read IP mode file for STMicroelectronics.FP-ATR-ASTRA1.2.0.2
2025-03-25 11:06:40,392 [WARN] PackLoader:240 - Cannot read IP mode file for STMicroelectronics.X-CUBE-SMBUS.2.1.0
2025-03-25 11:06:40,402 [WARN] PackLoader:240 - Cannot read IP mode file for STMicroelectronics.X-CUBE-WB05N.1.1.0
2025-03-25 11:06:40,452 [WARN] PackLoader:240 - Cannot read IP mode file for STMicroelectronics.X-CUBE-AZRTOS-F7.1.1.0
2025-03-25 11:06:40,525 [WARN] PackLoader:240 - Cannot read IP mode file for Infineon.AIROC-Wi-Fi-Bluetooth-STM32.1.7.0
2025-03-25 11:06:40,555 [WARN] PackLoader:240 - Cannot read IP mode file for STMicroelectronics.X-CUBE-DISPLAY.3.0.0
2025-03-25 11:06:40,577 [WARN] PackLoader:240 - Cannot read IP mode file for STMicroelectronics.X-CUBE-NFC10.1.0.0
2025-03-25 11:06:40,597 [WARN] PackLoader:240 - Cannot read IP mode file for STMicroelectronics.X-CUBE-BLEMGR.4.0.0
2025-03-25 11:06:40,612 [WARN] PackLoader:240 - Cannot read IP mode file for emotas.I-CUBE-CANOPEN.1.3.0
2025-03-25 11:06:40,618 [WARN] ConditionMgr:438 - getConditionDescription Invalid condition id : Cortex-A Device cause : null
2025-03-25 11:06:40,648 [WARN] ConditionMgr:1044 - genDependencies : Invalid condition id : Cortex-A Device cause : null
2025-03-25 11:06:40,649 [WARN] ConditionMgr:1044 - genDependencies : Invalid condition id : Cortex-A Device cause : null
2025-03-25 11:06:40,649 [WARN] ConditionMgr:1044 - genDependencies : Invalid condition id : Cortex-A Device cause : null
2025-03-25 11:06:40,656 [WARN] PackLoader:240 - Cannot read IP mode file for STMicroelectronics.X-CUBE-AI.10.0.0
2025-03-25 11:06:40,667 [WARN] PackLoader:240 - Cannot read IP mode file for STMicroelectronics.FP-SNS-SMARTAG2.1.2.0
2025-03-25 11:06:40,678 [WARN] PackLoader:240 - Cannot read IP mode file for STMicroelectronics.FP-SNS-FLIGHT1.5.1.0
2025-03-25 11:06:40,742 [WARN] PackLoader:240 - Cannot read IP mode file for STMicroelectronics.X-CUBE-MEMS1.11.1.0
2025-03-25 11:06:40,941 [INFO] LogOutputStream:77 - [STDOUT_REDIRECT] 1 : Invalid condition id : UX_CORESTACK_Condition cause : null
2025-03-25 11:06:40,945 [INFO] LogOutputStream:77 - [STDOUT_REDIRECT] 1 : Invalid condition id : UX_CORESTACK_Condition cause : null
2025-03-25 11:06:40,949 [INFO] LogOutputStream:77 - [STDOUT_REDIRECT] 1 : Invalid condition id : UX_CORESTACK_Condition cause : null
2025-03-25 11:06:40,952 [INFO] LogOutputStream:77 - [STDOUT_REDIRECT] 1 : Invalid condition id : UX_CORESTACK_Condition cause : null
2025-03-25 11:06:40,954 [INFO] LogOutputStream:77 - [STDOUT_REDIRECT] 1 : Invalid condition id : UX_CORESTACK_Condition cause : null
2025-03-25 11:06:40,959 [WARN] PackLoader:240 - Cannot read IP mode file for STMicroelectronics.X-CUBE-AZRTOS-WL.2.0.0
2025-03-25 11:06:40,973 [WARN] PackLoader:240 - Cannot read IP mode file for STMicroelectronics.FP-SNS-MOTENV1.5.0.0
2025-03-25 11:06:40,999 [WARN] PackLoader:240 - Cannot read IP mode file for WES.I-CUBE-Cesium.1.3.0
2025-03-25 11:06:41,016 [WARN] PackLoader:240 - Cannot read IP mode file for STMicroelectronics.X-CUBE-BLE2.3.3.0
2025-03-25 11:06:41,036 [WARN] PackLoader:240 - Cannot read IP mode file for STMicroelectronics.X-CUBE-NFC9.1.0.0
2025-03-25 11:06:41,132 [WARN] PackLoader:240 - Cannot read IP mode file for STMicroelectronics.X-CUBE-BLE1.7.1.0
2025-03-25 11:06:41,147 [WARN] PackLoader:240 - Cannot read IP mode file for wolfSSL.I-CUBE-wolfMQTT.1.19.2
2025-03-25 11:06:41,191 [WARN] PackLoader:240 - Cannot read IP mode file for STMicroelectronics.X-CUBE-AZRTOS-G0.1.1.0
2025-03-25 11:06:41,213 [WARN] PackLoader:240 - Cannot read IP mode file for STMicroelectronics.X-CUBE-SAFEA1.1.2.2
2025-03-25 11:06:41,230 [WARN] PackLoader:240 - Cannot read IP mode file for STMicroelectronics.X-CUBE-NFC4.3.0.0
2025-03-25 11:06:41,250 [WARN] PackLoader:240 - Cannot read IP mode file for EmbeddedOffice.I-CUBE-FS-RTOS.1.0.1
2025-03-25 11:06:41,264 [WARN] PackLoader:240 - Cannot read IP mode file for wolfSSL.I-CUBE-wolfTPM.3.8.0
2025-03-25 11:06:41,278 [WARN] PackLoader:240 - Cannot read IP mode file for STMicroelectronics.X-CUBE-TCPP.4.2.0
2025-03-25 11:06:41,290 [WARN] PackLoader:240 - Cannot read IP mode file for RealThread.X-CUBE-RT-Thread_Nano.4.1.1
2025-03-25 11:06:41,302 [WARN] PackLoader:240 - Cannot read IP mode file for STMicroelectronics.FP-ATR-SIGFOX1.3.2.0
2025-03-25 11:06:41,314 [WARN] PackLoader:240 - Cannot read IP mode file for STMicroelectronics.X-CUBE-EEPRMA1.5.1.0
2025-03-25 11:06:41,325 [WARN] PackLoader:240 - Cannot read IP mode file for wolfSSL.I-CUBE-wolfSSL.5.7.6
2025-03-25 11:06:41,338 [WARN] PackLoader:240 - Cannot read IP mode file for ITTIA_DB.I-CUBE-ITTIADB.8.9.0
2025-03-25 11:06:41,422 [WARN] PackLoader:240 - Cannot read IP mode file for SEGGER.I-CUBE-embOS.1.3.1
2025-03-25 11:06:41,493 [WARN] PackLoader:240 - Cannot read IP mode file for STMicroelectronics.X-CUBE-ALGOBUILD.1.4.0
2025-03-25 11:06:41,526 [WARN] PackLoader:240 - Cannot read IP mode file for STMicroelectronics.X-CUBE-AZRTOS-F4.1.1.0
2025-03-25 11:06:41,537 [WARN] PackLoader:240 - Cannot read IP mode file for STMicroelectronics.X-CUBE-ISPU.2.1.0
2025-03-25 11:06:41,568 [WARN] PackLoader:240 - Cannot read IP mode file for STMicroelectronics.X-CUBE-AZRTOS-L5.2.0.0
2025-03-25 11:06:41,586 [WARN] PackLoader:240 - Cannot read IP mode file for STMicroelectronics.X-CUBE-NFC6.3.1.0
2025-03-25 11:06:41,600 [WARN] PackLoader:240 - Cannot read IP mode file for STMicroelectronics.X-CUBE-DPower.1.2.0
2025-03-25 11:06:41,612 [WARN] PackLoader:240 - Cannot read IP mode file for STMicroelectronics.X-CUBE-FREERTOS.1.3.0
2025-03-25 11:06:41,623 [WARN] PackLoader:240 - Cannot read IP mode file for STMicroelectronics.X-CUBE-NFC7.1.0.1
2025-03-25 11:06:41,647 [WARN] ConditionMgr:438 - getConditionDescription Invalid condition id : LAN8742 Phy interface Condition cause : null
2025-03-25 11:06:41,649 [WARN] PackLoader:240 - Cannot read IP mode file for STMicroelectronics.X-CUBE-AZRTOS-L4.2.0.0
2025-03-25 11:06:41,652 [WARN] ConditionMgr:1044 - genDependencies : Invalid condition id : LAN8742 Phy interface Condition cause : null
2025-03-25 11:06:41,653 [WARN] ConditionMgr:1044 - genDependencies : Invalid condition id : LAN8742 Phy interface Condition cause : null
2025-03-25 11:06:41,653 [WARN] ConditionMgr:1044 - genDependencies : Invalid condition id : LAN8742 Phy interface Condition cause : null
2025-03-25 11:06:41,666 [WARN] PackLoader:240 - Cannot read IP mode file for STMicroelectronics.X-CUBE-SFXS2LP1.4.0.0
2025-03-25 11:06:41,698 [WARN] PackLoader:240 - Cannot read IP mode file for STMicroelectronics.X-CUBE-AZRTOS-H7.3.3.0
2025-03-25 11:06:41,721 [WARN] ConditionMgr:438 - getConditionDescription Invalid condition id : UX DEVICE CLASS RTOS Condition cause : null
2025-03-25 11:06:41,722 [WARN] ConditionMgr:438 - getConditionDescription Invalid condition id : UX DEVICE CLASS RTOS Condition cause : null
2025-03-25 11:06:41,725 [WARN] PackLoader:240 - Cannot read IP mode file for STMicroelectronics.X-CUBE-AZRTOS-WB.2.0.0
2025-03-25 11:06:41,727 [WARN] ConditionMgr:1044 - genDependencies : Invalid condition id : UX DEVICE CLASS RTOS Condition cause : null
2025-03-25 11:06:41,728 [WARN] ConditionMgr:1044 - genDependencies : Invalid condition id : UX DEVICE CLASS RTOS Condition cause : null
2025-03-25 11:06:41,729 [WARN] ConditionMgr:1044 - genDependencies : Invalid condition id : UX DEVICE CLASS RTOS Condition cause : null
2025-03-25 11:06:41,729 [WARN] ConditionMgr:1044 - genDependencies : Invalid condition id : UX DEVICE CLASS RTOS Condition cause : null
2025-03-25 11:06:41,729 [WARN] ConditionMgr:1044 - genDependencies : Invalid condition id : UX DEVICE CLASS RTOS Condition cause : null
2025-03-25 11:06:41,742 [WARN] PackLoader:240 - Cannot read IP mode file for STMicroelectronics.X-CUBE-GNSS1.7.0.1
2025-03-25 11:06:41,757 [WARN] PackLoader:240 - Cannot read IP mode file for STMicroelectronics.X-CUBE-TOUCHGFX.4.25.0
2025-03-25 11:06:41,768 [WARN] PackLoader:240 - Cannot read IP mode file for STMicroelectronics.FP-SNS-STBOX1.2.0.0
2025-03-25 11:06:41,788 [WARN] PackLoader:240 - Cannot read IP mode file for STMicroelectronics.X-CUBE-SUBG2.5.0.0
2025-03-25 11:06:41,819 [WARN] PackLoader:240 - Cannot read IP mode file for STMicroelectronics.X-CUBE-AZRTOS-H7RS.1.1.0
2025-03-25 11:06:41,831 [WARN] PackLoader:240 - Cannot read IP mode file for Cesanta.I-CUBE-Mongoose.7.13.0
2025-03-25 11:06:41,852 [WARN] PackLoader:240 - Cannot read IP mode file for STMicroelectronics.X-CUBE-AZRTOS-G4.2.0.0
2025-03-25 11:06:41,864 [WARN] PackLoader:240 - Cannot read IP mode file for wolfSSL.I-CUBE-wolfSSH.1.4.20
2025-03-25 11:06:41,898 [WARN] PackLoader:240 - Cannot read IP mode file for STMicroelectronics.X-CUBE-IPS.3.1.0
2025-03-25 11:06:41,917 [WARN] PackLoader:240 - Cannot read IP mode file for STMicroelectronics.X-CUBE-ALS.1.0.2
2025-03-25 11:06:41,931 [WARN] PackLoader:240 - Cannot read IP mode file for portGmbH.I-Cube-SoM-uGOAL.1.1.0
2025-03-25 11:06:41,947 [WARN] PackLoader:240 - Cannot read IP mode file for STMicroelectronics.X-CUBE-TOF1.3.4.2
2025-03-25 11:06:41,964 [INFO] ThirdParty:978 - Integrity check success = true
2025-03-25 11:06:41,965 [INFO] IntegrityCheckThread:100 - exiting critical section [integrity check]
2025-03-25 11:06:41,965 [INFO] IntegrityCheckThread:103 - End integrity checks thread
